Epoch 1/600: 100%|¨€¨€¨€¨€¨€¨€¨€¨€¨€¨€¨€¨€¨€¨€¨€¨€¨€¨€¨€¨€¨€¨€¨€¨€¨€¨€¨€¨€¨€¨€¨€¨€¨€¨€¨€¨€¨€¨€¨€¨€¨€¨€¨€¨€¨€¨€¨€¨€¨€¨€¨€| 133/133 [00:21<00:00,  6.14it/s, beta=8.33e-7, cen=3.69e+3, cls=5.01, kl=1.6, loss=3.72, perc=0.00296, recon=0.0186]
Epoch 2/600: 100%|¨€¨€¨€¨€¨€¨€¨€¨€¨€¨€¨€¨€¨€¨€¨€¨€¨€¨€¨€¨€¨€¨€¨€¨€¨€¨€¨€¨€¨€¨€¨€¨€¨€¨€¨€¨€¨€¨€¨€¨€¨€¨€¨€¨€¨€¨€¨€¨€¨€¨€| 133/133 [00:16<00:00,  8.14it/s, beta=1.67e-6, cen=3.16e+3, cls=4.89, kl=2.22, loss=3.18, perc=0.00191, recon=0.0111]
Epoch 3/600: 100%|¨€¨€¨€¨€¨€¨€¨€¨€¨€¨€¨€¨€¨€¨€¨€¨€¨€¨€¨€¨€¨€¨€¨€¨€¨€¨€¨€¨€¨€¨€¨€¨€¨€¨€¨€¨€¨€¨€¨€¨€¨€¨€¨€¨€¨€¨€¨€¨€¨€¨€¨€¨€| 133/133 [00:16<00:00,  8.05it/s, beta=2.5e-6, cen=2.71e+3, cls=4.8, kl=2.63, loss=2.73, perc=0.00172, recon=0.0107]
Epoch 4/600: 100%|¨€¨€¨€¨€¨€¨€¨€¨€¨€¨€¨€¨€¨€¨€¨€¨€¨€¨€¨€¨€¨€¨€¨€¨€¨€¨€¨€¨€¨€¨€¨€¨€¨€¨€¨€¨€¨€¨€¨€¨€¨€¨€¨€¨€¨€¨€¨€¨€¨€| 133/133 [00:16<00:00,  8.05it/s, beta=3.33e-6, cen=2.35e+3, cls=4.79, kl=2.86, loss=2.37, perc=0.00167, recon=0.00899]
Epoch 5/600: 100%|¨€¨€¨€¨€¨€¨€¨€¨€¨€¨€¨€¨€¨€¨€¨€¨€¨€¨€¨€¨€¨€¨€¨€¨€¨€¨€¨€¨€¨€¨€¨€¨€¨€¨€¨€¨€¨€¨€¨€¨€¨€¨€¨€¨€¨€¨€¨€¨€¨€¨€¨€¨€| 133/133 [00:16<00:00,  8.08it/s, beta=4.17e-6, cen=2.05e+3, cls=4.8, kl=3.1, loss=2.07, perc=0.00164, recon=0.0127]
Epoch 6/600: 100%|¨€¨€¨€¨€¨€¨€¨€¨€¨€¨€¨€¨€¨€¨€¨€¨€¨€¨€¨€¨€¨€¨€¨€¨€¨€¨€¨€¨€¨€¨€¨€¨€¨€¨€¨€¨€¨€¨€¨€¨€¨€¨€¨€¨€¨€¨€¨€¨€¨€¨€¨€¨€¨€| 133/133 [00:16<00:00,  8.13it/s, beta=5e-6, cen=1.8e+3, cls=4.84, kl=3.31, loss=1.82, perc=0.00132, recon=0.00734]
Epoch 7/600: 100%|¨€¨€¨€¨€¨€¨€¨€¨€¨€¨€¨€¨€¨€¨€¨€¨€¨€¨€¨€¨€¨€¨€¨€¨€¨€¨€¨€¨€¨€¨€¨€¨€¨€¨€¨€¨€¨€¨€¨€¨€¨€¨€¨€¨€¨€¨€¨€¨€¨€| 133/133 [00:16<00:00,  8.15it/s, beta=5.83e-6, cen=1.51e+3, cls=4.64, kl=3.48, loss=1.53, perc=0.00141, recon=0.00726]
Epoch 8/600: 100%|¨€¨€¨€¨€¨€¨€¨€¨€¨€¨€¨€¨€¨€¨€¨€¨€¨€¨€¨€¨€¨€¨€¨€¨€¨€¨€¨€¨€¨€¨€¨€¨€¨€¨€¨€¨€¨€¨€¨€¨€¨€¨€¨€¨€¨€¨€¨€¨€¨€| 133/133 [00:16<00:00,  8.15it/s, beta=6.67e-6, cen=1.37e+3, cls=4.75, kl=3.61, loss=1.38, perc=0.00118, recon=0.00655]
Epoch 9/600: 100%|¨€¨€¨€¨€¨€¨€¨€¨€¨€¨€¨€¨€¨€¨€¨€¨€¨€¨€¨€¨€¨€¨€¨€¨€¨€¨€¨€¨€¨€¨€¨€¨€¨€¨€¨€¨€¨€¨€¨€¨€¨€¨€¨€¨€¨€¨€¨€¨€¨€¨€| 133/133 [00:16<00:00,  8.11it/s, beta=7.5e-6, cen=1.18e+3, cls=4.65, kl=3.65, loss=1.19, perc=0.00106, recon=0.00531]
Epoch 10/600: 100%|¨€¨€¨€¨€¨€¨€¨€¨€¨€¨€¨€¨€¨€¨€¨€¨€¨€¨€¨€¨€¨€¨€¨€¨€¨€¨€¨€¨€¨€¨€¨€¨€¨€¨€¨€¨€¨€¨€¨€¨€¨€¨€¨€¨€¨€¨€¨€¨€| 133/133 [00:16<00:00,  8.12it/s, beta=8.33e-6, cen=1.04e+3, cls=4.71, kl=3.81, loss=1.05, perc=0.00082, recon=0.00503]
Epoch 11/600: 100%|¨€¨€¨€¨€¨€¨€¨€¨€¨€¨€¨€¨€¨€¨€¨€¨€¨€¨€¨€¨€¨€¨€¨€¨€¨€¨€¨€¨€¨€¨€¨€¨€¨€¨€¨€¨€¨€¨€¨€¨€¨€¨€¨€¨€¨€¨€¨€¨€¨€¨€¨€| 133/133 [00:16<00:00,  8.04it/s, beta=9.17e-6, cen=907, cls=4.65, kl=3.94, loss=0.926, perc=0.00119, recon=0.00777]
Epoch 12/600: 100%|¨€¨€¨€¨€¨€¨€¨€¨€¨€¨€¨€¨€¨€¨€¨€¨€¨€¨€¨€¨€¨€¨€¨€¨€¨€¨€¨€¨€¨€¨€¨€¨€¨€¨€¨€¨€¨€¨€¨€¨€¨€¨€¨€¨€¨€¨€¨€¨€¨€¨€¨€¨€¨€¨€| 133/133 [00:16<00:00,  7.99it/s, beta=1e-5, cen=807, cls=4.7, kl=3.94, loss=0.821, perc=0.000776, recon=0.00425]
Epoch 13/600: 100%|¨€¨€¨€¨€¨€¨€¨€¨€¨€¨€¨€¨€¨€¨€¨€¨€¨€¨€¨€¨€¨€¨€¨€¨€¨€¨€¨€¨€¨€¨€¨€¨€¨€¨€¨€¨€¨€¨€¨€¨€¨€¨€¨€¨€¨€¨€¨€¨€¨€¨€| 133/133 [00:16<00:00,  8.14it/s, beta=1.08e-5, cen=674, cls=4.62, kl=3.98, loss=0.689, perc=0.000706, recon=0.00423]
Epoch 14/600: 100%|¨€¨€¨€¨€¨€¨€¨€¨€¨€¨€¨€¨€¨€¨€¨€¨€¨€¨€¨€¨€¨€¨€¨€¨€¨€¨€¨€¨€¨€¨€¨€¨€¨€¨€¨€¨€¨€¨€¨€¨€¨€¨€¨€¨€¨€¨€¨€¨€¨€¨€| 133/133 [00:16<00:00,  8.03it/s, beta=1.17e-5, cen=562, cls=4.42, kl=4.16, loss=0.576, perc=0.000823, recon=0.00445]
Epoch 15/600: 100%|¨€¨€¨€¨€¨€¨€¨€¨€¨€¨€¨€¨€¨€¨€¨€¨€¨€¨€¨€¨€¨€¨€¨€¨€¨€¨€¨€¨€¨€¨€¨€¨€¨€¨€¨€¨€¨€¨€¨€¨€¨€¨€¨€¨€¨€¨€¨€¨€¨€¨€¨€¨€| 133/133 [00:16<00:00,  8.07it/s, beta=1.25e-5, cen=481, cls=4.54, kl=4.18, loss=0.498, perc=0.00103, recon=0.0068]
Epoch 16/600: 100%|¨€¨€¨€¨€¨€¨€¨€¨€¨€¨€¨€¨€¨€¨€¨€¨€¨€¨€¨€¨€¨€¨€¨€¨€¨€¨€¨€¨€¨€¨€¨€¨€¨€¨€¨€¨€¨€¨€¨€¨€¨€¨€¨€¨€¨€¨€¨€¨€¨€¨€| 133/133 [00:16<00:00,  8.11it/s, beta=1.33e-5, cen=420, cls=4.48, kl=4.17, loss=0.433, perc=0.000734, recon=0.00386]
Epoch 17/600: 100%|¨€¨€¨€¨€¨€¨€¨€¨€¨€¨€¨€¨€¨€¨€¨€¨€¨€¨€¨€¨€¨€¨€¨€¨€¨€¨€¨€¨€¨€¨€¨€¨€¨€¨€¨€¨€¨€¨€¨€¨€¨€¨€¨€¨€¨€¨€¨€¨€¨€¨€| 133/133 [00:16<00:00,  8.09it/s, beta=1.42e-5, cen=373, cls=4.47, kl=4.29, loss=0.387, perc=0.000693, recon=0.00385]
Epoch 18/600: 100%|¨€¨€¨€¨€¨€¨€¨€¨€¨€¨€¨€¨€¨€¨€¨€¨€¨€¨€¨€¨€¨€¨€¨€¨€¨€¨€¨€¨€¨€¨€¨€¨€¨€¨€¨€¨€¨€¨€¨€¨€¨€¨€¨€¨€¨€¨€¨€¨€¨€¨€¨€| 133/133 [00:16<00:00,  8.06it/s, beta=1.5e-5, cen=336, cls=4.48, kl=4.29, loss=0.349, perc=0.000763, recon=0.00382]
Epoch 19/600: 100%|¨€¨€¨€¨€¨€¨€¨€¨€¨€¨€¨€¨€¨€¨€¨€¨€¨€¨€¨€¨€¨€¨€¨€¨€¨€¨€¨€¨€¨€¨€¨€¨€¨€¨€¨€¨€¨€¨€¨€¨€¨€¨€¨€¨€¨€¨€¨€¨€¨€¨€| 133/133 [00:16<00:00,  8.12it/s, beta=1.58e-5, cen=285, cls=4.38, kl=4.35, loss=0.298, perc=0.000702, recon=0.00362]
Epoch 20/600: 100%|¨€¨€¨€¨€¨€¨€¨€¨€¨€¨€¨€¨€¨€¨€¨€¨€¨€¨€¨€¨€¨€¨€¨€¨€¨€¨€¨€¨€¨€¨€¨€¨€¨€¨€¨€¨€¨€¨€¨€¨€¨€¨€¨€¨€¨€¨€¨€¨€¨€¨€| 133/133 [00:16<00:00,  8.05it/s, beta=1.67e-5, cen=225, cls=4.28, kl=4.38, loss=0.238, perc=0.000605, recon=0.00333]
Epoch 21/600: 100%|¨€¨€¨€¨€¨€¨€¨€¨€¨€¨€¨€¨€¨€¨€¨€¨€¨€¨€¨€¨€¨€¨€¨€¨€¨€¨€¨€¨€¨€¨€¨€¨€¨€¨€¨€¨€¨€¨€¨€¨€¨€¨€¨€¨€¨€¨€¨€¨€¨€¨€| 133/133 [00:16<00:00,  8.10it/s, beta=1.75e-5, cen=212, cls=4.33, kl=4.33, loss=0.224, perc=0.000547, recon=0.00298]
Epoch 22/600: 100%|¨€¨€¨€¨€¨€¨€¨€¨€¨€¨€¨€¨€¨€¨€¨€¨€¨€¨€¨€¨€¨€¨€¨€¨€¨€¨€¨€¨€¨€¨€¨€¨€¨€¨€¨€¨€¨€¨€¨€¨€¨€¨€¨€¨€¨€¨€¨€¨€¨€¨€| 133/133 [00:16<00:00,  8.08it/s, beta=1.83e-5, cen=179, cls=4.33, kl=4.44, loss=0.191, perc=0.000628, recon=0.00308]
Epoch 23/600: 100%|¨€¨€¨€¨€¨€¨€¨€¨€¨€¨€¨€¨€¨€¨€¨€¨€¨€¨€¨€¨€¨€¨€¨€¨€¨€¨€¨€¨€¨€¨€¨€¨€¨€¨€¨€¨€¨€¨€¨€¨€¨€¨€¨€¨€¨€¨€¨€¨€¨€¨€| 133/133 [00:16<00:00,  8.07it/s, beta=1.92e-5, cen=162, cls=4.12, kl=4.44, loss=0.175, perc=0.000794, recon=0.00428]
Epoch 24/600: 100%|¨€¨€¨€¨€¨€¨€¨€¨€¨€¨€¨€¨€¨€¨€¨€¨€¨€¨€¨€¨€¨€¨€¨€¨€¨€¨€¨€¨€¨€¨€¨€¨€¨€¨€¨€¨€¨€¨€¨€¨€¨€¨€¨€¨€¨€¨€¨€¨€¨€¨€¨€¨€¨€| 133/133 [00:16<00:00,  8.08it/s, beta=2e-5, cen=142, cls=4.12, kl=4.33, loss=0.154, perc=0.000649, recon=0.00327]
Epoch 25/600: 100%|¨€¨€¨€¨€¨€¨€¨€¨€¨€¨€¨€¨€¨€¨€¨€¨€¨€¨€¨€¨€¨€¨€¨€¨€¨€¨€¨€¨€¨€¨€¨€¨€¨€¨€¨€¨€¨€¨€¨€¨€¨€¨€¨€¨€¨€¨€¨€¨€¨€¨€¨€¨€| 133/133 [00:16<00:00,  8.07it/s, beta=2.08e-5, cen=106, cls=4.2, kl=4.42, loss=0.118, perc=0.00055, recon=0.00291]
Epoch 26/600: 100%|¨€¨€¨€¨€¨€¨€¨€¨€¨€¨€¨€¨€¨€¨€¨€¨€¨€¨€¨€¨€¨€¨€¨€¨€¨€¨€¨€¨€¨€¨€¨€¨€¨€¨€¨€¨€¨€¨€¨€¨€¨€¨€¨€¨€¨€¨€¨€¨€¨€¨€¨€| 133/133 [00:16<00:00,  8.14it/s, beta=2.17e-5, cen=92.1, cls=4.11, kl=4.47, loss=0.104, perc=0.000578, recon=0.003]
Epoch 27/600: 100%|¨€¨€¨€¨€¨€¨€¨€¨€¨€¨€¨€¨€¨€¨€¨€¨€¨€¨€¨€¨€¨€¨€¨€¨€¨€¨€¨€¨€¨€¨€¨€¨€¨€¨€¨€¨€¨€¨€¨€¨€¨€¨€¨€¨€¨€¨€¨€¨€| 133/133 [00:16<00:00,  8.07it/s, beta=2.25e-5, cen=74.2, cls=4.03, kl=4.47, loss=0.0859, perc=0.000596, recon=0.00301]
Epoch 28/600: 100%|¨€¨€¨€¨€¨€¨€¨€¨€¨€¨€¨€¨€¨€¨€¨€¨€¨€¨€¨€¨€¨€¨€¨€¨€¨€¨€¨€¨€¨€¨€¨€¨€¨€¨€¨€¨€¨€¨€¨€¨€¨€¨€¨€¨€¨€¨€¨€¨€| 133/133 [00:16<00:00,  8.13it/s, beta=2.33e-5, cen=70.7, cls=4.12, kl=4.48, loss=0.0824, perc=0.000565, recon=0.00284]
Epoch 29/600: 100%|¨€¨€¨€¨€¨€¨€¨€¨€¨€¨€¨€¨€¨€¨€¨€¨€¨€¨€¨€¨€¨€¨€¨€¨€¨€¨€¨€¨€¨€¨€¨€¨€¨€¨€¨€¨€¨€¨€¨€¨€¨€¨€¨€¨€¨€¨€¨€¨€¨€| 133/133 [00:16<00:00,  8.05it/s, beta=2.42e-5, cen=71.5, cls=4.27, kl=4.17, loss=0.0881, perc=0.00101, recon=0.00693]
Epoch 30/600: 100%|¨€¨€¨€¨€¨€¨€¨€¨€¨€¨€¨€¨€¨€¨€¨€¨€¨€¨€¨€¨€¨€¨€¨€¨€¨€¨€¨€¨€¨€¨€¨€¨€¨€¨€¨€¨€¨€¨€¨€¨€¨€¨€¨€¨€¨€¨€¨€¨€¨€¨€| 133/133 [00:16<00:00,  8.06it/s, beta=2.5e-5, cen=46.3, cls=3.82, kl=4.33, loss=0.0571, perc=0.000526, recon=0.0026]
Epoch 31/600: 100%|¨€¨€¨€¨€¨€¨€¨€¨€¨€¨€¨€¨€¨€¨€¨€¨€¨€¨€¨€¨€¨€¨€¨€¨€¨€¨€¨€¨€¨€¨€¨€¨€¨€¨€¨€¨€¨€¨€¨€¨€¨€¨€¨€¨€¨€¨€¨€¨€| 133/133 [00:16<00:00,  8.08it/s, beta=2.58e-5, cen=44.6, cls=4.06, kl=4.48, loss=0.0561, perc=0.000517, recon=0.00275]
Epoch 32/600: 100%|¨€¨€¨€¨€¨€¨€¨€¨€¨€¨€¨€¨€¨€¨€¨€¨€¨€¨€¨€¨€¨€¨€¨€¨€¨€¨€¨€¨€¨€¨€¨€¨€¨€¨€¨€¨€¨€¨€¨€¨€¨€¨€¨€¨€¨€¨€¨€¨€¨€¨€| 133/133 [00:16<00:00,  8.03it/s, beta=2.67e-5, cen=39, cls=3.95, kl=4.49, loss=0.0502, perc=0.000511, recon=0.00265]
Epoch 33/600: 100%|¨€¨€¨€¨€¨€¨€¨€¨€¨€¨€¨€¨€¨€¨€¨€¨€¨€¨€¨€¨€¨€¨€¨€¨€¨€¨€¨€¨€¨€¨€¨€¨€¨€¨€¨€¨€¨€¨€¨€¨€¨€¨€¨€¨€¨€¨€¨€¨€| 133/133 [00:16<00:00,  8.07it/s, beta=2.75e-5, cen=39.8, cls=3.67, kl=4.49, loss=0.0502, perc=0.000465, recon=0.00247]
Epoch 34/600: 100%|¨€¨€¨€¨€¨€¨€¨€¨€¨€¨€¨€¨€¨€¨€¨€¨€¨€¨€¨€¨€¨€¨€¨€¨€¨€¨€¨€¨€¨€¨€¨€¨€¨€¨€¨€¨€¨€¨€¨€¨€¨€¨€¨€¨€¨€¨€¨€¨€| 133/133 [00:16<00:00,  8.08it/s, beta=2.83e-5, cen=27.7, cls=3.57, kl=4.49, loss=0.0382, perc=0.000542, recon=0.00274]
Epoch 35/600: 100%|¨€¨€¨€¨€¨€¨€¨€¨€¨€¨€¨€¨€¨€¨€¨€¨€¨€¨€¨€¨€¨€¨€¨€¨€¨€¨€¨€¨€¨€¨€¨€¨€¨€¨€¨€¨€¨€¨€¨€¨€¨€¨€¨€¨€¨€¨€¨€¨€¨€| 133/133 [00:16<00:00,  8.11it/s, beta=2.92e-5, cen=21.8, cls=3.58, kl=4.5, loss=0.0318, perc=0.000472, recon=0.00228]
Epoch 36/600: 100%|¨€¨€¨€¨€¨€¨€¨€¨€¨€¨€¨€¨€¨€¨€¨€¨€¨€¨€¨€¨€¨€¨€¨€¨€¨€¨€¨€¨€¨€¨€¨€¨€¨€¨€¨€¨€¨€¨€¨€¨€¨€¨€¨€¨€¨€¨€¨€¨€¨€¨€¨€¨€| 133/133 [00:16<00:00,  8.06it/s, beta=3e-5, cen=20.4, cls=3.53, kl=4.49, loss=0.0304, perc=0.000462, recon=0.0023]
Epoch 37/600: 100%|¨€¨€¨€¨€¨€¨€¨€¨€¨€¨€¨€¨€¨€¨€¨€¨€¨€¨€¨€¨€¨€¨€¨€¨€¨€¨€¨€¨€¨€¨€¨€¨€¨€¨€¨€¨€¨€¨€¨€¨€¨€¨€¨€¨€¨€¨€¨€¨€¨€| 133/133 [00:16<00:00,  8.07it/s, beta=3.08e-5, cen=22.8, cls=3.61, kl=4.5, loss=0.0326, perc=0.000387, recon=0.00206]
Epoch 38/600: 100%|¨€¨€¨€¨€¨€¨€¨€¨€¨€¨€¨€¨€¨€¨€¨€¨€¨€¨€¨€¨€¨€¨€¨€¨€¨€¨€¨€¨€¨€¨€¨€¨€¨€¨€¨€¨€¨€¨€¨€¨€¨€¨€¨€¨€¨€¨€¨€¨€¨€¨€¨€¨€| 133/133 [00:16<00:00,  8.12it/s, beta=3.17e-5, cen=43, cls=5.26, kl=4.12, loss=0.0664, perc=0.00154, recon=0.0112]
Epoch 39/600: 100%|¨€¨€¨€¨€¨€¨€¨€¨€¨€¨€¨€¨€¨€¨€¨€¨€¨€¨€¨€¨€¨€¨€¨€¨€¨€¨€¨€¨€¨€¨€¨€¨€¨€¨€¨€¨€¨€¨€¨€¨€¨€¨€¨€¨€¨€¨€¨€¨€| 133/133 [00:16<00:00,  8.02it/s, beta=3.25e-5, cen=16.3, cls=3.62, kl=4.43, loss=0.0265, perc=0.000453, recon=0.00246]
Epoch 40/600: 100%|¨€¨€¨€¨€¨€¨€¨€¨€¨€¨€¨€¨€¨€¨€¨€¨€¨€¨€¨€¨€¨€¨€¨€¨€¨€¨€¨€¨€¨€¨€¨€¨€¨€¨€¨€¨€¨€¨€¨€¨€¨€¨€¨€¨€¨€¨€¨€¨€| 133/133 [00:16<00:00,  8.09it/s, beta=3.33e-5, cen=13.7, cls=3.28, kl=4.46, loss=0.0231, perc=0.000411, recon=0.00225]
Epoch 41/600: 100%|¨€¨€¨€¨€¨€¨€¨€¨€¨€¨€¨€¨€¨€¨€¨€¨€¨€¨€¨€¨€¨€¨€¨€¨€¨€¨€¨€¨€¨€¨€¨€¨€¨€¨€¨€¨€¨€¨€¨€¨€¨€¨€¨€¨€¨€¨€¨€¨€| 133/133 [00:16<00:00,  8.02it/s, beta=3.42e-5, cen=10.4, cls=3.32, kl=4.49, loss=0.0201, perc=0.000492, recon=0.00243]
Epoch 42/600: 100%|¨€¨€¨€¨€¨€¨€¨€¨€¨€¨€¨€¨€¨€¨€¨€¨€¨€¨€¨€¨€¨€¨€¨€¨€¨€¨€¨€¨€¨€¨€¨€¨€¨€¨€¨€¨€¨€¨€¨€¨€¨€¨€¨€¨€¨€¨€¨€¨€¨€¨€| 133/133 [00:16<00:00,  8.04it/s, beta=3.5e-5, cen=7.4, cls=3.14, kl=4.49, loss=0.0167, perc=0.000477, recon=0.00237]
Epoch 43/600: 100%|¨€¨€¨€¨€¨€¨€¨€¨€¨€¨€¨€¨€¨€¨€¨€¨€¨€¨€¨€¨€¨€¨€¨€¨€¨€¨€¨€¨€¨€¨€¨€¨€¨€¨€¨€¨€¨€¨€¨€¨€¨€¨€¨€¨€¨€¨€¨€¨€¨€¨€¨€| 133/133 [00:16<00:00,  8.12it/s, beta=3.58e-5, cen=8.2, cls=3.28, kl=4.5, loss=0.0179, perc=0.000509, recon=0.0025]
Epoch 44/600: 100%|¨€¨€¨€¨€¨€¨€¨€¨€¨€¨€¨€¨€¨€¨€¨€¨€¨€¨€¨€¨€¨€¨€¨€¨€¨€¨€¨€¨€¨€¨€¨€¨€¨€¨€¨€¨€¨€¨€¨€¨€¨€¨€¨€¨€¨€¨€¨€¨€¨€| 133/133 [00:16<00:00,  8.10it/s, beta=3.67e-5, cen=5.54, cls=3.24, kl=4.5, loss=0.0149, perc=0.000437, recon=0.00223]
Epoch 45/600: 100%|¨€¨€¨€¨€¨€¨€¨€¨€¨€¨€¨€¨€¨€¨€¨€¨€¨€¨€¨€¨€¨€¨€¨€¨€¨€¨€¨€¨€¨€¨€¨€¨€¨€¨€¨€¨€¨€¨€¨€¨€¨€¨€¨€¨€¨€¨€¨€¨€¨€| 133/133 [00:16<00:00,  8.04it/s, beta=3.75e-5, cen=8.04, cls=3.17, kl=4.5, loss=0.0172, perc=0.000444, recon=0.00218]
Epoch 46/600: 100%|¨€¨€¨€¨€¨€¨€¨€¨€¨€¨€¨€¨€¨€¨€¨€¨€¨€¨€¨€¨€¨€¨€¨€¨€¨€¨€¨€¨€¨€¨€¨€¨€¨€¨€¨€¨€¨€¨€¨€¨€¨€¨€¨€¨€¨€¨€¨€¨€¨€¨€| 133/133 [00:16<00:00,  8.09it/s, beta=3.83e-5, cen=17.9, cls=4.56, kl=4.46, loss=0.0393, perc=0.00133, recon=0.0108]
Epoch 47/600: 100%|¨€¨€¨€¨€¨€¨€¨€¨€¨€¨€¨€¨€¨€¨€¨€¨€¨€¨€¨€¨€¨€¨€¨€¨€¨€¨€¨€¨€¨€¨€¨€¨€¨€¨€¨€¨€¨€¨€¨€¨€¨€¨€¨€¨€¨€¨€¨€¨€¨€¨€¨€¨€¨€| 133/133 [00:16<00:00,  8.16it/s, beta=3.92e-5, cen=4.66, cls=3, kl=4.5, loss=0.0135, perc=0.000449, recon=0.0022]
Epoch 48/600: 100%|¨€¨€¨€¨€¨€¨€¨€¨€¨€¨€¨€¨€¨€¨€¨€¨€¨€¨€¨€¨€¨€¨€¨€¨€¨€¨€¨€¨€¨€¨€¨€¨€¨€¨€¨€¨€¨€¨€¨€¨€¨€¨€¨€¨€¨€¨€¨€¨€¨€¨€¨€¨€| 133/133 [00:16<00:00,  8.11it/s, beta=4e-5, cen=5.64, cls=2.73, kl=4.5, loss=0.0138, perc=0.000434, recon=0.00213]
Epoch 49/600: 100%|¨€¨€¨€¨€¨€¨€¨€¨€¨€¨€¨€¨€¨€¨€¨€¨€¨€¨€¨€¨€¨€¨€¨€¨€¨€¨€¨€¨€¨€¨€¨€¨€¨€¨€¨€¨€¨€¨€¨€¨€¨€¨€¨€¨€¨€¨€¨€¨€¨€| 133/133 [00:16<00:00,  8.06it/s, beta=4.08e-5, cen=3.67, cls=2.84, kl=4.5, loss=0.0119, perc=0.000375, recon=0.00198]
Epoch 50/600: 100%|¨€¨€¨€¨€¨€¨€¨€¨€¨€¨€¨€¨€¨€¨€¨€¨€¨€¨€¨€¨€¨€¨€¨€¨€¨€¨€¨€¨€¨€¨€¨€¨€¨€¨€¨€¨€¨€¨€¨€¨€¨€¨€¨€¨€¨€¨€¨€¨€¨€| 133/133 [00:16<00:00,  8.09it/s, beta=4.17e-5, cen=4.46, cls=2.74, kl=4.5, loss=0.0128, perc=0.000417, recon=0.00221]
Epoch 51/600: 100%|¨€¨€¨€¨€¨€¨€¨€¨€¨€¨€¨€¨€¨€¨€¨€¨€¨€¨€¨€¨€¨€¨€¨€¨€¨€¨€¨€¨€¨€¨€¨€¨€¨€¨€¨€¨€¨€¨€¨€¨€¨€¨€¨€¨€¨€¨€¨€¨€| 133/133 [00:16<00:00,  8.07it/s, beta=4.25e-5, cen=4.26, cls=2.84, kl=4.49, loss=0.0126, perc=0.000418, recon=0.00208]
Epoch 52/600: 100%|¨€¨€¨€¨€¨€¨€¨€¨€¨€¨€¨€¨€¨€¨€¨€¨€¨€¨€¨€¨€¨€¨€¨€¨€¨€¨€¨€¨€¨€¨€¨€¨€¨€¨€¨€¨€¨€¨€¨€¨€¨€¨€¨€¨€¨€¨€¨€¨€¨€¨€| 133/133 [00:16<00:00,  8.09it/s, beta=4.33e-5, cen=4.5, cls=2.79, kl=4.5, loss=0.0128, perc=0.000439, recon=0.00205]
Epoch 53/600: 100%|¨€¨€¨€¨€¨€¨€¨€¨€¨€¨€¨€¨€¨€¨€¨€¨€¨€¨€¨€¨€¨€¨€¨€¨€¨€¨€¨€¨€¨€¨€¨€¨€¨€¨€¨€¨€¨€¨€¨€¨€¨€¨€¨€¨€¨€¨€¨€¨€¨€¨€| 133/133 [00:16<00:00,  8.06it/s, beta=4.42e-5, cen=4.22, cls=2.67, kl=4.5, loss=0.0131, perc=0.00055, recon=0.00283]
Epoch 54/600: 100%|¨€¨€¨€¨€¨€¨€¨€¨€¨€¨€¨€¨€¨€¨€¨€¨€¨€¨€¨€¨€¨€¨€¨€¨€¨€¨€¨€¨€¨€¨€¨€¨€¨€¨€¨€¨€¨€¨€¨€¨€¨€¨€¨€¨€¨€¨€¨€¨€¨€¨€| 133/133 [00:16<00:00,  8.15it/s, beta=4.5e-5, cen=2.96, cls=2.56, kl=4.5, loss=0.0107, perc=0.000412, recon=0.00199]
Epoch 55/600: 100%|¨€¨€¨€¨€¨€¨€¨€¨€¨€¨€¨€¨€¨€¨€¨€¨€¨€¨€¨€¨€¨€¨€¨€¨€¨€¨€¨€¨€¨€¨€¨€¨€¨€¨€¨€¨€¨€¨€¨€¨€¨€¨€¨€¨€¨€¨€¨€¨€¨€¨€¨€| 133/133 [00:16<00:00,  8.09it/s, beta=4.58e-5, cen=3.17, cls=2.58, kl=4.5, loss=0.0109, perc=0.000398, recon=0.002]
Epoch 56/600: 100%|¨€¨€¨€¨€¨€¨€¨€¨€¨€¨€¨€¨€¨€¨€¨€¨€¨€¨€¨€¨€¨€¨€¨€¨€¨€¨€¨€¨€¨€¨€¨€¨€¨€¨€¨€¨€¨€¨€¨€¨€¨€¨€¨€¨€¨€¨€¨€¨€¨€| 133/133 [00:16<00:00,  8.08it/s, beta=4.67e-5, cen=2.89, cls=2.43, kl=4.5, loss=0.0103, perc=0.000395, recon=0.00195]
Epoch 57/600: 100%|¨€¨€¨€¨€¨€¨€¨€¨€¨€¨€¨€¨€¨€¨€¨€¨€¨€¨€¨€¨€¨€¨€¨€¨€¨€¨€¨€¨€¨€¨€¨€¨€¨€¨€¨€¨€¨€¨€¨€¨€¨€¨€¨€¨€¨€¨€¨€¨€¨€| 133/133 [00:16<00:00,  8.12it/s, beta=4.75e-5, cen=3.96, cls=2.4, kl=4.48, loss=0.0112, perc=0.000357, recon=0.00184]
Epoch 58/600: 100%|¨€¨€¨€¨€¨€¨€¨€¨€¨€¨€¨€¨€¨€¨€¨€¨€¨€¨€¨€¨€¨€¨€¨€¨€¨€¨€¨€¨€¨€¨€¨€¨€¨€¨€¨€¨€¨€¨€¨€¨€¨€¨€¨€¨€¨€¨€¨€¨€¨€¨€¨€¨€| 133/133 [00:16<00:00,  8.13it/s, beta=4.83e-5, cen=2.63, cls=2.3, kl=4.5, loss=0.01, perc=0.000442, recon=0.00215]
Epoch 59/600: 100%|¨€¨€¨€¨€¨€¨€¨€¨€¨€¨€¨€¨€¨€¨€¨€¨€¨€¨€¨€¨€¨€¨€¨€¨€¨€¨€¨€¨€¨€¨€¨€¨€¨€¨€¨€¨€¨€¨€¨€¨€¨€¨€¨€¨€¨€¨€¨€¨€¨€| 133/133 [00:16<00:00,  8.11it/s, beta=4.92e-5, cen=2.92, cls=2.37, kl=4.5, loss=0.0102, perc=0.000373, recon=0.00196]
Epoch 60/600: 100%|¨€¨€¨€¨€¨€¨€¨€¨€¨€¨€¨€¨€¨€¨€¨€¨€¨€¨€¨€¨€¨€¨€¨€¨€¨€¨€¨€¨€¨€¨€¨€¨€¨€¨€¨€¨€¨€¨€¨€¨€¨€¨€¨€¨€¨€¨€¨€¨€¨€¨€¨€| 133/133 [00:16<00:00,  8.07it/s, beta=5e-5, cen=4.12, cls=2.19, kl=4.49, loss=0.0128, perc=0.000592, recon=0.00351]
Epoch 61/600: 100%|¨€¨€¨€¨€¨€¨€¨€¨€¨€¨€¨€¨€¨€¨€¨€¨€¨€¨€¨€¨€¨€¨€¨€¨€¨€¨€¨€¨€¨€¨€¨€¨€¨€¨€¨€¨€¨€¨€¨€¨€¨€¨€¨€¨€¨€¨€¨€¨€¨€| 133/133 [00:16<00:00,  8.11it/s, beta=5.08e-5, cen=3.22, cls=2.25, kl=4.5, loss=0.0109, perc=0.000473, recon=0.00247]
Epoch 62/600: 100%|¨€¨€¨€¨€¨€¨€¨€¨€¨€¨€¨€¨€¨€¨€¨€¨€¨€¨€¨€¨€¨€¨€¨€¨€¨€¨€¨€¨€¨€¨€¨€¨€¨€¨€¨€¨€¨€¨€¨€¨€¨€¨€¨€¨€¨€¨€¨€¨€¨€¨€¨€| 133/133 [00:16<00:00,  8.10it/s, beta=5.17e-5, cen=2.83, cls=2.24, kl=4.5, loss=0.01, perc=0.000416, recon=0.00205]
Epoch 63/600: 100%|¨€¨€¨€¨€¨€¨€¨€¨€¨€¨€¨€¨€¨€¨€¨€¨€¨€¨€¨€¨€¨€¨€¨€¨€¨€¨€¨€¨€¨€¨€¨€¨€¨€¨€¨€¨€¨€¨€¨€¨€¨€¨€¨€¨€¨€¨€¨€¨€¨€¨€| 133/133 [00:16<00:00,  8.09it/s, beta=5.25e-5, cen=3.11, cls=2.22, kl=4.5, loss=0.0102, perc=0.00041, recon=0.00201]
Epoch 64/600: 100%|¨€¨€¨€¨€¨€¨€¨€¨€¨€¨€¨€¨€¨€¨€¨€¨€¨€¨€¨€¨€¨€¨€¨€¨€¨€¨€¨€¨€¨€¨€¨€¨€¨€¨€¨€¨€¨€¨€¨€¨€¨€¨€¨€¨€¨€¨€¨€¨€¨€¨€| 133/133 [00:16<00:00,  8.13it/s, beta=5.33e-5, cen=2.7, cls=2.16, kl=4.5, loss=0.00977, perc=0.00041, recon=0.00211]
Epoch 65/600: 100%|¨€¨€¨€¨€¨€¨€¨€¨€¨€¨€¨€¨€¨€¨€¨€¨€¨€¨€¨€¨€¨€¨€¨€¨€¨€¨€¨€¨€¨€¨€¨€¨€¨€¨€¨€¨€¨€¨€¨€¨€¨€¨€¨€¨€¨€¨€¨€¨€¨€| 133/133 [00:16<00:00,  8.01it/s, beta=5.42e-5, cen=2.47, cls=2.02, kl=4.5, loss=0.00915, perc=0.00043, recon=0.00197]
Epoch 66/600: 100%|¨€¨€¨€¨€¨€¨€¨€¨€¨€¨€¨€¨€¨€¨€¨€¨€¨€¨€¨€¨€¨€¨€¨€¨€¨€¨€¨€¨€¨€¨€¨€¨€¨€¨€¨€¨€¨€¨€¨€¨€¨€¨€¨€¨€¨€¨€¨€¨€¨€| 133/133 [00:16<00:00,  8.04it/s, beta=5.5e-5, cen=2.68, cls=1.97, kl=4.5, loss=0.00908, perc=0.000373, recon=0.00184]
Epoch 67/600: 100%|¨€¨€¨€¨€¨€¨€¨€¨€¨€¨€¨€¨€¨€¨€¨€¨€¨€¨€¨€¨€¨€¨€¨€¨€¨€¨€¨€¨€¨€¨€¨€¨€¨€¨€¨€¨€¨€¨€¨€¨€¨€¨€¨€¨€¨€¨€¨€¨€| 133/133 [00:16<00:00,  8.09it/s, beta=5.58e-5, cen=2.64, cls=2.13, kl=4.5, loss=0.00941, perc=0.000387, recon=0.00188]
Epoch 68/600: 100%|¨€¨€¨€¨€¨€¨€¨€¨€¨€¨€¨€¨€¨€¨€¨€¨€¨€¨€¨€¨€¨€¨€¨€¨€¨€¨€¨€¨€¨€¨€¨€¨€¨€¨€¨€¨€¨€¨€¨€¨€¨€¨€¨€¨€¨€¨€¨€¨€| 133/133 [00:16<00:00,  8.06it/s, beta=5.67e-5, cen=2.66, cls=1.97, kl=4.5, loss=0.00948, perc=0.000449, recon=0.00218]
Epoch 69/600: 100%|¨€¨€¨€¨€¨€¨€¨€¨€¨€¨€¨€¨€¨€¨€¨€¨€¨€¨€¨€¨€¨€¨€¨€¨€¨€¨€¨€¨€¨€¨€¨€¨€¨€¨€¨€¨€¨€¨€¨€¨€¨€¨€¨€¨€¨€¨€¨€¨€| 133/133 [00:16<00:00,  8.11it/s, beta=5.75e-5, cen=2.64, cls=1.85, kl=4.5, loss=0.00907, perc=0.000421, recon=0.00205]
Epoch 70/600: 100%|¨€¨€¨€¨€¨€¨€¨€¨€¨€¨€¨€¨€¨€¨€¨€¨€¨€¨€¨€¨€¨€¨€¨€¨€¨€¨€¨€¨€¨€¨€¨€¨€¨€¨€¨€¨€¨€¨€¨€¨€¨€¨€¨€¨€¨€¨€¨€¨€¨€¨€| 133/133 [00:16<00:00,  8.10it/s, beta=5.83e-5, cen=2.6, cls=1.96, kl=4.5, loss=0.00894, perc=0.000366, recon=0.0018]
Epoch 71/600: 100%|¨€¨€¨€¨€¨€¨€¨€¨€¨€¨€¨€¨€¨€¨€¨€¨€¨€¨€¨€¨€¨€¨€¨€¨€¨€¨€¨€¨€¨€¨€¨€¨€¨€¨€¨€¨€¨€¨€¨€¨€¨€¨€¨€¨€¨€¨€¨€¨€| 133/133 [00:16<00:00,  8.14it/s, beta=5.92e-5, cen=2.75, cls=2.07, kl=4.5, loss=0.00906, perc=0.000321, recon=0.00159]
Epoch 72/600: 100%|¨€¨€¨€¨€¨€¨€¨€¨€¨€¨€¨€¨€¨€¨€¨€¨€¨€¨€¨€¨€¨€¨€¨€¨€¨€¨€¨€¨€¨€¨€¨€¨€¨€¨€¨€¨€¨€¨€¨€¨€¨€¨€¨€¨€¨€¨€¨€¨€¨€¨€¨€| 133/133 [00:16<00:00,  8.10it/s, beta=6e-5, cen=2.86, cls=2.02, kl=4.5, loss=0.00926, perc=0.000332, recon=0.00175]
Epoch 73/600: 100%|¨€¨€¨€¨€¨€¨€¨€¨€¨€¨€¨€¨€¨€¨€¨€¨€¨€¨€¨€¨€¨€¨€¨€¨€¨€¨€¨€¨€¨€¨€¨€¨€¨€¨€¨€¨€¨€¨€¨€¨€¨€¨€¨€¨€¨€¨€¨€¨€¨€| 133/133 [00:16<00:00,  8.12it/s, beta=6.08e-5, cen=2.7, cls=1.73, kl=4.5, loss=0.00855, perc=0.000363, recon=0.00176]
Epoch 74/600: 100%|¨€¨€¨€¨€¨€¨€¨€¨€¨€¨€¨€¨€¨€¨€¨€¨€¨€¨€¨€¨€¨€¨€¨€¨€¨€¨€¨€¨€¨€¨€¨€¨€¨€¨€¨€¨€¨€¨€¨€¨€¨€¨€¨€¨€¨€¨€¨€¨€| 133/133 [00:16<00:00,  8.06it/s, beta=6.17e-5, cen=2.76, cls=1.83, kl=4.5, loss=0.00884, perc=0.000358, recon=0.00177]
Epoch 75/600: 100%|¨€¨€¨€¨€¨€¨€¨€¨€¨€¨€¨€¨€¨€¨€¨€¨€¨€¨€¨€¨€¨€¨€¨€¨€¨€¨€¨€¨€¨€¨€¨€¨€¨€¨€¨€¨€¨€¨€¨€¨€¨€¨€¨€¨€¨€¨€¨€¨€| 133/133 [00:16<00:00,  8.11it/s, beta=6.25e-5, cen=2.55, cls=1.71, kl=4.5, loss=0.00851, perc=0.000381, recon=0.00188]
Epoch 76/600: 100%|¨€¨€¨€¨€¨€¨€¨€¨€¨€¨€¨€¨€¨€¨€¨€¨€¨€¨€¨€¨€¨€¨€¨€¨€¨€¨€¨€¨€¨€¨€¨€¨€¨€¨€¨€¨€¨€¨€¨€¨€¨€¨€¨€¨€¨€¨€¨€¨€¨€| 133/133 [00:16<00:00,  8.11it/s, beta=6.33e-5, cen=2.6, cls=1.72, kl=4.5, loss=0.00834, perc=0.000341, recon=0.00167]
Epoch 77/600: 100%|¨€¨€¨€¨€¨€¨€¨€¨€¨€¨€¨€¨€¨€¨€¨€¨€¨€¨€¨€¨€¨€¨€¨€¨€¨€¨€¨€¨€¨€¨€¨€¨€¨€¨€¨€¨€¨€¨€¨€¨€¨€¨€¨€¨€¨€¨€¨€¨€| 133/133 [00:16<00:00,  8.13it/s, beta=6.42e-5, cen=3.26, cls=1.76, kl=4.47, loss=0.0109, perc=0.000648, recon=0.00321]
Epoch 78/600: 100%|¨€¨€¨€¨€¨€¨€¨€¨€¨€¨€¨€¨€¨€¨€¨€¨€¨€¨€¨€¨€¨€¨€¨€¨€¨€¨€¨€¨€¨€¨€¨€¨€¨€¨€¨€¨€¨€¨€¨€¨€¨€¨€¨€¨€¨€¨€¨€¨€| 133/133 [00:16<00:00,  8.12it/s, beta=6.5e-5, cen=2.59, cls=1.69, kl=4.49, loss=0.00912, perc=0.000478, recon=0.00238]
Epoch 79/600: 100%|¨€¨€¨€¨€¨€¨€¨€¨€¨€¨€¨€¨€¨€¨€¨€¨€¨€¨€¨€¨€¨€¨€¨€¨€¨€¨€¨€¨€¨€¨€¨€¨€¨€¨€¨€¨€¨€¨€¨€¨€¨€¨€¨€¨€¨€¨€¨€¨€| 133/133 [00:16<00:00,  8.13it/s, beta=6.58e-5, cen=2.7, cls=1.72, kl=4.49, loss=0.00904, perc=0.000438, recon=0.00216]
Epoch 80/600: 100%|¨€¨€¨€¨€¨€¨€¨€¨€¨€¨€¨€¨€¨€¨€¨€¨€¨€¨€¨€¨€¨€¨€¨€¨€¨€¨€¨€¨€¨€¨€¨€¨€¨€¨€¨€¨€¨€¨€¨€¨€¨€¨€¨€¨€¨€¨€¨€¨€| 133/133 [00:16<00:00,  8.09it/s, beta=6.67e-5, cen=2.49, cls=1.83, kl=4.5, loss=0.00877, perc=0.000388, recon=0.00193]
Epoch 81/600: 100%|¨€¨€¨€¨€¨€¨€¨€¨€¨€¨€¨€¨€¨€¨€¨€¨€¨€¨€¨€¨€¨€¨€¨€¨€¨€¨€¨€¨€¨€¨€¨€¨€¨€¨€¨€¨€¨€¨€¨€¨€¨€¨€¨€¨€¨€¨€¨€¨€| 133/133 [00:16<00:00,  8.09it/s, beta=6.75e-5, cen=3.24, cls=1.63, kl=4.5, loss=0.00952, perc=0.000453, recon=0.00226]
Epoch 82/600: 100%|¨€¨€¨€¨€¨€¨€¨€¨€¨€¨€¨€¨€¨€¨€¨€¨€¨€¨€¨€¨€¨€¨€¨€¨€¨€¨€¨€¨€¨€¨€¨€¨€¨€¨€¨€¨€¨€¨€¨€¨€¨€¨€¨€¨€¨€¨€¨€¨€¨€| 133/133 [00:16<00:00,  8.16it/s, beta=6.83e-5, cen=2.6, cls=1.79, kl=4.5, loss=0.00875, perc=0.000383, recon=0.00188]
Epoch 83/600: 100%|¨€¨€¨€¨€¨€¨€¨€¨€¨€¨€¨€¨€¨€¨€¨€¨€¨€¨€¨€¨€¨€¨€¨€¨€¨€¨€¨€¨€¨€¨€¨€¨€¨€¨€¨€¨€¨€¨€¨€¨€¨€¨€¨€¨€¨€¨€¨€¨€| 133/133 [00:16<00:00,  8.13it/s, beta=6.92e-5, cen=2.57, cls=1.56, kl=4.5, loss=0.00824, perc=0.000375, recon=0.00187]
Epoch 84/600: 100%|¨€¨€¨€¨€¨€¨€¨€¨€¨€¨€¨€¨€¨€¨€¨€¨€¨€¨€¨€¨€¨€¨€¨€¨€¨€¨€¨€¨€¨€¨€¨€¨€¨€¨€¨€¨€¨€¨€¨€¨€¨€¨€¨€¨€¨€¨€¨€¨€¨€¨€¨€| 133/133 [00:16<00:00,  8.11it/s, beta=7e-5, cen=2.52, cls=1.72, kl=4.5, loss=0.00864, perc=0.000397, recon=0.00197]
Epoch 85/600: 100%|¨€¨€¨€¨€¨€¨€¨€¨€¨€¨€¨€¨€¨€¨€¨€¨€¨€¨€¨€¨€¨€¨€¨€¨€¨€¨€¨€¨€¨€¨€¨€¨€¨€¨€¨€¨€¨€¨€¨€¨€¨€¨€¨€¨€¨€¨€¨€¨€| 133/133 [00:16<00:00,  8.04it/s, beta=7.08e-5, cen=2.43, cls=1.73, kl=4.5, loss=0.00842, perc=0.000359, recon=0.00185]
Epoch 86/600: 100%|¨€¨€¨€¨€¨€¨€¨€¨€¨€¨€¨€¨€¨€¨€¨€¨€¨€¨€¨€¨€¨€¨€¨€¨€¨€¨€¨€¨€¨€¨€¨€¨€¨€¨€¨€¨€¨€¨€¨€¨€¨€¨€¨€¨€¨€¨€¨€¨€¨€| 133/133 [00:16<00:00,  8.08it/s, beta=7.17e-5, cen=2.46, cls=1.49, kl=4.5, loss=0.0082, perc=0.000416, recon=0.00203]
Epoch 87/600: 100%|¨€¨€¨€¨€¨€¨€¨€¨€¨€¨€¨€¨€¨€¨€¨€¨€¨€¨€¨€¨€¨€¨€¨€¨€¨€¨€¨€¨€¨€¨€¨€¨€¨€¨€¨€¨€¨€¨€¨€¨€¨€¨€¨€¨€¨€¨€¨€¨€¨€¨€| 133/133 [00:16<00:00,  8.16it/s, beta=7.25e-5, cen=2.4, cls=1.52, kl=4.5, loss=0.00805, perc=0.000384, recon=0.0019]
Epoch 88/600: 100%|¨€¨€¨€¨€¨€¨€¨€¨€¨€¨€¨€¨€¨€¨€¨€¨€¨€¨€¨€¨€¨€¨€¨€¨€¨€¨€¨€¨€¨€¨€¨€¨€¨€¨€¨€¨€¨€¨€¨€¨€¨€¨€¨€¨€¨€¨€¨€¨€| 133/133 [00:16<00:00,  8.08it/s, beta=7.33e-5, cen=2.51, cls=1.62, kl=4.5, loss=0.00829, perc=0.000371, recon=0.00184]
Epoch 89/600: 100%|¨€¨€¨€¨€¨€¨€¨€¨€¨€¨€¨€¨€¨€¨€¨€¨€¨€¨€¨€¨€¨€¨€¨€¨€¨€¨€¨€¨€¨€¨€¨€¨€¨€¨€¨€¨€¨€¨€¨€¨€¨€¨€¨€¨€¨€¨€¨€¨€¨€| 133/133 [00:16<00:00,  8.06it/s, beta=7.42e-5, cen=2.78, cls=1.53, kl=4.5, loss=0.0084, perc=0.000366, recon=0.00186]
Epoch 90/600: 100%|¨€¨€¨€¨€¨€¨€¨€¨€¨€¨€¨€¨€¨€¨€¨€¨€¨€¨€¨€¨€¨€¨€¨€¨€¨€¨€¨€¨€¨€¨€¨€¨€¨€¨€¨€¨€¨€¨€¨€¨€¨€¨€¨€¨€¨€¨€¨€¨€¨€| 133/133 [00:16<00:00,  8.15it/s, beta=7.5e-5, cen=2.53, cls=1.69, kl=4.5, loss=0.00817, perc=0.000328, recon=0.00158]
Epoch 91/600: 100%|¨€¨€¨€¨€¨€¨€¨€¨€¨€¨€¨€¨€¨€¨€¨€¨€¨€¨€¨€¨€¨€¨€¨€¨€¨€¨€¨€¨€¨€¨€¨€¨€¨€¨€¨€¨€¨€¨€¨€¨€¨€¨€¨€¨€¨€¨€¨€¨€| 133/133 [00:16<00:00,  8.15it/s, beta=7.58e-5, cen=2.52, cls=1.36, kl=4.5, loss=0.00796, perc=0.000393, recon=0.00198]
Epoch 92/600: 100%|¨€¨€¨€¨€¨€¨€¨€¨€¨€¨€¨€¨€¨€¨€¨€¨€¨€¨€¨€¨€¨€¨€¨€¨€¨€¨€¨€¨€¨€¨€¨€¨€¨€¨€¨€¨€¨€¨€¨€¨€¨€¨€¨€¨€¨€¨€¨€¨€| 133/133 [00:16<00:00,  8.12it/s, beta=7.67e-5, cen=2.92, cls=1.39, kl=4.5, loss=0.00878, perc=0.000452, recon=0.00228]
Epoch 93/600: 100%|¨€¨€¨€¨€¨€¨€¨€¨€¨€¨€¨€¨€¨€¨€¨€¨€¨€¨€¨€¨€¨€¨€¨€¨€¨€¨€¨€¨€¨€¨€¨€¨€¨€¨€¨€¨€¨€¨€¨€¨€¨€¨€¨€¨€¨€¨€¨€¨€¨€| 133/133 [00:16<00:00,  8.09it/s, beta=7.75e-5, cen=2.52, cls=1.5, kl=4.5, loss=0.00823, perc=0.000393, recon=0.00196]
Epoch 94/600: 100%|¨€¨€¨€¨€¨€¨€¨€¨€¨€¨€¨€¨€¨€¨€¨€¨€¨€¨€¨€¨€¨€¨€¨€¨€¨€¨€¨€¨€¨€¨€¨€¨€¨€¨€¨€¨€¨€¨€¨€¨€¨€¨€¨€¨€¨€¨€¨€¨€¨€| 133/133 [00:16<00:00,  8.00it/s, beta=7.83e-5, cen=2.42, cls=1.3, kl=4.5, loss=0.00788, perc=0.000424, recon=0.00209]
Epoch 95/600: 100%|¨€¨€¨€¨€¨€¨€¨€¨€¨€¨€¨€¨€¨€¨€¨€¨€¨€¨€¨€¨€¨€¨€¨€¨€¨€¨€¨€¨€¨€¨€¨€¨€¨€¨€¨€¨€¨€¨€¨€¨€¨€¨€¨€¨€¨€¨€¨€¨€¨€¨€| 133/133 [00:16<00:00,  8.06it/s, beta=7.92e-5, cen=2.68, cls=1.44, kl=4.5, loss=0.00808, perc=0.00036, recon=0.0018]
Epoch 96/600: 100%|¨€¨€¨€¨€¨€¨€¨€¨€¨€¨€¨€¨€¨€¨€¨€¨€¨€¨€¨€¨€¨€¨€¨€¨€¨€¨€¨€¨€¨€¨€¨€¨€¨€¨€¨€¨€¨€¨€¨€¨€¨€¨€¨€¨€¨€¨€¨€¨€¨€¨€¨€¨€| 133/133 [00:16<00:00,  8.10it/s, beta=8e-5, cen=2.42, cls=1.26, kl=4.5, loss=0.0076, perc=0.000379, recon=0.00192]
Epoch 97/600: 100%|¨€¨€¨€¨€¨€¨€¨€¨€¨€¨€¨€¨€¨€¨€¨€¨€¨€¨€¨€¨€¨€¨€¨€¨€¨€¨€¨€¨€¨€¨€¨€¨€¨€¨€¨€¨€¨€¨€¨€¨€¨€¨€¨€¨€¨€¨€¨€¨€| 133/133 [00:16<00:00,  8.08it/s, beta=8.08e-5, cen=2.36, cls=1.36, kl=4.5, loss=0.00773, perc=0.000394, recon=0.00189]
Epoch 98/600: 100%|¨€¨€¨€¨€¨€¨€¨€¨€¨€¨€¨€¨€¨€¨€¨€¨€¨€¨€¨€¨€¨€¨€¨€¨€¨€¨€¨€¨€¨€¨€¨€¨€¨€¨€¨€¨€¨€¨€¨€¨€¨€¨€¨€¨€¨€¨€¨€¨€| 133/133 [00:16<00:00,  8.13it/s, beta=8.17e-5, cen=2.55, cls=1.36, kl=4.5, loss=0.00766, perc=0.000347, recon=0.00167]
Epoch 99/600: 100%|¨€¨€¨€¨€¨€¨€¨€¨€¨€¨€¨€¨€¨€¨€¨€¨€¨€¨€¨€¨€¨€¨€¨€¨€¨€¨€¨€¨€¨€¨€¨€¨€¨€¨€¨€¨€¨€¨€¨€¨€¨€¨€¨€¨€¨€¨€¨€¨€¨€| 133/133 [00:16<00:00,  8.04it/s, beta=8.25e-5, cen=2.47, cls=1.35, kl=4.5, loss=0.00772, perc=0.00036, recon=0.00183]
Epoch 100/600: 100%|¨€¨€¨€¨€¨€¨€¨€¨€¨€¨€¨€¨€¨€¨€¨€¨€¨€¨€¨€¨€¨€¨€¨€¨€¨€¨€¨€¨€¨€¨€¨€¨€¨€¨€¨€¨€¨€¨€¨€¨€¨€¨€¨€¨€¨€¨€¨€¨€| 133/133 [00:16<00:00,  8.08it/s, beta=8.33e-5, cen=2.44, cls=1.43, kl=4.5, loss=0.0078, perc=0.000348, recon=0.00178]
Epoch 101/600: 100%|¨€¨€¨€¨€¨€¨€¨€¨€¨€¨€¨€¨€¨€¨€¨€¨€¨€¨€¨€¨€¨€¨€¨€¨€¨€¨€¨€¨€¨€¨€¨€¨€¨€¨€¨€¨€¨€¨€¨€¨€¨€¨€¨€¨€¨€¨€¨€| 133/133 [00:16<00:00,  8.14it/s, beta=8.42e-5, cen=2.41, cls=1.19, kl=4.5, loss=0.00759, perc=0.000409, recon=0.00202]
Epoch 102/600: 100%|¨€¨€¨€¨€¨€¨€¨€¨€¨€¨€¨€¨€¨€¨€¨€¨€¨€¨€¨€¨€¨€¨€¨€¨€¨€¨€¨€¨€¨€¨€¨€¨€¨€¨€¨€¨€¨€¨€¨€¨€¨€¨€¨€¨€¨€¨€¨€¨€¨€| 133/133 [00:16<00:00,  8.09it/s, beta=8.5e-5, cen=4.09, cls=1.42, kl=4.5, loss=0.0113, perc=0.000626, recon=0.00331]
Epoch 103/600: 100%|¨€¨€¨€¨€¨€¨€¨€¨€¨€¨€¨€¨€¨€¨€¨€¨€¨€¨€¨€¨€¨€¨€¨€¨€¨€¨€¨€¨€¨€¨€¨€¨€¨€¨€¨€¨€¨€¨€¨€¨€¨€¨€¨€¨€¨€¨€¨€| 133/133 [00:16<00:00,  8.13it/s, beta=8.58e-5, cen=2.53, cls=1.28, kl=4.5, loss=0.00783, perc=0.000403, recon=0.00195]
Epoch 104/600: 100%|¨€¨€¨€¨€¨€¨€¨€¨€¨€¨€¨€¨€¨€¨€¨€¨€¨€¨€¨€¨€¨€¨€¨€¨€¨€¨€¨€¨€¨€¨€¨€¨€¨€¨€¨€¨€¨€¨€¨€¨€¨€¨€¨€¨€¨€¨€¨€| 133/133 [00:16<00:00,  8.05it/s, beta=8.67e-5, cen=2.46, cls=1.21, kl=4.5, loss=0.00761, perc=0.000388, recon=0.00195]
Epoch 105/600: 100%|¨€¨€¨€¨€¨€¨€¨€¨€¨€¨€¨€¨€¨€¨€¨€¨€¨€¨€¨€¨€¨€¨€¨€¨€¨€¨€¨€¨€¨€¨€¨€¨€¨€¨€¨€¨€¨€¨€¨€¨€¨€¨€¨€¨€¨€¨€¨€¨€| 133/133 [00:16<00:00,  8.12it/s, beta=8.75e-5, cen=2.57, cls=1.25, kl=4.5, loss=0.00797, perc=0.00044, recon=0.00208]
Epoch 106/600: 100%|¨€¨€¨€¨€¨€¨€¨€¨€¨€¨€¨€¨€¨€¨€¨€¨€¨€¨€¨€¨€¨€¨€¨€¨€¨€¨€¨€¨€¨€¨€¨€¨€¨€¨€¨€¨€¨€¨€¨€¨€¨€¨€¨€¨€¨€¨€¨€¨€¨€| 133/133 [00:16<00:00,  8.08it/s, beta=8.83e-5, cen=2.36, cls=1.3, kl=4.5, loss=0.00745, perc=0.00035, recon=0.00174]
Epoch 107/600: 100%|¨€¨€¨€¨€¨€¨€¨€¨€¨€¨€¨€¨€¨€¨€¨€¨€¨€¨€¨€¨€¨€¨€¨€¨€¨€¨€¨€¨€¨€¨€¨€¨€¨€¨€¨€¨€¨€¨€¨€¨€¨€¨€¨€¨€¨€¨€¨€¨€| 133/133 [00:16<00:00,  8.13it/s, beta=8.92e-5, cen=2.59, cls=1.24, kl=4.5, loss=0.00763, perc=0.00038, recon=0.00179]
Epoch 108/600: 100%|¨€¨€¨€¨€¨€¨€¨€¨€¨€¨€¨€¨€¨€¨€¨€¨€¨€¨€¨€¨€¨€¨€¨€¨€¨€¨€¨€¨€¨€¨€¨€¨€¨€¨€¨€¨€¨€¨€¨€¨€¨€¨€¨€¨€¨€¨€¨€¨€¨€¨€| 133/133 [00:16<00:00,  8.14it/s, beta=9e-5, cen=2.47, cls=1.22, kl=4.5, loss=0.00758, perc=0.000381, recon=0.00189]
Epoch 109/600: 100%|¨€¨€¨€¨€¨€¨€¨€¨€¨€¨€¨€¨€¨€¨€¨€¨€¨€¨€¨€¨€¨€¨€¨€¨€¨€¨€¨€¨€¨€¨€¨€¨€¨€¨€¨€¨€¨€¨€¨€¨€¨€¨€¨€¨€¨€¨€¨€| 133/133 [00:16<00:00,  8.13it/s, beta=9.08e-5, cen=2.43, cls=1.07, kl=4.5, loss=0.00743, perc=0.000409, recon=0.00204]
Epoch 110/600: 100%|¨€¨€¨€¨€¨€¨€¨€¨€¨€¨€¨€¨€¨€¨€¨€¨€¨€¨€¨€¨€¨€¨€¨€¨€¨€¨€¨€¨€¨€¨€¨€¨€¨€¨€¨€¨€¨€¨€¨€¨€¨€¨€¨€¨€¨€¨€¨€¨€| 133/133 [00:16<00:00,  8.10it/s, beta=9.17e-5, cen=13.7, cls=3.06, kl=4.37, loss=0.0281, perc=0.00117, recon=0.00663]
Epoch 111/600: 100%|¨€¨€¨€¨€¨€¨€¨€¨€¨€¨€¨€¨€¨€¨€¨€¨€¨€¨€¨€¨€¨€¨€¨€¨€¨€¨€¨€¨€¨€¨€¨€¨€¨€¨€¨€¨€¨€¨€¨€¨€¨€¨€¨€¨€¨€¨€¨€| 133/133 [00:16<00:00,  8.08it/s, beta=9.25e-5, cen=2.33, cls=1.37, kl=4.5, loss=0.00752, perc=0.000346, recon=0.00169]
Epoch 112/600: 100%|¨€¨€¨€¨€¨€¨€¨€¨€¨€¨€¨€¨€¨€¨€¨€¨€¨€¨€¨€¨€¨€¨€¨€¨€¨€¨€¨€¨€¨€¨€¨€¨€¨€¨€¨€¨€¨€¨€¨€¨€¨€¨€¨€¨€¨€¨€¨€| 133/133 [00:16<00:00,  8.02it/s, beta=9.33e-5, cen=2.42, cls=1.34, kl=4.5, loss=0.00747, perc=0.000331, recon=0.00161]
Epoch 113/600: 100%|¨€¨€¨€¨€¨€¨€¨€¨€¨€¨€¨€¨€¨€¨€¨€¨€¨€¨€¨€¨€¨€¨€¨€¨€¨€¨€¨€¨€¨€¨€¨€¨€¨€¨€¨€¨€¨€¨€¨€¨€¨€¨€¨€¨€¨€¨€¨€¨€| 133/133 [00:16<00:00,  8.14it/s, beta=9.42e-5, cen=2.35, cls=1.04, kl=4.5, loss=0.00677, perc=0.000328, recon=0.0016]
Epoch 114/600: 100%|¨€¨€¨€¨€¨€¨€¨€¨€¨€¨€¨€¨€¨€¨€¨€¨€¨€¨€¨€¨€¨€¨€¨€¨€¨€¨€¨€¨€¨€¨€¨€¨€¨€¨€¨€¨€¨€¨€¨€¨€¨€¨€¨€¨€¨€¨€¨€¨€¨€| 133/133 [00:16<00:00,  8.10it/s, beta=9.5e-5, cen=2.53, cls=1.23, kl=4.5, loss=0.00772, perc=0.000395, recon=0.0019]
Epoch 115/600: 100%|¨€¨€¨€¨€¨€¨€¨€¨€¨€¨€¨€¨€¨€¨€¨€¨€¨€¨€¨€¨€¨€¨€¨€¨€¨€¨€¨€¨€¨€¨€¨€¨€¨€¨€¨€¨€¨€¨€¨€¨€¨€¨€¨€¨€¨€¨€¨€¨€¨€| 133/133 [00:16<00:00,  8.09it/s, beta=9.58e-5, cen=2.4, cls=1.05, kl=4.5, loss=0.0071, perc=0.000381, recon=0.00179]
Epoch 116/600: 100%|¨€¨€¨€¨€¨€¨€¨€¨€¨€¨€¨€¨€¨€¨€¨€¨€¨€¨€¨€¨€¨€¨€¨€¨€¨€¨€¨€¨€¨€¨€¨€¨€¨€¨€¨€¨€¨€¨€¨€¨€¨€¨€¨€¨€¨€¨€| 133/133 [00:16<00:00,  8.10it/s, beta=9.67e-5, cen=2.36, cls=0.992, kl=4.5, loss=0.00705, perc=0.000392, recon=0.00188]
Epoch 117/600: 100%|¨€¨€¨€¨€¨€¨€¨€¨€¨€¨€¨€¨€¨€¨€¨€¨€¨€¨€¨€¨€¨€¨€¨€¨€¨€¨€¨€¨€¨€¨€¨€¨€¨€¨€¨€¨€¨€¨€¨€¨€¨€¨€¨€¨€¨€¨€¨€| 133/133 [00:16<00:00,  8.07it/s, beta=9.75e-5, cen=2.29, cls=1.04, kl=4.5, loss=0.00695, perc=0.000363, recon=0.00177]
Epoch 118/600: 100%|¨€¨€¨€¨€¨€¨€¨€¨€¨€¨€¨€¨€¨€¨€¨€¨€¨€¨€¨€¨€¨€¨€¨€¨€¨€¨€¨€¨€¨€¨€¨€¨€¨€¨€¨€¨€¨€¨€¨€¨€¨€¨€¨€¨€¨€¨€| 133/133 [00:16<00:00,  8.12it/s, beta=9.83e-5, cen=2.29, cls=0.918, kl=4.5, loss=0.00689, perc=0.000404, recon=0.00192]
Epoch 119/600: 100%|¨€¨€¨€¨€¨€¨€¨€¨€¨€¨€¨€¨€¨€¨€¨€¨€¨€¨€¨€¨€¨€¨€¨€¨€¨€¨€¨€¨€¨€¨€¨€¨€¨€¨€¨€¨€¨€¨€¨€¨€¨€¨€¨€¨€¨€¨€¨€¨€| 133/133 [00:16<00:00,  8.07it/s, beta=9.92e-5, cen=2.25, cls=1.05, kl=4.5, loss=0.00686, perc=0.00035, recon=0.00171]
Epoch 120/600: 100%|¨€¨€¨€¨€¨€¨€¨€¨€¨€¨€¨€¨€¨€¨€¨€¨€¨€¨€¨€¨€¨€¨€¨€¨€¨€¨€¨€¨€¨€¨€¨€¨€¨€¨€¨€¨€¨€¨€¨€¨€¨€¨€¨€¨€¨€¨€¨€¨€| 133/133 [00:16<00:00,  8.10it/s, beta=0.0001, cen=2.52, cls=1.12, kl=4.5, loss=0.00755, perc=0.000408, recon=0.00194]
Epoch 121/600: 100%|¨€¨€¨€¨€¨€¨€¨€¨€¨€¨€¨€¨€¨€¨€¨€¨€¨€¨€¨€¨€¨€¨€¨€¨€¨€¨€¨€¨€¨€¨€¨€¨€¨€¨€¨€¨€¨€¨€¨€¨€¨€¨€¨€¨€¨€¨€¨€| 133/133 [00:16<00:00,  8.12it/s, beta=0.000101, cen=2.42, cls=1.14, kl=4.5, loss=0.00732, perc=0.00037, recon=0.00179]
Epoch 122/600: 100%|¨€¨€¨€¨€¨€¨€¨€¨€¨€¨€¨€¨€¨€¨€¨€¨€¨€¨€¨€¨€¨€¨€¨€¨€¨€¨€¨€¨€¨€¨€¨€¨€¨€¨€¨€¨€¨€¨€¨€¨€¨€¨€¨€¨€¨€| 133/133 [00:16<00:00,  8.09it/s, beta=0.000102, cen=2.26, cls=0.993, kl=4.5, loss=0.00692, perc=0.000393, recon=0.00182]
Epoch 123/600: 100%|¨€¨€¨€¨€¨€¨€¨€¨€¨€¨€¨€¨€¨€¨€¨€¨€¨€¨€¨€¨€¨€¨€¨€¨€¨€¨€¨€¨€¨€¨€¨€¨€¨€¨€¨€¨€¨€¨€¨€¨€¨€¨€¨€¨€¨€¨€¨€| 133/133 [00:16<00:00,  8.10it/s, beta=0.000102, cen=2.29, cls=1.06, kl=4.5, loss=0.00685, perc=0.00034, recon=0.00164]
Epoch 124/600: 100%|¨€¨€¨€¨€¨€¨€¨€¨€¨€¨€¨€¨€¨€¨€¨€¨€¨€¨€¨€¨€¨€¨€¨€¨€¨€¨€¨€¨€¨€¨€¨€¨€¨€¨€¨€¨€¨€¨€¨€¨€¨€¨€¨€¨€¨€| 133/133 [00:16<00:00,  8.09it/s, beta=0.000103, cen=2.26, cls=0.777, kl=4.5, loss=0.00642, perc=0.000368, recon=0.00178]
Epoch 125/600: 100%|¨€¨€¨€¨€¨€¨€¨€¨€¨€¨€¨€¨€¨€¨€¨€¨€¨€¨€¨€¨€¨€¨€¨€¨€¨€¨€¨€¨€¨€¨€¨€¨€¨€¨€¨€¨€¨€¨€¨€¨€¨€¨€¨€¨€¨€| 133/133 [00:16<00:00,  8.10it/s, beta=0.000104, cen=2.38, cls=0.984, kl=4.5, loss=0.00691, perc=0.000357, recon=0.00173]
Epoch 126/600: 100%|¨€¨€¨€¨€¨€¨€¨€¨€¨€¨€¨€¨€¨€¨€¨€¨€¨€¨€¨€¨€¨€¨€¨€¨€¨€¨€¨€¨€¨€¨€¨€¨€¨€¨€¨€¨€¨€¨€¨€¨€¨€¨€¨€¨€¨€¨€¨€¨€| 133/133 [00:16<00:00,  8.10it/s, beta=0.000105, cen=2.3, cls=1.06, kl=4.5, loss=0.00684, perc=0.000333, recon=0.0016]
Epoch 127/600: 100%|¨€¨€¨€¨€¨€¨€¨€¨€¨€¨€¨€¨€¨€¨€¨€¨€¨€¨€¨€¨€¨€¨€¨€¨€¨€¨€¨€¨€¨€¨€¨€¨€¨€¨€¨€¨€¨€¨€¨€¨€¨€¨€¨€¨€¨€¨€¨€¨€¨€| 133/133 [00:16<00:00,  8.06it/s, beta=0.000106, cen=2.26, cls=1.05, kl=4.5, loss=0.00664, perc=0.0003, recon=0.0015]
Epoch 128/600: 100%|¨€¨€¨€¨€¨€¨€¨€¨€¨€¨€¨€¨€¨€¨€¨€¨€¨€¨€¨€¨€¨€¨€¨€¨€¨€¨€¨€¨€¨€¨€¨€¨€¨€¨€¨€¨€¨€¨€¨€¨€¨€¨€¨€¨€¨€¨€| 133/133 [00:16<00:00,  8.09it/s, beta=0.000107, cen=2.18, cls=0.962, kl=4.5, loss=0.0066, perc=0.000338, recon=0.00168]
Epoch 129/600: 100%|¨€¨€¨€¨€¨€¨€¨€¨€¨€¨€¨€¨€¨€¨€¨€¨€¨€¨€¨€¨€¨€¨€¨€¨€¨€¨€¨€¨€¨€¨€¨€¨€¨€¨€¨€¨€¨€¨€¨€¨€¨€¨€¨€¨€¨€¨€| 133/133 [00:16<00:00,  8.07it/s, beta=0.000107, cen=2.45, cls=0.88, kl=4.5, loss=0.00654, perc=0.000318, recon=0.00153]
Epoch 130/600: 100%|¨€¨€¨€¨€¨€¨€¨€¨€¨€¨€¨€¨€¨€¨€¨€¨€¨€¨€¨€¨€¨€¨€¨€¨€¨€¨€¨€¨€¨€¨€¨€¨€¨€¨€¨€¨€¨€¨€¨€¨€¨€¨€¨€¨€¨€| 133/133 [00:16<00:00,  8.08it/s, beta=0.000108, cen=2.17, cls=0.898, kl=4.5, loss=0.00633, perc=0.000317, recon=0.00156]
Epoch 131/600: 100%|¨€¨€¨€¨€¨€¨€¨€¨€¨€¨€¨€¨€¨€¨€¨€¨€¨€¨€¨€¨€¨€¨€¨€¨€¨€¨€¨€¨€¨€¨€¨€¨€¨€¨€¨€¨€¨€¨€¨€¨€¨€¨€¨€¨€¨€¨€| 133/133 [00:16<00:00,  8.11it/s, beta=0.000109, cen=2.23, cls=0.956, kl=4.5, loss=0.00686, perc=0.00038, recon=0.00184]
Epoch 132/600: 100%|¨€¨€¨€¨€¨€¨€¨€¨€¨€¨€¨€¨€¨€¨€¨€¨€¨€¨€¨€¨€¨€¨€¨€¨€¨€¨€¨€¨€¨€¨€¨€¨€¨€¨€¨€¨€¨€¨€¨€¨€¨€¨€¨€¨€¨€¨€| 133/133 [00:16<00:00,  8.13it/s, beta=0.00011, cen=2.29, cls=0.867, kl=4.5, loss=0.00662, perc=0.000368, recon=0.00174]
Epoch 133/600: 100%|¨€¨€¨€¨€¨€¨€¨€¨€¨€¨€¨€¨€¨€¨€¨€¨€¨€¨€¨€¨€¨€¨€¨€¨€¨€¨€¨€¨€¨€¨€¨€¨€¨€¨€¨€¨€¨€¨€¨€¨€¨€¨€¨€¨€¨€| 133/133 [00:16<00:00,  8.12it/s, beta=0.000111, cen=2.47, cls=0.875, kl=4.5, loss=0.00693, perc=0.000369, recon=0.00185]
Epoch 134/600: 100%|¨€¨€¨€¨€¨€¨€¨€¨€¨€¨€¨€¨€¨€¨€¨€¨€¨€¨€¨€¨€¨€¨€¨€¨€¨€¨€¨€¨€¨€¨€¨€¨€¨€¨€¨€¨€¨€¨€¨€¨€¨€¨€¨€¨€¨€¨€¨€¨€¨€| 133/133 [00:16<00:00,  8.11it/s, beta=0.000112, cen=2.33, cls=1, kl=4.5, loss=0.00679, perc=0.000322, recon=0.00163]
Epoch 135/600: 100%|¨€¨€¨€¨€¨€¨€¨€¨€¨€¨€¨€¨€¨€¨€¨€¨€¨€¨€¨€¨€¨€¨€¨€¨€¨€¨€¨€¨€¨€¨€¨€¨€¨€¨€¨€¨€¨€¨€¨€¨€¨€¨€¨€¨€¨€¨€¨€¨€¨€| 133/133 [00:16<00:00,  8.12it/s, beta=0.000113, cen=2.19, cls=1, kl=4.5, loss=0.00707, perc=0.000397, recon=0.00197]
Epoch 136/600: 100%|¨€¨€¨€¨€¨€¨€¨€¨€¨€¨€¨€¨€¨€¨€¨€¨€¨€¨€¨€¨€¨€¨€¨€¨€¨€¨€¨€¨€¨€¨€¨€¨€¨€¨€¨€¨€¨€¨€¨€¨€¨€¨€¨€¨€¨€¨€| 133/133 [00:16<00:00,  8.11it/s, beta=0.000113, cen=2.33, cls=1.02, kl=4.5, loss=0.00683, perc=0.000324, recon=0.00163]
Epoch 137/600: 100%|¨€¨€¨€¨€¨€¨€¨€¨€¨€¨€¨€¨€¨€¨€¨€¨€¨€¨€¨€¨€¨€¨€¨€¨€¨€¨€¨€¨€¨€¨€¨€¨€¨€¨€¨€¨€¨€¨€¨€¨€¨€¨€¨€¨€¨€| 133/133 [00:16<00:00,  8.12it/s, beta=0.000114, cen=2.77, cls=0.928, kl=4.5, loss=0.00833, perc=0.000493, recon=0.00269]
Epoch 138/600: 100%|¨€¨€¨€¨€¨€¨€¨€¨€¨€¨€¨€¨€¨€¨€¨€¨€¨€¨€¨€¨€¨€¨€¨€¨€¨€¨€¨€¨€¨€¨€¨€¨€¨€¨€¨€¨€¨€¨€¨€¨€¨€¨€¨€¨€¨€¨€| 133/133 [00:16<00:00,  8.08it/s, beta=0.000115, cen=2.35, cls=0.885, kl=4.5, loss=0.00668, perc=0.00036, recon=0.00169]
Epoch 139/600: 100%|¨€¨€¨€¨€¨€¨€¨€¨€¨€¨€¨€¨€¨€¨€¨€¨€¨€¨€¨€¨€¨€¨€¨€¨€¨€¨€¨€¨€¨€¨€¨€¨€¨€¨€¨€¨€¨€¨€¨€¨€¨€¨€¨€¨€¨€| 133/133 [00:16<00:00,  8.12it/s, beta=0.000116, cen=2.15, cls=0.982, kl=4.5, loss=0.00659, perc=0.000333, recon=0.00162]
Epoch 140/600: 100%|¨€¨€¨€¨€¨€¨€¨€¨€¨€¨€¨€¨€¨€¨€¨€¨€¨€¨€¨€¨€¨€¨€¨€¨€¨€¨€¨€¨€¨€¨€¨€¨€¨€¨€¨€¨€¨€¨€¨€¨€¨€¨€¨€¨€¨€| 133/133 [00:16<00:00,  8.14it/s, beta=0.000117, cen=2.11, cls=0.825, kl=4.5, loss=0.00643, perc=0.000357, recon=0.00179]
Epoch 141/600: 100%|¨€¨€¨€¨€¨€¨€¨€¨€¨€¨€¨€¨€¨€¨€¨€¨€¨€¨€¨€¨€¨€¨€¨€¨€¨€¨€¨€¨€¨€¨€¨€¨€¨€¨€¨€¨€¨€¨€¨€¨€¨€¨€¨€¨€¨€| 133/133 [00:16<00:00,  8.00it/s, beta=0.000118, cen=2.32, cls=0.855, kl=4.5, loss=0.00652, perc=0.000332, recon=0.00163]
Epoch 142/600: 100%|¨€¨€¨€¨€¨€¨€¨€¨€¨€¨€¨€¨€¨€¨€¨€¨€¨€¨€¨€¨€¨€¨€¨€¨€¨€¨€¨€¨€¨€¨€¨€¨€¨€¨€¨€¨€¨€¨€¨€¨€¨€¨€¨€¨€¨€¨€| 133/133 [00:16<00:00,  8.13it/s, beta=0.000118, cen=2.25, cls=0.927, kl=4.5, loss=0.00669, perc=0.000358, recon=0.0017]
Epoch 143/600: 100%|¨€¨€¨€¨€¨€¨€¨€¨€¨€¨€¨€¨€¨€¨€¨€¨€¨€¨€¨€¨€¨€¨€¨€¨€¨€¨€¨€¨€¨€¨€¨€¨€¨€¨€¨€¨€¨€¨€¨€¨€¨€¨€¨€¨€¨€| 133/133 [00:16<00:00,  8.09it/s, beta=0.000119, cen=2.12, cls=0.925, kl=4.5, loss=0.00667, perc=0.000378, recon=0.00178]
Epoch 144/600: 100%|¨€¨€¨€¨€¨€¨€¨€¨€¨€¨€¨€¨€¨€¨€¨€¨€¨€¨€¨€¨€¨€¨€¨€¨€¨€¨€¨€¨€¨€¨€¨€¨€¨€¨€¨€¨€¨€¨€¨€¨€¨€¨€¨€¨€¨€¨€| 133/133 [00:16<00:00,  8.07it/s, beta=0.00012, cen=2.14, cls=0.745, kl=4.5, loss=0.00651, perc=0.000411, recon=0.00193]
Epoch 145/600: 100%|¨€¨€¨€¨€¨€¨€¨€¨€¨€¨€¨€¨€¨€¨€¨€¨€¨€¨€¨€¨€¨€¨€¨€¨€¨€¨€¨€¨€¨€¨€¨€¨€¨€¨€¨€¨€¨€¨€¨€¨€¨€¨€¨€¨€¨€¨€¨€¨€¨€| 133/133 [00:16<00:00,  8.12it/s, beta=0.000121, cen=12.6, cls=2.91, kl=4.3, loss=0.0333, perc=0.00145, recon=0.0128]
Epoch 146/600: 100%|¨€¨€¨€¨€¨€¨€¨€¨€¨€¨€¨€¨€¨€¨€¨€¨€¨€¨€¨€¨€¨€¨€¨€¨€¨€¨€¨€¨€¨€¨€¨€¨€¨€¨€¨€¨€¨€¨€¨€¨€¨€¨€¨€¨€¨€| 133/133 [00:16<00:00,  8.09it/s, beta=0.000122, cen=2.11, cls=0.807, kl=4.5, loss=0.00647, perc=0.000372, recon=0.00183]
Epoch 147/600: 100%|¨€¨€¨€¨€¨€¨€¨€¨€¨€¨€¨€¨€¨€¨€¨€¨€¨€¨€¨€¨€¨€¨€¨€¨€¨€¨€¨€¨€¨€¨€¨€¨€¨€¨€¨€¨€¨€¨€¨€¨€¨€¨€¨€¨€¨€| 133/133 [00:16<00:00,  8.13it/s, beta=0.000122, cen=2.08, cls=0.778, kl=4.5, loss=0.00622, perc=0.000356, recon=0.00168]
Epoch 148/600: 100%|¨€¨€¨€¨€¨€¨€¨€¨€¨€¨€¨€¨€¨€¨€¨€¨€¨€¨€¨€¨€¨€¨€¨€¨€¨€¨€¨€¨€¨€¨€¨€¨€¨€¨€¨€¨€¨€¨€¨€¨€¨€¨€¨€¨€¨€| 133/133 [00:16<00:00,  8.09it/s, beta=0.000123, cen=2.31, cls=0.933, kl=4.5, loss=0.00657, perc=0.000313, recon=0.00153]
Epoch 149/600: 100%|¨€¨€¨€¨€¨€¨€¨€¨€¨€¨€¨€¨€¨€¨€¨€¨€¨€¨€¨€¨€¨€¨€¨€¨€¨€¨€¨€¨€¨€¨€¨€¨€¨€¨€¨€¨€¨€¨€¨€¨€¨€¨€¨€¨€¨€| 133/133 [00:16<00:00,  8.12it/s, beta=0.000124, cen=2.19, cls=0.784, kl=4.5, loss=0.00687, perc=0.000443, recon=0.00211]
Epoch 150/600: 100%|¨€¨€¨€¨€¨€¨€¨€¨€¨€¨€¨€¨€¨€¨€¨€¨€¨€¨€¨€¨€¨€¨€¨€¨€¨€¨€¨€¨€¨€¨€¨€¨€¨€¨€¨€¨€¨€¨€¨€¨€¨€¨€¨€¨€¨€¨€| 133/133 [00:16<00:00,  8.10it/s, beta=0.000125, cen=2.09, cls=0.852, kl=4.5, loss=0.0065, perc=0.000388, recon=0.00176]
Epoch 151/600: 100%|¨€¨€¨€¨€¨€¨€¨€¨€¨€¨€¨€¨€¨€¨€¨€¨€¨€¨€¨€¨€¨€¨€¨€¨€¨€¨€¨€¨€¨€¨€¨€¨€¨€¨€¨€¨€¨€¨€¨€¨€¨€¨€¨€¨€¨€¨€| 133/133 [00:16<00:00,  8.06it/s, beta=0.000126, cen=2.1, cls=0.821, kl=4.5, loss=0.00641, perc=0.000381, recon=0.00172]
Epoch 152/600: 100%|¨€¨€¨€¨€¨€¨€¨€¨€¨€¨€¨€¨€¨€¨€¨€¨€¨€¨€¨€¨€¨€¨€¨€¨€¨€¨€¨€¨€¨€¨€¨€¨€¨€¨€¨€¨€¨€¨€¨€¨€¨€¨€¨€¨€¨€| 133/133 [00:16<00:00,  8.11it/s, beta=0.000127, cen=2.15, cls=0.808, kl=4.5, loss=0.00625, perc=0.000322, recon=0.00159]
Epoch 153/600: 100%|¨€¨€¨€¨€¨€¨€¨€¨€¨€¨€¨€¨€¨€¨€¨€¨€¨€¨€¨€¨€¨€¨€¨€¨€¨€¨€¨€¨€¨€¨€¨€¨€¨€¨€¨€¨€¨€¨€¨€¨€¨€¨€¨€¨€¨€¨€¨€| 133/133 [00:16<00:00,  8.08it/s, beta=0.000128, cen=2.2, cls=0.642, kl=4.5, loss=0.0059, perc=0.000316, recon=0.00152]
Epoch 154/600: 100%|¨€¨€¨€¨€¨€¨€¨€¨€¨€¨€¨€¨€¨€¨€¨€¨€¨€¨€¨€¨€¨€¨€¨€¨€¨€¨€¨€¨€¨€¨€¨€¨€¨€¨€¨€¨€¨€¨€¨€¨€¨€¨€¨€¨€| 133/133 [00:16<00:00,  8.07it/s, beta=0.000128, cen=4.05, cls=0.683, kl=4.49, loss=0.00892, perc=0.000462, recon=0.00247]
Epoch 155/600: 100%|¨€¨€¨€¨€¨€¨€¨€¨€¨€¨€¨€¨€¨€¨€¨€¨€¨€¨€¨€¨€¨€¨€¨€¨€¨€¨€¨€¨€¨€¨€¨€¨€¨€¨€¨€¨€¨€¨€¨€¨€¨€¨€¨€¨€¨€¨€| 133/133 [00:16<00:00,  8.10it/s, beta=0.000129, cen=2.1, cls=0.684, kl=4.5, loss=0.00608, perc=0.000351, recon=0.00168]
Epoch 156/600: 100%|¨€¨€¨€¨€¨€¨€¨€¨€¨€¨€¨€¨€¨€¨€¨€¨€¨€¨€¨€¨€¨€¨€¨€¨€¨€¨€¨€¨€¨€¨€¨€¨€¨€¨€¨€¨€¨€¨€¨€¨€¨€¨€¨€¨€¨€¨€| 133/133 [00:16<00:00,  8.09it/s, beta=0.00013, cen=2.12, cls=0.844, kl=4.5, loss=0.00645, perc=0.000366, recon=0.00169]
Epoch 157/600: 100%|¨€¨€¨€¨€¨€¨€¨€¨€¨€¨€¨€¨€¨€¨€¨€¨€¨€¨€¨€¨€¨€¨€¨€¨€¨€¨€¨€¨€¨€¨€¨€¨€¨€¨€¨€¨€¨€¨€¨€¨€¨€¨€¨€¨€¨€| 133/133 [00:16<00:00,  8.12it/s, beta=0.000131, cen=2.06, cls=0.803, kl=4.5, loss=0.00621, perc=0.000344, recon=0.00161]
Epoch 158/600: 100%|¨€¨€¨€¨€¨€¨€¨€¨€¨€¨€¨€¨€¨€¨€¨€¨€¨€¨€¨€¨€¨€¨€¨€¨€¨€¨€¨€¨€¨€¨€¨€¨€¨€¨€¨€¨€¨€¨€¨€¨€¨€¨€¨€¨€¨€| 133/133 [00:16<00:00,  8.11it/s, beta=0.000132, cen=2.09, cls=0.713, kl=4.5, loss=0.00606, perc=0.000332, recon=0.00162]
Epoch 159/600: 100%|¨€¨€¨€¨€¨€¨€¨€¨€¨€¨€¨€¨€¨€¨€¨€¨€¨€¨€¨€¨€¨€¨€¨€¨€¨€¨€¨€¨€¨€¨€¨€¨€¨€¨€¨€¨€¨€¨€¨€¨€¨€¨€¨€¨€¨€¨€| 133/133 [00:16<00:00,  8.10it/s, beta=0.000132, cen=2.16, cls=0.754, kl=4.5, loss=0.00625, perc=0.00034, recon=0.00165]
Epoch 160/600: 100%|¨€¨€¨€¨€¨€¨€¨€¨€¨€¨€¨€¨€¨€¨€¨€¨€¨€¨€¨€¨€¨€¨€¨€¨€¨€¨€¨€¨€¨€¨€¨€¨€¨€¨€¨€¨€¨€¨€¨€¨€¨€¨€¨€¨€¨€¨€¨€¨€| 133/133 [00:16<00:00,  8.16it/s, beta=0.000133, cen=2.1, cls=0.622, kl=4.5, loss=0.00601, perc=0.00037, recon=0.0017]
Epoch 161/600: 100%|¨€¨€¨€¨€¨€¨€¨€¨€¨€¨€¨€¨€¨€¨€¨€¨€¨€¨€¨€¨€¨€¨€¨€¨€¨€¨€¨€¨€¨€¨€¨€¨€¨€¨€¨€¨€¨€¨€¨€¨€¨€¨€¨€¨€¨€| 133/133 [00:16<00:00,  8.06it/s, beta=0.000134, cen=2.23, cls=0.787, kl=4.5, loss=0.00626, perc=0.000315, recon=0.00153]
Epoch 162/600: 100%|¨€¨€¨€¨€¨€¨€¨€¨€¨€¨€¨€¨€¨€¨€¨€¨€¨€¨€¨€¨€¨€¨€¨€¨€¨€¨€¨€¨€¨€¨€¨€¨€¨€¨€¨€¨€¨€¨€¨€¨€¨€¨€¨€¨€¨€| 133/133 [00:16<00:00,  8.11it/s, beta=0.000135, cen=2.08, cls=0.662, kl=4.5, loss=0.00628, perc=0.000406, recon=0.00186]
Epoch 163/600: 100%|¨€¨€¨€¨€¨€¨€¨€¨€¨€¨€¨€¨€¨€¨€¨€¨€¨€¨€¨€¨€¨€¨€¨€¨€¨€¨€¨€¨€¨€¨€¨€¨€¨€¨€¨€¨€¨€¨€¨€¨€¨€¨€¨€¨€¨€| 133/133 [00:16<00:00,  8.01it/s, beta=0.000136, cen=2.06, cls=0.726, kl=4.5, loss=0.00623, perc=0.000366, recon=0.00174]
Epoch 164/600: 100%|¨€¨€¨€¨€¨€¨€¨€¨€¨€¨€¨€¨€¨€¨€¨€¨€¨€¨€¨€¨€¨€¨€¨€¨€¨€¨€¨€¨€¨€¨€¨€¨€¨€¨€¨€¨€¨€¨€¨€¨€¨€¨€¨€¨€¨€¨€| 133/133 [00:16<00:00,  8.11it/s, beta=0.000137, cen=2.03, cls=0.73, kl=4.5, loss=0.00611, perc=0.000346, recon=0.00166]
Epoch 165/600: 100%|¨€¨€¨€¨€¨€¨€¨€¨€¨€¨€¨€¨€¨€¨€¨€¨€¨€¨€¨€¨€¨€¨€¨€¨€¨€¨€¨€¨€¨€¨€¨€¨€¨€¨€¨€¨€¨€¨€¨€¨€¨€¨€¨€¨€¨€| 133/133 [00:16<00:00,  8.08it/s, beta=0.000138, cen=2.05, cls=0.744, kl=4.5, loss=0.00603, perc=0.000324, recon=0.00155]
Epoch 166/600: 100%|¨€¨€¨€¨€¨€¨€¨€¨€¨€¨€¨€¨€¨€¨€¨€¨€¨€¨€¨€¨€¨€¨€¨€¨€¨€¨€¨€¨€¨€¨€¨€¨€¨€¨€¨€¨€¨€¨€¨€¨€¨€¨€¨€¨€¨€| 133/133 [00:16<00:00,  8.11it/s, beta=0.000138, cen=2.04, cls=0.782, kl=4.5, loss=0.00692, perc=0.000483, recon=0.00221]
Epoch 167/600: 100%|¨€¨€¨€¨€¨€¨€¨€¨€¨€¨€¨€¨€¨€¨€¨€¨€¨€¨€¨€¨€¨€¨€¨€¨€¨€¨€¨€¨€¨€¨€¨€¨€¨€¨€¨€¨€¨€¨€¨€¨€¨€¨€¨€¨€¨€| 133/133 [00:16<00:00,  8.12it/s, beta=0.000139, cen=2.07, cls=0.724, kl=4.5, loss=0.00619, perc=0.000359, recon=0.00169]
Epoch 168/600: 100%|¨€¨€¨€¨€¨€¨€¨€¨€¨€¨€¨€¨€¨€¨€¨€¨€¨€¨€¨€¨€¨€¨€¨€¨€¨€¨€¨€¨€¨€¨€¨€¨€¨€¨€¨€¨€¨€¨€¨€¨€¨€¨€¨€¨€¨€¨€| 133/133 [00:16<00:00,  8.05it/s, beta=0.00014, cen=2.01, cls=0.954, kl=4.5, loss=0.00657, perc=0.000349, recon=0.00167]
Epoch 169/600: 100%|¨€¨€¨€¨€¨€¨€¨€¨€¨€¨€¨€¨€¨€¨€¨€¨€¨€¨€¨€¨€¨€¨€¨€¨€¨€¨€¨€¨€¨€¨€¨€¨€¨€¨€¨€¨€¨€¨€¨€¨€¨€¨€¨€¨€¨€| 133/133 [00:16<00:00,  8.13it/s, beta=0.000141, cen=2.22, cls=0.822, kl=4.5, loss=0.00636, perc=0.000306, recon=0.00155]
Epoch 170/600: 100%|¨€¨€¨€¨€¨€¨€¨€¨€¨€¨€¨€¨€¨€¨€¨€¨€¨€¨€¨€¨€¨€¨€¨€¨€¨€¨€¨€¨€¨€¨€¨€¨€¨€¨€¨€¨€¨€¨€¨€¨€¨€¨€¨€¨€¨€¨€¨€¨€| 133/133 [00:16<00:00,  8.11it/s, beta=0.000142, cen=2.13, cls=0.63, kl=4.5, loss=0.006, perc=0.000337, recon=0.00163]
Epoch 171/600: 100%|¨€¨€¨€¨€¨€¨€¨€¨€¨€¨€¨€¨€¨€¨€¨€¨€¨€¨€¨€¨€¨€¨€¨€¨€¨€¨€¨€¨€¨€¨€¨€¨€¨€¨€¨€¨€¨€¨€¨€¨€¨€¨€¨€¨€¨€¨€¨€| 133/133 [00:16<00:00,  8.13it/s, beta=0.000143, cen=3.02, cls=0.82, kl=4.5, loss=0.00831, perc=0.00049, recon=0.00252]
Epoch 172/600: 100%|¨€¨€¨€¨€¨€¨€¨€¨€¨€¨€¨€¨€¨€¨€¨€¨€¨€¨€¨€¨€¨€¨€¨€¨€¨€¨€¨€¨€¨€¨€¨€¨€¨€¨€¨€¨€¨€¨€¨€¨€¨€¨€¨€¨€¨€| 133/133 [00:16<00:00,  8.11it/s, beta=0.000143, cen=2.06, cls=0.669, kl=4.5, loss=0.00631, perc=0.000406, recon=0.00186]
Epoch 173/600: 100%|¨€¨€¨€¨€¨€¨€¨€¨€¨€¨€¨€¨€¨€¨€¨€¨€¨€¨€¨€¨€¨€¨€¨€¨€¨€¨€¨€¨€¨€¨€¨€¨€¨€¨€¨€¨€¨€¨€¨€¨€¨€¨€¨€¨€¨€¨€| 133/133 [00:16<00:00,  7.99it/s, beta=0.000144, cen=1.95, cls=0.716, kl=4.5, loss=0.00592, perc=0.00033, recon=0.00156]
Epoch 174/600: 100%|¨€¨€¨€¨€¨€¨€¨€¨€¨€¨€¨€¨€¨€¨€¨€¨€¨€¨€¨€¨€¨€¨€¨€¨€¨€¨€¨€¨€¨€¨€¨€¨€¨€¨€¨€¨€¨€¨€¨€¨€¨€¨€¨€¨€¨€| 133/133 [00:16<00:00,  8.03it/s, beta=0.000145, cen=2.04, cls=0.601, kl=4.5, loss=0.00624, perc=0.000394, recon=0.00196]