Epoch 01:
  Train → Total=125.25027575, Recon=0.02533618, Cls=4.97073669,Acc=0.0202
  Val   → Total=122.81273239, Recon=0.00852010, Cls=4.85476405, Acc=0.0288
Saved checkpoint_epoch1.pt
Epoch 02:
  Train → Total=124.14387950, Recon=0.00491423, Cls=4.82928608,Acc=0.0296
  Val   → Total=122.08783317, Recon=0.00420972, Cls=4.75559565, Acc=0.0273
Saved checkpoint_epoch2.pt
Epoch 03:
  Train → Total=123.76870468, Recon=0.00345113, Cls=4.72596708,Acc=0.0353
  Val   → Total=121.74971781, Recon=0.00307781, Cls=4.63957408, Acc=0.0449
Saved checkpoint_epoch3.pt
Epoch 04:
  Train → Total=123.45169228, Recon=0.00256512, Cls=4.63760996,Acc=0.0412
  Val   → Total=121.47822529, Recon=0.00237184, Cls=4.58801225, Acc=0.0450
Saved checkpoint_epoch4.pt
Epoch 05:
  Train → Total=123.19710789, Recon=0.00200868, Cls=4.57788565,Acc=0.0449
  Val   → Total=121.21184816, Recon=0.00183479, Cls=4.54480947, Acc=0.0484
Saved checkpoint_epoch5.pt
Epoch 06:
  Train → Total=122.97106205, Recon=0.00161321, Cls=4.52804055,Acc=0.0479
  Val   → Total=121.54197744, Recon=0.00258484, Cls=4.48888559, Acc=0.0477
Saved checkpoint_epoch6.pt
Epoch 07:
  Train → Total=122.88752511, Recon=0.00150310, Cls=4.47096021,Acc=0.0527
  Val   → Total=121.06331409, Recon=0.00159040, Cls=4.51876485, Acc=0.0507
Saved checkpoint_epoch7.pt
Epoch 08:
  Train → Total=122.82187514, Recon=0.00142268, Cls=4.42964731,Acc=0.0535
  Val   → Total=121.11521416, Recon=0.00171290, Cls=4.41903556, Acc=0.0616
Saved checkpoint_epoch8.pt
Epoch 09:
  Train → Total=122.72739212, Recon=0.00130496, Cls=4.39164013,Acc=0.0585
  Val   → Total=120.90877565, Recon=0.00140661, Cls=4.37864536, Acc=0.0557
Saved checkpoint_epoch9.pt
Epoch 10:
  Train → Total=122.69294006, Recon=0.00127247, Cls=4.35433599,Acc=0.0641
  Val   → Total=120.68575897, Recon=0.00112793, Cls=4.36997334, Acc=0.0624
Saved checkpoint_epoch10.pt
Epoch 11:
  Train → Total=122.58532507, Recon=0.00115155, Cls=4.31208876,Acc=0.0670
  Val   → Total=120.59991693, Recon=0.00104034, Cls=4.34848747, Acc=0.0669
Saved checkpoint_epoch11.pt
Epoch 12:
  Train → Total=122.55176000, Recon=0.00112450, Cls=4.27981456,Acc=0.0681
  Val   → Total=120.85265296, Recon=0.00132797, Cls=4.38485044, Acc=0.0640
Saved checkpoint_epoch12.pt
Epoch 13:
  Train → Total=122.52397382, Recon=0.00110089, Cls=4.24723269,Acc=0.0708
  Val   → Total=120.65107148, Recon=0.00110809, Cls=4.29610806, Acc=0.0691
Saved checkpoint_epoch13.pt
Epoch 14:
  Train → Total=122.43918570, Recon=0.00102012, Cls=4.21150311,Acc=0.0741
  Val   → Total=120.55779699, Recon=0.00101211, Cls=4.28579168, Acc=0.0691
Saved checkpoint_epoch14.pt
Epoch 15:
  Train → Total=122.43319369, Recon=0.00102257, Cls=4.18761323,Acc=0.0768
  Val   → Total=120.51975676, Recon=0.00097296, Cls=4.29168615, Acc=0.0741
Saved checkpoint_epoch15.pt
Epoch 16:
  Train → Total=122.38686070, Recon=0.00097971, Cls=4.16587528,Acc=0.0777
  Val   → Total=120.81719971, Recon=0.00106465, Cls=5.28241447, Acc=0.0381
Saved checkpoint_epoch16.pt
Epoch 17:
  Train → Total=122.31305955, Recon=0.00091650, Cls=4.13171260,Acc=0.0810
  Val   → Total=120.51844575, Recon=0.00096813, Cls=4.30685902, Acc=0.0714
Saved checkpoint_epoch17.pt
Epoch 18:
  Train → Total=122.28922133, Recon=0.00090128, Cls=4.10458942,Acc=0.0833
  Val   → Total=120.35971327, Recon=0.00084461, Cls=4.21317673, Acc=0.0753
Saved checkpoint_epoch18.pt
Epoch 19:
  Train → Total=122.22626453, Recon=0.00085236, Cls=4.07793286,Acc=0.0874
  Val   → Total=120.35188955, Recon=0.00083979, Cls=4.20408414, Acc=0.0692
Saved checkpoint_epoch19.pt
Epoch 20:
  Train → Total=122.20318183, Recon=0.00083514, Cls=4.06195237,Acc=0.0858
  Val   → Total=120.31839371, Recon=0.00081307, Cls=4.19955956, Acc=0.0676
Saved checkpoint_epoch20.pt
Epoch 21:
  Train → Total=122.14331756, Recon=0.00079563, Cls=4.01609604,Acc=0.0907
  Val   → Total=120.34683336, Recon=0.00083723, Cls=4.19581191, Acc=0.0787
Saved checkpoint_epoch21.pt
Epoch 22:
  Train → Total=122.15575777, Recon=0.00080474, Cls=4.01820067,Acc=0.0928
  Val   → Total=120.53788319, Recon=0.00093324, Cls=4.55586586, Acc=0.0503
Saved checkpoint_epoch22.pt
Epoch 23:
  Train → Total=122.14605651, Recon=0.00080426, Cls=3.99122826,Acc=0.0939
  Val   → Total=120.32500280, Recon=0.00081109, Cls=4.23808626, Acc=0.0731
Saved checkpoint_epoch23.pt
Epoch 24:
  Train → Total=122.12404750, Recon=0.00079327, Cls=3.96051486,Acc=0.0968
  Val   → Total=120.30641870, Recon=0.00079601, Cls=4.23821316, Acc=0.0748
Saved checkpoint_epoch24.pt
Epoch 25:
  Train → Total=122.07938703, Recon=0.00076149, Cls=3.94156664,Acc=0.0987
  Val   → Total=120.21631753, Recon=0.00074735, Cls=4.12538325, Acc=0.0832
Saved checkpoint_epoch25.pt
Epoch 26:
  Train → Total=122.04479821, Recon=0.00073981, Cls=3.91944490,Acc=0.0984
  Val   → Total=120.19521491, Recon=0.00071806, Cls=4.20535580, Acc=0.0699
Saved checkpoint_epoch26.pt
Epoch 27:
  Train → Total=122.04270938, Recon=0.00074058, Cls=3.90654645,Acc=0.1012
  Val   → Total=120.19553477, Recon=0.00073136, Cls=4.12923929, Acc=0.0771
Saved checkpoint_epoch27.pt
Epoch 28:
  Train → Total=122.01268509, Recon=0.00072255, Cls=3.88357219,Acc=0.1031
  Val   → Total=120.09941632, Recon=0.00066891, Cls=4.10257947, Acc=0.0860
Saved checkpoint_epoch28.pt
Epoch 29:
  Train → Total=121.97733253, Recon=0.00070085, Cls=3.86614482,Acc=0.1062
  Val   → Total=120.15806516, Recon=0.00070231, Cls=4.14247220, Acc=0.0760
Saved checkpoint_epoch29.pt
Epoch 30:
  Train → Total=121.96870355, Recon=0.00069741, Cls=3.85410404,Acc=0.1086
  Val   → Total=120.01225128, Recon=0.00061270, Cls=4.10568611, Acc=0.0850
Saved checkpoint_epoch30.pt
Epoch 31:
  Train → Total=121.96718358, Recon=0.00070117, Cls=3.83280602,Acc=0.1092
  Val   → Total=120.35837215, Recon=0.00085041, Cls=4.17824055, Acc=0.0748
Saved checkpoint_epoch31.pt
Epoch 32:
  Train → Total=121.94830801, Recon=0.00069083, Cls=3.81680677,Acc=0.1105
  Val   → Total=120.03127899, Recon=0.00062863, Cls=4.07805465, Acc=0.0778
Saved checkpoint_epoch32.pt
Epoch 33:
  Train → Total=121.90579316, Recon=0.00066519, Cls=3.79338149,Acc=0.1111
  Val   → Total=120.25350005, Recon=0.00077504, Cls=4.12822032, Acc=0.0765
Saved checkpoint_epoch33.pt
Epoch 34:
  Train → Total=121.88559553, Recon=0.00065492, Cls=3.77000104,Acc=0.1174
  Val   → Total=119.96167943, Recon=0.00058774, Cls=4.06914592, Acc=0.0845
Saved checkpoint_epoch34.pt
Epoch 35:
  Train → Total=121.86435149, Recon=0.00064383, Cls=3.75314981,Acc=0.1210
  Val   → Total=120.03024921, Recon=0.00062831, Cls=4.07539976, Acc=0.0800
Saved checkpoint_epoch35.pt
Epoch 36:
  Train → Total=121.88681348, Recon=0.00066417, Cls=3.74025452,Acc=0.1204
  Val   → Total=120.15718377, Recon=0.00071363, Cls=4.07244824, Acc=0.0810
Saved checkpoint_epoch36.pt
Epoch 37:
  Train → Total=121.83922005, Recon=0.00063380, Cls=3.72099427,Acc=0.1221
  Val   → Total=119.90025899, Recon=0.00055598, Cls=4.04588664, Acc=0.0795
Saved checkpoint_epoch37.pt
Epoch 38:
  Train → Total=121.80069763, Recon=0.00061533, Cls=3.68919164,Acc=0.1223
  Val   → Total=120.06385625, Recon=0.00065529, Cls=4.04074642, Acc=0.0850
Saved checkpoint_epoch38.pt
Epoch 39:
  Train → Total=121.78018125, Recon=0.00060493, Cls=3.67409020,Acc=0.1248
  Val   → Total=119.98312445, Recon=0.00059453, Cls=4.10928510, Acc=0.0872
Saved checkpoint_epoch39.pt
Epoch 40:
  Train → Total=121.77833213, Recon=0.00060864, Cls=3.64762479,Acc=0.1312
  Val   → Total=119.95823596, Recon=0.00058271, Cls=4.08906144, Acc=0.0845
Saved checkpoint_epoch40.pt
Epoch 41:
  Train → Total=121.74820924, Recon=0.00059138, Cls=3.64024230,Acc=0.1337
  Val   → Total=119.97727982, Recon=0.00059519, Cls=4.07987018, Acc=0.0750
Saved checkpoint_epoch41.pt
Epoch 42:
  Train → Total=121.70591838, Recon=0.00057087, Cls=3.61162912,Acc=0.1350
  Val   → Total=119.85668720, Recon=0.00053446, Cls=4.02899931, Acc=0.0879
Saved checkpoint_epoch42.pt
Epoch 43:
  Train → Total=121.73170541, Recon=0.00058695, Cls=3.61044262,Acc=0.1346
  Val   → Total=120.30072276, Recon=0.00060136, Cls=5.58438842, Acc=0.0438
Saved checkpoint_epoch43.pt
Epoch 44:
  Train → Total=121.69905653, Recon=0.00057110, Cls=3.58622258,Acc=0.1404
  Val   → Total=119.79725355, Recon=0.00050366, Cls=4.02975041, Acc=0.0957
Saved checkpoint_epoch44.pt
Epoch 45:
  Train → Total=121.68072187, Recon=0.00056346, Cls=3.57093891,Acc=0.1411
  Val   → Total=119.96004489, Recon=0.00056319, Cls=4.23814306, Acc=0.0661
Saved checkpoint_epoch45.pt
Epoch 46:
  Train → Total=121.71332195, Recon=0.00058581, Cls=3.55009963,Acc=0.1469
  Val   → Total=119.87224728, Recon=0.00054426, Cls=4.01771795, Acc=0.0829
Saved checkpoint_epoch46.pt
Epoch 47:
  Train → Total=121.68380476, Recon=0.00057198, Cls=3.52939333,Acc=0.1432
  Val   → Total=119.97406718, Recon=0.00051298, Cls=4.72166700, Acc=0.0556
Saved checkpoint_epoch47.pt
Epoch 48:
  Train → Total=121.64850128, Recon=0.00055577, Cls=3.50678356,Acc=0.1498
  Val   → Total=119.81682800, Recon=0.00051903, Cls=3.98593860, Acc=0.0913
Saved checkpoint_epoch48.pt
Epoch 49:
  Train → Total=121.62533987, Recon=0.00054645, Cls=3.47943068,Acc=0.1540
  Val   → Total=119.89941018, Recon=0.00054465, Cls=4.12559657, Acc=0.0940
Saved checkpoint_epoch49.pt
Epoch 50:
  Train → Total=121.60841444, Recon=0.00053894, Cls=3.46774646,Acc=0.1557
  Val   → Total=119.76504958, Recon=0.00048643, Cls=4.03973454, Acc=0.0829
Saved checkpoint_epoch50.pt
Epoch 51:
  Train → Total=121.57459612, Recon=0.00052446, Cls=3.44624689,Acc=0.1543
  Val   → Total=119.88546092, Recon=0.00052736, Cls=4.20119425, Acc=0.0745
Saved checkpoint_epoch51.pt
Epoch 52:
  Train → Total=121.58184103, Recon=0.00053447, Cls=3.40863390,Acc=0.1599
  Val   → Total=119.82045352, Recon=0.00051428, Cls=4.03707789, Acc=0.0890
Saved checkpoint_epoch52.pt
Epoch 53:
  Train → Total=121.55130989, Recon=0.00051975, Cls=3.40326927,Acc=0.1619
  Val   → Total=119.84737822, Recon=0.00051958, Cls=4.10562558, Acc=0.0790
Saved checkpoint_epoch53.pt
Epoch 54:
  Train → Total=121.54791461, Recon=0.00052056, Cls=3.38599332,Acc=0.1686
  Val   → Total=119.82547735, Recon=0.00049174, Cls=4.24494929, Acc=0.0929
Saved checkpoint_epoch54.pt
Epoch 55:
  Train → Total=121.54469815, Recon=0.00052154, Cls=3.36536963,Acc=0.1686
  Val   → Total=119.89328575, Recon=0.00052834, Cls=4.22715991, Acc=0.0923
Saved checkpoint_epoch55.pt
Epoch 56:
  Train → Total=121.51560968, Recon=0.00051116, Cls=3.33802261,Acc=0.1721
  Val   → Total=119.91741501, Recon=0.00053860, Cls=4.24717202, Acc=0.0856
Saved checkpoint_epoch56.pt
Epoch 57:
  Train → Total=121.41775941, Recon=0.00048027, Cls=3.21828829,Acc=0.1962
  Val   → Total=119.74968290, Recon=0.00045204, Cls=4.28275755, Acc=0.0796
Saved checkpoint_epoch57.pt
Epoch 58:
  Train → Total=121.38042834, Recon=0.00047073, Cls=3.16677965,Acc=0.2032
  Val   → Total=119.76747284, Recon=0.00045304, Cls=4.34916873, Acc=0.0891
Saved checkpoint_epoch58.pt
Epoch 59:
  Train → Total=121.36275212, Recon=0.00046476, Cls=3.14781125,Acc=0.2113
  Val   → Total=119.67335081, Recon=0.00044352, Cls=4.04226888, Acc=0.0852
Saved checkpoint_epoch59.pt
Epoch 60:
  Train → Total=121.34946243, Recon=0.00046258, Cls=3.11811928,Acc=0.2142
  Val   → Total=119.74906788, Recon=0.00046871, Cls=4.12701147, Acc=0.0774
Saved checkpoint_epoch60.pt
Epoch 61:
  Train → Total=121.33471173, Recon=0.00045883, Cls=3.09914641,Acc=0.2178
  Val   → Total=119.73290122, Recon=0.00043698, Cls=4.35628193, Acc=0.0857
Saved checkpoint_epoch61.pt
Epoch 62:
  Train → Total=121.33500368, Recon=0.00046201, Cls=3.08051687,Acc=0.2167
  Val   → Total=119.68978866, Recon=0.00043889, Cls=4.15321614, Acc=0.0908
Saved checkpoint_epoch62.pt
Epoch 63:
  Train → Total=121.31152555, Recon=0.00045493, Cls=3.05287643,Acc=0.2252
  Val   → Total=119.76536773, Recon=0.00048132, Cls=4.08293641, Acc=0.0824
Saved checkpoint_epoch63.pt
Epoch 64:
  Train → Total=121.29190969, Recon=0.00044968, Cls=3.02875847,Acc=0.2308
  Val   → Total=119.89066092, Recon=0.00051323, Cls=4.34000842, Acc=0.0973
Saved checkpoint_epoch64.pt
Epoch 65:
  Train → Total=121.28323366, Recon=0.00045080, Cls=2.99713348,Acc=0.2428
  Val   → Total=119.67422638, Recon=0.00044733, Cls=4.01068910, Acc=0.0969
Saved checkpoint_epoch65.pt
Epoch 66:
  Train → Total=121.20785453, Recon=0.00043353, Cls=2.89061978,Acc=0.2579
  Val   → Total=119.63922030, Recon=0.00041520, Cls=4.17472312, Acc=0.0886
Saved checkpoint_epoch66.pt
Epoch 67:
  Train → Total=121.19652404, Recon=0.00043201, Cls=2.86874265,Acc=0.2563
  Val   → Total=119.70665887, Recon=0.00040141, Cls=4.62183002, Acc=0.0941
Saved checkpoint_epoch67.pt
Epoch 68:
  Train → Total=121.17932923, Recon=0.00043246, Cls=2.81821924,Acc=0.2728
  Val   → Total=119.63355672, Recon=0.00042136, Cls=4.08940317, Acc=0.0925
Saved checkpoint_epoch68.pt
Epoch 69:
  Train → Total=121.16685039, Recon=0.00042617, Cls=2.82016768,Acc=0.2758
  Val   → Total=119.70627708, Recon=0.00040898, Cls=4.53318392, Acc=0.0852
Saved checkpoint_epoch69.pt
Epoch 70:
  Train → Total=121.15400079, Recon=0.00042567, Cls=2.78822596,Acc=0.2795
  Val   → Total=119.69688174, Recon=0.00040501, Cls=4.53479039, Acc=0.1003
Saved checkpoint_epoch70.pt
Epoch 71:
  Train → Total=121.14482529, Recon=0.00042418, Cls=2.77220325,Acc=0.2867
  Val   → Total=119.61201944, Recon=0.00040321, Cls=4.18327648, Acc=0.0858
Saved checkpoint_epoch71.pt
Epoch 72:
  Train → Total=121.13860475, Recon=0.00042459, Cls=2.75362229,Acc=0.2906
  Val   → Total=119.94491765, Recon=0.00040698, Cls=5.78448079, Acc=0.0689
Saved checkpoint_epoch72.pt
Epoch 73:
  Train → Total=121.12603634, Recon=0.00042382, Cls=2.72593399,Acc=0.2932
  Val   → Total=119.80412537, Recon=0.00041581, Cls=4.91504494, Acc=0.0835
Saved checkpoint_epoch73.pt
Epoch 74:
  Train → Total=121.10614473, Recon=0.00041768, Cls=2.70852556,Acc=0.2976
  Val   → Total=119.62175436, Recon=0.00039958, Cls=4.26349165, Acc=0.0914
Saved checkpoint_epoch74.pt
Epoch 75:
  Train → Total=121.10614954, Recon=0.00041987, Cls=2.69555604,Acc=0.3050
  Val   → Total=119.65215556, Recon=0.00040994, Cls=4.28472916, Acc=0.0958
Saved checkpoint_epoch75.pt
Epoch 76:
  Train → Total=121.09426911, Recon=0.00041880, Cls=2.67040675,Acc=0.3093
  Val   → Total=119.80428518, Recon=0.00039860, Cls=5.13110790, Acc=0.0818
Saved checkpoint_epoch76.pt
Epoch 77:
  Train → Total=121.08683571, Recon=0.00041870, Cls=2.65320545,Acc=0.3095
  Val   → Total=120.06580540, Recon=0.00041929, Cls=6.33774770, Acc=0.0566
Saved checkpoint_epoch77.pt
Epoch 78:
  Train → Total=121.03948079, Recon=0.00041108, Cls=2.57540113,Acc=0.3321
  Val   → Total=119.62511317, Recon=0.00038955, Cls=4.38865089, Acc=0.0886
Saved checkpoint_epoch78.pt
Epoch 79:
  Train → Total=121.01505312, Recon=0.00040655, Cls=2.54399569,Acc=0.3379
  Val   → Total=119.72029600, Recon=0.00038889, Cls=4.83589023, Acc=0.0969
Saved checkpoint_epoch79.pt
Epoch 80:
  Train → Total=121.01291397, Recon=0.00040820, Cls=2.52592966,Acc=0.3414
  Val   → Total=119.64638602, Recon=0.00038904, Cls=4.48959020, Acc=0.0914
Saved checkpoint_epoch80.pt
Epoch 81:
  Train → Total=121.00612837, Recon=0.00040513, Cls=2.52845979,Acc=0.3399
  Val   → Total=119.65339146, Recon=0.00039382, Cls=4.46613515, Acc=0.0858
Saved checkpoint_epoch81.pt
Epoch 82:
  Train → Total=120.99778053, Recon=0.00040601, Cls=2.50082460,Acc=0.3508
  Val   → Total=119.78176114, Recon=0.00038748, Cls=5.16242065, Acc=0.0829
Saved checkpoint_epoch82.pt
Epoch 83:
  Train → Total=120.97865918, Recon=0.00040376, Cls=2.46804111,Acc=0.3551
  Val   → Total=119.68877077, Recon=0.00039208, Cls=4.64851027, Acc=0.0919
Saved checkpoint_epoch83.pt
Epoch 84:
  Train → Total=120.95935868, Recon=0.00039987, Cls=2.44513848,Acc=0.3537
  Val   → Total=119.69016212, Recon=0.00038135, Cls=4.78583161, Acc=0.0869
Saved checkpoint_epoch84.pt
Epoch 85:
  Train → Total=120.95378763, Recon=0.00040016, Cls=2.42916598,Acc=0.3663
  Val   → Total=119.70212008, Recon=0.00038220, Cls=4.83333092, Acc=0.0891
Saved checkpoint_epoch85.pt
Epoch 86:
  Train → Total=120.94579431, Recon=0.00040050, Cls=2.40874218,Acc=0.3746
  Val   → Total=119.78117787, Recon=0.00038295, Cls=5.22006489, Acc=0.0924
Saved checkpoint_epoch86.pt
Epoch 87:
  Train → Total=120.94495898, Recon=0.00039964, Cls=2.41219957,Acc=0.3689
  Val   → Total=119.73519471, Recon=0.00038155, Cls=5.00371723, Acc=0.0880
Saved checkpoint_epoch87.pt
Epoch 88:
  Train → Total=120.94443724, Recon=0.00039914, Cls=2.41374583,Acc=0.3742
  Val   → Total=119.78848524, Recon=0.00038036, Cls=5.29386250, Acc=0.0913
Saved checkpoint_epoch88.pt
Epoch 89:
  Train → Total=120.92962007, Recon=0.00039644, Cls=2.39391379,Acc=0.3750
  Val   → Total=119.72379745, Recon=0.00037974, Cls=4.97048238, Acc=0.0874
Saved checkpoint_epoch89.pt
Epoch 90:
  Train → Total=120.90546595, Recon=0.00039409, Cls=2.34925335,Acc=0.3870
  Val   → Total=119.72617976, Recon=0.00037829, Cls=5.00142965, Acc=0.0913
Saved checkpoint_epoch90.pt
Epoch 91:
  Train → Total=120.90051217, Recon=0.00039407, Cls=2.33706796,Acc=0.3902
  Val   → Total=119.72854252, Recon=0.00037841, Cls=5.01181021, Acc=0.0874
Saved checkpoint_epoch91.pt
Epoch 92:
  Train → Total=120.90922175, Recon=0.00039581, Cls=2.35045469,Acc=0.3877
  Val   → Total=119.71715918, Recon=0.00037910, Cls=4.94631675, Acc=0.0863
Saved checkpoint_epoch92.pt
Epoch 93:
  Train → Total=120.91351456, Recon=0.00039567, Cls=2.36070130,Acc=0.3814
  Val   → Total=119.71405137, Recon=0.00037923, Cls=4.92904313, Acc=0.0846
Saved checkpoint_epoch93.pt
Epoch 94:
  Train → Total=120.90219592, Recon=0.00039460, Cls=2.33973469,Acc=0.3907
  Val   → Total=119.71833261, Recon=0.00037779, Cls=4.96895742, Acc=0.0874
Saved checkpoint_epoch94.pt
Epoch 95:
  Train → Total=120.90848525, Recon=0.00039534, Cls=2.35218056,Acc=0.3824
  Val   → Total=119.73567928, Recon=0.00037840, Cls=5.04816872, Acc=0.0869
Saved checkpoint_epoch95.pt
Epoch 96:
  Train → Total=120.89689681, Recon=0.00039295, Cls=2.33852086,Acc=0.3877
  Val   → Total=119.74204410, Recon=0.00037743, Cls=5.09349445, Acc=0.0891
Saved checkpoint_epoch96.pt
Epoch 97:
  Train → Total=120.88999722, Recon=0.00039281, Cls=2.32242014,Acc=0.3968
  Val   → Total=119.75737050, Recon=0.00037682, Cls=5.18029915, Acc=0.0891
Saved checkpoint_epoch97.pt
Epoch 98:
  Train → Total=120.89461644, Recon=0.00039290, Cls=2.33219102,Acc=0.3932
  Val   → Total=119.75238988, Recon=0.00037717, Cls=5.14978835, Acc=0.0891
Saved checkpoint_epoch98.pt
Epoch 99:
  Train → Total=120.88940995, Recon=0.00039273, Cls=2.32179168,Acc=0.3933
  Val   → Total=119.75976791, Recon=0.00037695, Cls=5.19157664, Acc=0.0885
Saved checkpoint_epoch99.pt
Epoch 100:
  Train → Total=120.88520902, Recon=0.00039221, Cls=2.31498308,Acc=0.3999
  Val   → Total=119.75494556, Recon=0.00037721, Cls=5.16289972, Acc=0.0863
Saved checkpoint_epoch100.pt
Epoch 101:
  Train → Total=120.88972414, Recon=0.00039325, Cls=2.31977232,Acc=0.3955
  Val   → Total=119.75118891, Recon=0.00037685, Cls=5.14844319, Acc=0.0913
Saved checkpoint_epoch101.pt
Epoch 102:
  Train → Total=120.88254419, Recon=0.00039275, Cls=2.30869847,Acc=0.3995
  Val   → Total=119.77015845, Recon=0.00037652, Cls=5.25159238, Acc=0.0902
Saved checkpoint_epoch102.pt
Epoch 103:
  Train → Total=120.87385168, Recon=0.00039088, Cls=2.29879279,Acc=0.4014
  Val   → Total=119.76348902, Recon=0.00037692, Cls=5.21097600, Acc=0.0896
Saved checkpoint_epoch103.pt
Epoch 104:
  Train → Total=120.87740860, Recon=0.00039153, Cls=2.29981306,Acc=0.4010
  Val   → Total=119.77125664, Recon=0.00037603, Cls=5.26464183, Acc=0.0891
Saved checkpoint_epoch104.pt
Epoch 105:
  Train → Total=120.88167571, Recon=0.00039278, Cls=2.30426754,Acc=0.3991
  Val   → Total=119.76425161, Recon=0.00037671, Cls=5.21796093, Acc=0.0896
Saved checkpoint_epoch105.pt
Epoch 106:
  Train → Total=120.87647936, Recon=0.00039153, Cls=2.29662939,Acc=0.4064
  Val   → Total=119.75935265, Recon=0.00037661, Cls=5.19404532, Acc=0.0874
Saved checkpoint_epoch106.pt
Epoch 107:
  Train → Total=120.88186665, Recon=0.00039270, Cls=2.30526798,Acc=0.3986
  Val   → Total=119.75795488, Recon=0.00037677, Cls=5.18467334, Acc=0.0885
Saved checkpoint_epoch107.pt
Epoch 108:
  Train → Total=120.87439155, Recon=0.00039085, Cls=2.29729000,Acc=0.3985
  Val   → Total=119.76285855, Recon=0.00037626, Cls=5.21706047, Acc=0.0880
Saved checkpoint_epoch108.pt
Epoch 109:
  Train → Total=120.87368552, Recon=0.00039050, Cls=2.29817648,Acc=0.3992
  Val   → Total=119.76366043, Recon=0.00037649, Cls=5.21788454, Acc=0.0913
Saved checkpoint_epoch109.pt
Epoch 110:
  Train → Total=120.88231954, Recon=0.00039133, Cls=2.31310419,Acc=0.4000
  Val   → Total=119.75755119, Recon=0.00037586, Cls=5.19512456, Acc=0.0902
Saved checkpoint_epoch110.pt
Epoch 111:
  Train → Total=120.87560403, Recon=0.00039123, Cls=2.30024908,Acc=0.4006
  Val   → Total=119.76062632, Recon=0.00037620, Cls=5.20569312, Acc=0.0913
Saved checkpoint_epoch111.pt
Epoch 112:
  Train → Total=120.87212489, Recon=0.00039109, Cls=2.29391181,Acc=0.4027
  Val   → Total=119.76452246, Recon=0.00037641, Cls=5.22342129, Acc=0.0907
Saved checkpoint_epoch112.pt
Epoch 113:
  Train → Total=120.87759667, Recon=0.00039124, Cls=2.30327832,Acc=0.4028
  Val   → Total=119.76308991, Recon=0.00037577, Cls=5.22531840, Acc=0.0868
Saved checkpoint_epoch113.pt
Epoch 114:
  Train → Total=120.86728011, Recon=0.00039104, Cls=2.28033110,Acc=0.4018
  Val   → Total=119.76124430, Recon=0.00037614, Cls=5.21027069, Acc=0.0896
Saved checkpoint_epoch114.pt
Epoch 115:
  Train → Total=120.87171338, Recon=0.00039056, Cls=2.29348545,Acc=0.4012
  Val   → Total=119.76583471, Recon=0.00037573, Cls=5.23993594, Acc=0.0952
Saved checkpoint_epoch115.pt
Epoch 116:
  Train → Total=120.87006619, Recon=0.00039194, Cls=2.28320379,Acc=0.4049
  Val   → Total=119.76088428, Recon=0.00037608, Cls=5.20935701, Acc=0.0874
Saved checkpoint_epoch116.pt
Epoch 117:
  Train → Total=120.87011094, Recon=0.00039009, Cls=2.29191106,Acc=0.4023
  Val   → Total=119.76252766, Recon=0.00037596, Cls=5.21954784, Acc=0.0891
Saved checkpoint_epoch117.pt
Epoch 118:
  Train → Total=120.87137300, Recon=0.00039055, Cls=2.29337438,Acc=0.4050
  Val   → Total=119.76501738, Recon=0.00037611, Cls=5.23052800, Acc=0.0885
Saved checkpoint_epoch118.pt
Epoch 119:
  Train → Total=120.87699285, Recon=0.00039102, Cls=2.30107059,Acc=0.4035
  Val   → Total=119.76447996, Recon=0.00037576, Cls=5.23279374, Acc=0.0913
Saved checkpoint_epoch119.pt
Epoch 120:
  Train → Total=120.86721005, Recon=0.00039158, Cls=2.27654235,Acc=0.4082
  Val   → Total=119.76350695, Recon=0.00037664, Cls=5.21472705, Acc=0.0902
Saved checkpoint_epoch120.pt
Epoch 121:
  Train → Total=120.87989966, Recon=0.00039193, Cls=2.30373748,Acc=0.4028
  Val   → Total=119.76208143, Recon=0.00037552, Cls=5.22320096, Acc=0.0902
Saved checkpoint_epoch121.pt
Epoch 122:
  Train → Total=120.87543087, Recon=0.00039026, Cls=2.30284156,Acc=0.3989
  Val   → Total=119.76475557, Recon=0.00037590, Cls=5.23169457, Acc=0.0885
Saved checkpoint_epoch122.pt
Epoch 123:
  Train → Total=120.87302285, Recon=0.00039071, Cls=2.29626755,Acc=0.4006
  Val   → Total=119.76282336, Recon=0.00037612, Cls=5.21866547, Acc=0.0902
Saved checkpoint_epoch123.pt
Epoch 124:
  Train → Total=120.86533741, Recon=0.00038946, Cls=2.28632478,Acc=0.4001
  Val   → Total=119.76276957, Recon=0.00037553, Cls=5.22677679, Acc=0.0913
Saved checkpoint_epoch124.pt
Epoch 125:
  Train → Total=120.86859653, Recon=0.00039123, Cls=2.28407138,Acc=0.3998
  Val   → Total=119.76130419, Recon=0.00037575, Cls=5.21603928, Acc=0.0896
Saved checkpoint_epoch125.pt
Epoch 126:
  Train → Total=120.86420488, Recon=0.00039107, Cls=2.27533754,Acc=0.4007
  Val   → Total=119.76350683, Recon=0.00037581, Cls=5.22654390, Acc=0.0885
Saved checkpoint_epoch126.pt
Epoch 127:
  Train → Total=120.86934534, Recon=0.00039162, Cls=2.27966915,Acc=0.4056
  Val   → Total=119.76306022, Recon=0.00037602, Cls=5.22159710, Acc=0.0902
Saved checkpoint_epoch127.pt
Epoch 128:
  Train → Total=120.86887300, Recon=0.00039122, Cls=2.28322380,Acc=0.4063
  Val   → Total=119.76326049, Recon=0.00037613, Cls=5.22062740, Acc=0.0902
Saved checkpoint_epoch128.pt
Epoch 129:
  Train → Total=120.87125725, Recon=0.00039095, Cls=2.29124779,Acc=0.4000
  Val   → Total=119.76295265, Recon=0.00037595, Cls=5.22140137, Acc=0.0935
Saved checkpoint_epoch129.pt
Epoch 130:
  Train → Total=120.86501393, Recon=0.00039147, Cls=2.27391518,Acc=0.4050
  Val   → Total=119.75961501, Recon=0.00037589, Cls=5.20535332, Acc=0.0880
Saved checkpoint_epoch130.pt
Epoch 131:
  Train → Total=120.86918855, Recon=0.00039079, Cls=2.28738228,Acc=0.4010
  Val   → Total=119.76519273, Recon=0.00037640, Cls=5.22702948, Acc=0.0879
Saved checkpoint_epoch131.pt
Epoch 132:
  Train → Total=120.86618727, Recon=0.00039016, Cls=2.28216695,Acc=0.4043
  Val   → Total=119.76190217, Recon=0.00037554, Cls=5.22217712, Acc=0.0896
Saved checkpoint_epoch132.pt
Epoch 133:
  Train → Total=120.86286729, Recon=0.00039067, Cls=2.27407056,Acc=0.4060
  Val   → Total=119.76295033, Recon=0.00037556, Cls=5.22731768, Acc=0.0896
Saved checkpoint_epoch133.pt
Epoch 134:
  Train → Total=120.86629615, Recon=0.00039169, Cls=2.27592619,Acc=0.4068
  Val   → Total=119.76419163, Recon=0.00037585, Cls=5.22958593, Acc=0.0891
Saved checkpoint_epoch134.pt
Epoch 135:
  Train → Total=120.86381177, Recon=0.00039117, Cls=2.27387175,Acc=0.4101
  Val   → Total=119.76163324, Recon=0.00037624, Cls=5.21098401, Acc=0.0891
Saved checkpoint_epoch135.pt
Epoch 136:
  Train → Total=120.87295681, Recon=0.00039077, Cls=2.29620333,Acc=0.4025
  Val   → Total=119.76365245, Recon=0.00037579, Cls=5.22741070, Acc=0.0891
Saved checkpoint_epoch136.pt
Epoch 137:
  Train → Total=120.87124093, Recon=0.00039144, Cls=2.28684245,Acc=0.4073
  Val   → Total=119.76569230, Recon=0.00037581, Cls=5.23795296, Acc=0.0913
Saved checkpoint_epoch137.pt
Epoch 138:
  Train → Total=120.86721125, Recon=0.00039063, Cls=2.28213885,Acc=0.4024
  Val   → Total=119.76500931, Recon=0.00037589, Cls=5.23342263, Acc=0.0891
Saved checkpoint_epoch138.pt
Epoch 139:
  Train → Total=120.87166638, Recon=0.00039154, Cls=2.28802955,Acc=0.4034
  Val   → Total=119.76437823, Recon=0.00037602, Cls=5.22787132, Acc=0.0885
Saved checkpoint_epoch139.pt
Epoch 140:
  Train → Total=120.87571148, Recon=0.00039036, Cls=2.30227699,Acc=0.3988
  Val   → Total=119.76344846, Recon=0.00037579, Cls=5.22659613, Acc=0.0880
Saved checkpoint_epoch140.pt
Epoch 141:
  Train → Total=120.86863928, Recon=0.00039084, Cls=2.28655116,Acc=0.4019
  Val   → Total=119.76246853, Recon=0.00037565, Cls=5.22364922, Acc=0.0891
Saved checkpoint_epoch141.pt
Epoch 142:
  Train → Total=120.86658511, Recon=0.00039105, Cls=2.28125817,Acc=0.4077
  Val   → Total=119.76111015, Recon=0.00037570, Cls=5.21573849, Acc=0.0902
Saved checkpoint_epoch142.pt
Epoch 143:
  Train → Total=120.87106427, Recon=0.00039252, Cls=2.28195736,Acc=0.4020
  Val   → Total=119.76375529, Recon=0.00037576, Cls=5.22867130, Acc=0.0880
Saved checkpoint_epoch143.pt
Epoch 144:
  Train → Total=120.86492066, Recon=0.00039007, Cls=2.28266295,Acc=0.4058
  Val   → Total=119.76476685, Recon=0.00037628, Cls=5.22642304, Acc=0.0918
Saved checkpoint_epoch144.pt
Epoch 145:
  Train → Total=120.86715608, Recon=0.00038968, Cls=2.28742346,Acc=0.4078
  Val   → Total=119.76535044, Recon=0.00037595, Cls=5.23451026, Acc=0.0891
Saved checkpoint_epoch145.pt
Epoch 146:
  Train → Total=120.87342281, Recon=0.00039062, Cls=2.29722944,Acc=0.3982
  Val   → Total=119.76507289, Recon=0.00037660, Cls=5.22379042, Acc=0.0885
Saved checkpoint_epoch146.pt
Epoch 147:
  Train → Total=120.86794119, Recon=0.00039118, Cls=2.28164872,Acc=0.4067
  Val   → Total=119.76236521, Recon=0.00037596, Cls=5.21877588, Acc=0.0896
Saved checkpoint_epoch147.pt
Epoch 148:
  Train → Total=120.87175081, Recon=0.00039114, Cls=2.28832562,Acc=0.4021
  Val   → Total=119.76360591, Recon=0.00037593, Cls=5.22515535, Acc=0.0896
Saved checkpoint_epoch148.pt
Epoch 149:
  Train → Total=120.87209670, Recon=0.00038926, Cls=2.30184175,Acc=0.4062
  Val   → Total=119.75912463, Recon=0.00037580, Cls=5.20401271, Acc=0.0896
Saved checkpoint_epoch149.pt
Epoch 150:
  Train → Total=120.86522463, Recon=0.00039087, Cls=2.27693941,Acc=0.4058
  Val   → Total=119.76425021, Recon=0.00037637, Cls=5.22252502, Acc=0.0874
Saved checkpoint_epoch150.pt
Epoch 151:
  Train → Total=120.86419865, Recon=0.00039125, Cls=2.27222438,Acc=0.4058
  Val   → Total=119.76413975, Recon=0.00037636, Cls=5.22220411, Acc=0.0885
Saved checkpoint_epoch151.pt
Epoch 152:
  Train → Total=120.87645400, Recon=0.00039178, Cls=2.29692010,Acc=0.4029
  Val   → Total=119.76466843, Recon=0.00037566, Cls=5.23476671, Acc=0.0885
Saved checkpoint_epoch152.pt
Epoch 153:
  Train → Total=120.86410103, Recon=0.00039083, Cls=2.27583310,Acc=0.4080
  Val   → Total=119.76576233, Recon=0.00037580, Cls=5.23842074, Acc=0.0924
Saved checkpoint_epoch153.pt
Epoch 154:
  Train → Total=120.87319163, Recon=0.00039035, Cls=2.29847344,Acc=0.4037
  Val   → Total=119.76243407, Recon=0.00037583, Cls=5.22067788, Acc=0.0891
Saved checkpoint_epoch154.pt
Epoch 155:
  Train → Total=120.87605792, Recon=0.00039083, Cls=2.30203075,Acc=0.3995
  Val   → Total=119.76367420, Recon=0.00037599, Cls=5.22472493, Acc=0.0891
Saved checkpoint_epoch155.pt
Epoch 156:
  Train → Total=120.86062641, Recon=0.00038972, Cls=2.27093207,Acc=0.4069
  Val   → Total=119.76278505, Recon=0.00037577, Cls=5.22339719, Acc=0.0891
Saved checkpoint_epoch156.pt
Epoch 157:
  Train → Total=120.86487981, Recon=0.00039010, Cls=2.27968853,Acc=0.4029
  Val   → Total=119.76411718, Recon=0.00037579, Cls=5.23005269, Acc=0.0874
Saved checkpoint_epoch157.pt
Epoch 158:
  Train → Total=120.86808358, Recon=0.00039072, Cls=2.28290608,Acc=0.4040
  Val   → Total=119.76397835, Recon=0.00037558, Cls=5.23233608, Acc=0.0924
Saved checkpoint_epoch158.pt
Epoch 159:
  Train → Total=120.87141016, Recon=0.00039121, Cls=2.28804231,Acc=0.4017
  Val   → Total=119.76597977, Recon=0.00037645, Cls=5.23066339, Acc=0.0907
Saved checkpoint_epoch159.pt
Epoch 160:
  Train → Total=120.86415410, Recon=0.00039068, Cls=2.27611239,Acc=0.4051
  Val   → Total=119.76367213, Recon=0.00037559, Cls=5.23041271, Acc=0.0896
Saved checkpoint_epoch160.pt
Epoch 161:
  Train → Total=120.87641093, Recon=0.00039038, Cls=2.30415910,Acc=0.3967
  Val   → Total=119.76074476, Recon=0.00037589, Cls=5.21124919, Acc=0.0880
Saved checkpoint_epoch161.pt
Epoch 162:
  Train → Total=120.87223066, Recon=0.00039068, Cls=2.29436418,Acc=0.4007
  Val   → Total=119.76335214, Recon=0.00037628, Cls=5.21933136, Acc=0.0896
Saved checkpoint_epoch162.pt
Epoch 163:
  Train → Total=120.87509295, Recon=0.00039124, Cls=2.29854153,Acc=0.3976
  Val   → Total=119.76381346, Recon=0.00037703, Cls=5.21060136, Acc=0.0880
Saved checkpoint_epoch163.pt
Epoch 164:
  Train → Total=120.86086184, Recon=0.00039079, Cls=2.26965099,Acc=0.4077
  Val   → Total=119.76374985, Recon=0.00037594, Cls=5.22575095, Acc=0.0896
Saved checkpoint_epoch164.pt
Epoch 165:
  Train → Total=120.87053523, Recon=0.00039097, Cls=2.28902667,Acc=0.4030
  Val   → Total=119.76050094, Recon=0.00037560, Cls=5.21403201, Acc=0.0896
Saved checkpoint_epoch165.pt
Epoch 166:
  Train → Total=120.87408132, Recon=0.00039081, Cls=2.29599055,Acc=0.4025
  Val   → Total=119.76083008, Recon=0.00037569, Cls=5.21408265, Acc=0.0902
Saved checkpoint_epoch166.pt
Epoch 167:
  Train → Total=120.87465693, Recon=0.00039183, Cls=2.29175385,Acc=0.4021
  Val   → Total=119.76355680, Recon=0.00037572, Cls=5.22823331, Acc=0.0918
Saved checkpoint_epoch167.pt
Epoch 168:
  Train → Total=120.87253517, Recon=0.00039191, Cls=2.28672109,Acc=0.4009
  Val   → Total=119.76353553, Recon=0.00037597, Cls=5.22482713, Acc=0.0885
Saved checkpoint_epoch168.pt
Epoch 169:
  Train → Total=120.87368048, Recon=0.00039090, Cls=2.29736677,Acc=0.4003
  Val   → Total=119.76251135, Recon=0.00037565, Cls=5.22362998, Acc=0.0891
Saved checkpoint_epoch169.pt
Epoch 170:
  Train → Total=120.86211115, Recon=0.00039096, Cls=2.27015411,Acc=0.4120
  Val   → Total=119.76617158, Recon=0.00037585, Cls=5.23964596, Acc=0.0924
Saved checkpoint_epoch170.pt
Epoch 171:
  Train → Total=120.87269346, Recon=0.00039093, Cls=2.29406338,Acc=0.4007
  Val   → Total=119.76460965, Recon=0.00037586, Cls=5.23158337, Acc=0.0885
Saved checkpoint_epoch171.pt
Epoch 172:
  Train → Total=120.86506401, Recon=0.00039090, Cls=2.27537077,Acc=0.3998
  Val   → Total=119.76039597, Recon=0.00037572, Cls=5.21185125, Acc=0.0868
Saved checkpoint_epoch172.pt
Epoch 173:
  Train → Total=120.87428200, Recon=0.00039071, Cls=2.29802596,Acc=0.3977
  Val   → Total=119.76096474, Recon=0.00037564, Cls=5.21579364, Acc=0.0907
Saved checkpoint_epoch173.pt
Epoch 174:
  Train → Total=120.86331306, Recon=0.00039138, Cls=2.27066394,Acc=0.4076
  Val   → Total=119.76323090, Recon=0.00037628, Cls=5.21878894, Acc=0.0924
Saved checkpoint_epoch174.pt
Epoch 175:
  Train → Total=120.86320591, Recon=0.00039039, Cls=2.27430878,Acc=0.4131
  Val   → Total=119.76424875, Recon=0.00037569, Cls=5.23219554, Acc=0.0874
Saved checkpoint_epoch175.pt
Epoch 176:
  Train → Total=120.86397319, Recon=0.00039031, Cls=2.27600976,Acc=0.4093
  Val   → Total=119.76325375, Recon=0.00037622, Cls=5.21984123, Acc=0.0891
Saved checkpoint_epoch176.pt
Epoch 177:
  Train → Total=120.86294377, Recon=0.00039024, Cls=2.27542409,Acc=0.4072
  Val   → Total=119.75877895, Recon=0.00037559, Cls=5.20492144, Acc=0.0885
Saved checkpoint_epoch177.pt
Epoch 178:
  Train → Total=120.87185209, Recon=0.00039120, Cls=2.29157317,Acc=0.4004
  Val   → Total=119.76188393, Recon=0.00037581, Cls=5.21799765, Acc=0.0891
Saved checkpoint_epoch178.pt
Epoch 179:
  Train → Total=120.86630639, Recon=0.00038986, Cls=2.28454164,Acc=0.4048
  Val   → Total=119.76584358, Recon=0.00037581, Cls=5.23873234, Acc=0.0891
Saved checkpoint_epoch179.pt
Epoch 180:
  Train → Total=120.87293112, Recon=0.00039165, Cls=2.29193232,Acc=0.4033
  Val   → Total=119.76087424, Recon=0.00037587, Cls=5.21222286, Acc=0.0868
Saved checkpoint_epoch180.pt
Epoch 181:
  Train → Total=120.87178591, Recon=0.00039022, Cls=2.29464901,Acc=0.4043
  Val   → Total=119.76412846, Recon=0.00037623, Cls=5.22398294, Acc=0.0896
Saved checkpoint_epoch181.pt
Epoch 182:
  Train → Total=120.85775031, Recon=0.00039013, Cls=2.26486029,Acc=0.4038
  Val   → Total=119.76076457, Recon=0.00037595, Cls=5.21045621, Acc=0.0857
Saved checkpoint_epoch182.pt
Epoch 183:
  Train → Total=120.87106515, Recon=0.00039044, Cls=2.29160195,Acc=0.4018
  Val   → Total=119.76326981, Recon=0.00037584, Cls=5.22500207, Acc=0.0885
Saved checkpoint_epoch183.pt
Epoch 184:
  Train → Total=120.86859364, Recon=0.00039082, Cls=2.28609914,Acc=0.4076
  Val   → Total=119.76594585, Recon=0.00037545, Cls=5.24414215, Acc=0.0902
Saved checkpoint_epoch184.pt
Epoch 185:
  Train → Total=120.86696927, Recon=0.00039137, Cls=2.27979756,Acc=0.4034
  Val   → Total=119.76156712, Recon=0.00037609, Cls=5.21290636, Acc=0.0885
Saved checkpoint_epoch185.pt
Epoch 186:
  Train → Total=120.87710618, Recon=0.00039090, Cls=2.30190060,Acc=0.3997
  Val   → Total=119.76371829, Recon=0.00037645, Cls=5.21880910, Acc=0.0896
Saved checkpoint_epoch186.pt
Epoch 187:
  Train → Total=120.86873600, Recon=0.00039150, Cls=2.28155741,Acc=0.4046
  Val   → Total=119.76063646, Recon=0.00037584, Cls=5.21106669, Acc=0.0874
Saved checkpoint_epoch187.pt
Epoch 188:
  Train → Total=120.86520132, Recon=0.00039042, Cls=2.27755344,Acc=0.4057
  Val   → Total=119.76530905, Recon=0.00037593, Cls=5.23435129, Acc=0.0896
Saved checkpoint_epoch188.pt
Epoch 189:
  Train → Total=120.87773174, Recon=0.00039096, Cls=2.30366274,Acc=0.4029
  Val   → Total=119.76293885, Recon=0.00037587, Cls=5.22300981, Acc=0.0907
Saved checkpoint_epoch189.pt
Epoch 190:
  Train → Total=120.87300757, Recon=0.00039136, Cls=2.29257497,Acc=0.4051
  Val   → Total=119.76280877, Recon=0.00037590, Cls=5.22182776, Acc=0.0896
Saved checkpoint_epoch190.pt
Epoch 191:
  Train → Total=120.86501828, Recon=0.00038966, Cls=2.28363380,Acc=0.4044
  Val   → Total=119.76222207, Recon=0.00037560, Cls=5.22290815, Acc=0.0896
Saved checkpoint_epoch191.pt
Epoch 192:
  Train → Total=120.87237387, Recon=0.00039038, Cls=2.29455844,Acc=0.4017
  Val   → Total=119.76412319, Recon=0.00037592, Cls=5.22825384, Acc=0.0918
Saved checkpoint_epoch192.pt
Epoch 193:
  Train → Total=120.86745044, Recon=0.00039097, Cls=2.28190243,Acc=0.4038
  Val   → Total=119.76478329, Recon=0.00037630, Cls=5.22657255, Acc=0.0852
Saved checkpoint_epoch193.pt
Epoch 194:
  Train → Total=120.87236991, Recon=0.00039123, Cls=2.29104810,Acc=0.4008
  Val   → Total=119.76154782, Recon=0.00037577, Cls=5.21721058, Acc=0.0902
Saved checkpoint_epoch194.pt
Epoch 195:
  Train → Total=120.86684665, Recon=0.00039074, Cls=2.28089291,Acc=0.4054
  Val   → Total=119.76215331, Recon=0.00037575, Cls=5.22041947, Acc=0.0896
Saved checkpoint_epoch195.pt
Epoch 196:
  Train → Total=120.87459172, Recon=0.00039175, Cls=2.29488654,Acc=0.4005
  Val   → Total=119.76356503, Recon=0.00037666, Cls=5.21549517, Acc=0.0874
Saved checkpoint_epoch196.pt
Epoch 197:
  Train → Total=120.86800380, Recon=0.00039092, Cls=2.28272864,Acc=0.4058
  Val   → Total=119.76244224, Recon=0.00037601, Cls=5.21833925, Acc=0.0885
Saved checkpoint_epoch197.pt
Epoch 198:
  Train → Total=120.87159472, Recon=0.00039023, Cls=2.29463596,Acc=0.4001
  Val   → Total=119.76360254, Recon=0.00037594, Cls=5.22497088, Acc=0.0918
Saved checkpoint_epoch198.pt
Epoch 199:
  Train → Total=120.86361416, Recon=0.00039010, Cls=2.27818321,Acc=0.4055
  Val   → Total=119.76345803, Recon=0.00037588, Cls=5.22534412, Acc=0.0885
Saved checkpoint_epoch199.pt
Epoch 200:
  Train → Total=120.86244232, Recon=0.00038939, Cls=2.27942357,Acc=0.4072
  Val   → Total=119.76181053, Recon=0.00037607, Cls=5.21457310, Acc=0.0874
Saved checkpoint_epoch200.pt
Epoch 201:
  Train → Total=120.87106230, Recon=0.00039178, Cls=2.28726446,Acc=0.4022
  Val   → Total=119.76146841, Recon=0.00037575, Cls=5.21698109, Acc=0.0880
Saved checkpoint_epoch201.pt
Epoch 202:
  Train → Total=120.87442041, Recon=0.00039017, Cls=2.30198020,Acc=0.4023
  Val   → Total=119.76121003, Recon=0.00037588, Cls=5.21361195, Acc=0.0885
Saved checkpoint_epoch202.pt
Epoch 203:
  Train → Total=120.87008832, Recon=0.00039101, Cls=2.28842433,Acc=0.4020
  Val   → Total=119.76378012, Recon=0.00037569, Cls=5.22955284, Acc=0.0902
Saved checkpoint_epoch203.pt
Epoch 204:
  Train → Total=120.87448298, Recon=0.00039038, Cls=2.30067747,Acc=0.4016
  Val   → Total=119.76313330, Recon=0.00037591, Cls=5.22355903, Acc=0.0885
Saved checkpoint_epoch204.pt
Epoch 205:
  Train → Total=120.86516934, Recon=0.00039035, Cls=2.28014899,Acc=0.4039
  Val   → Total=119.76379620, Recon=0.00037558, Cls=5.23145027, Acc=0.0902
Saved checkpoint_epoch205.pt
Epoch 206:
  Train → Total=120.86786258, Recon=0.00039146, Cls=2.27994188,Acc=0.3990
  Val   → Total=119.75995315, Recon=0.00037582, Cls=5.20814918, Acc=0.0891
Saved checkpoint_epoch206.pt
Epoch 207:
  Train → Total=120.86656175, Recon=0.00038938, Cls=2.28737279,Acc=0.4073
  Val   → Total=119.76101284, Recon=0.00037572, Cls=5.21463722, Acc=0.0891
Saved checkpoint_epoch207.pt
Epoch 208:
  Train → Total=120.87134400, Recon=0.00038967, Cls=2.29772354,Acc=0.4008
  Val   → Total=119.76374804, Recon=0.00037584, Cls=5.22778784, Acc=0.0874
Saved checkpoint_epoch208.pt
Epoch 209:
  Train → Total=120.86692105, Recon=0.00039076, Cls=2.28073786,Acc=0.4020
  Val   → Total=119.76547079, Recon=0.00037607, Cls=5.23316110, Acc=0.0885
Saved checkpoint_epoch209.pt
Epoch 210:
  Train → Total=120.87106484, Recon=0.00039187, Cls=2.28773477,Acc=0.4071
  Val   → Total=119.76320003, Recon=0.00037562, Cls=5.22760146, Acc=0.0885
Saved checkpoint_epoch210.pt
Epoch 211:
  Train → Total=120.86979788, Recon=0.00039020, Cls=2.29091288,Acc=0.4023
  Val   → Total=119.76097212, Recon=0.00037552, Cls=5.21764774, Acc=0.0885
Saved checkpoint_epoch211.pt
Epoch 212:
  Train → Total=120.85567039, Recon=0.00039068, Cls=2.25687378,Acc=0.4165
  Val   → Total=119.75991443, Recon=0.00037601, Cls=5.20517829, Acc=0.0891
Saved checkpoint_epoch212.pt
Epoch 213:
  Train → Total=120.86386462, Recon=0.00038982, Cls=2.28126675,Acc=0.4090
  Val   → Total=119.76339855, Recon=0.00037561, Cls=5.22865852, Acc=0.0918
Saved checkpoint_epoch213.pt
Epoch 214:
  Train → Total=120.86166326, Recon=0.00039081, Cls=2.26676871,Acc=0.4091
  Val   → Total=119.76428932, Recon=0.00037611, Cls=5.22621581, Acc=0.0885
Saved checkpoint_epoch214.pt
Epoch 215:
  Train → Total=120.87402666, Recon=0.00039071, Cls=2.29833546,Acc=0.4000
  Val   → Total=119.76260150, Recon=0.00037577, Cls=5.22231620, Acc=0.0896
Saved checkpoint_epoch215.pt
Epoch 216:
  Train → Total=120.86807425, Recon=0.00038980, Cls=2.28926266,Acc=0.4033
  Val   → Total=119.76123613, Recon=0.00037592, Cls=5.21291850, Acc=0.0891
Saved checkpoint_epoch216.pt
Epoch 217:
  Train → Total=120.87311242, Recon=0.00039038, Cls=2.30043822,Acc=0.4002
  Val   → Total=119.76617381, Recon=0.00037573, Cls=5.24172837, Acc=0.0907
Saved checkpoint_epoch217.pt
Epoch 218:
  Train → Total=120.87457731, Recon=0.00039088, Cls=2.29921125,Acc=0.3996
  Val   → Total=119.76192735, Recon=0.00037641, Cls=5.21021601, Acc=0.0880
Saved checkpoint_epoch218.pt
Epoch 219:
  Train → Total=120.87449347, Recon=0.00039102, Cls=2.29761897,Acc=0.4002
  Val   → Total=119.76371187, Recon=0.00037636, Cls=5.22036661, Acc=0.0880
Saved checkpoint_epoch219.pt
Epoch 220:
  Train → Total=120.86638903, Recon=0.00039090, Cls=2.28031981,Acc=0.4020
  Val   → Total=119.76095537, Recon=0.00037572, Cls=5.21463874, Acc=0.0885
Saved checkpoint_epoch220.pt
Epoch 221:
  Train → Total=120.87541312, Recon=0.00039096, Cls=2.29977183,Acc=0.4042
  Val   → Total=119.76163689, Recon=0.00037581, Cls=5.21723401, Acc=0.0880
Saved checkpoint_epoch221.pt
Epoch 222:
  Train → Total=120.85939012, Recon=0.00038948, Cls=2.27200063,Acc=0.4056
  Val   → Total=119.76302156, Recon=0.00037620, Cls=5.21863912, Acc=0.0891
Saved checkpoint_epoch222.pt
Epoch 223:
  Train → Total=120.86859285, Recon=0.00039000, Cls=2.28962574,Acc=0.4042
  Val   → Total=119.76222019, Recon=0.00037631, Cls=5.21293669, Acc=0.0880
Saved checkpoint_epoch223.pt
Epoch 224:
  Train → Total=120.87145063, Recon=0.00039090, Cls=2.29031666,Acc=0.4030
  Val   → Total=119.76173236, Recon=0.00037577, Cls=5.21791814, Acc=0.0885
Saved checkpoint_epoch224.pt
Epoch 225:
  Train → Total=120.86592431, Recon=0.00039051, Cls=2.27958658,Acc=0.4075
  Val   → Total=119.76230513, Recon=0.00037565, Cls=5.22233280, Acc=0.0891
Saved checkpoint_epoch225.pt
Epoch 226:
  Train → Total=120.87636535, Recon=0.00039209, Cls=2.29462910,Acc=0.4032
  Val   → Total=119.76375494, Recon=0.00037564, Cls=5.23065535, Acc=0.0907
Saved checkpoint_epoch226.pt
Epoch 227:
  Train → Total=120.86340472, Recon=0.00038968, Cls=2.27904525,Acc=0.4075
  Val   → Total=119.76405223, Recon=0.00037583, Cls=5.22939075, Acc=0.0874
Saved checkpoint_epoch227.pt
Epoch 228:
  Train → Total=120.86569729, Recon=0.00039105, Cls=2.27602891,Acc=0.4085
  Val   → Total=119.76530441, Recon=0.00037574, Cls=5.23703426, Acc=0.0891
Saved checkpoint_epoch228.pt
Epoch 229:
  Train → Total=120.87728200, Recon=0.00039142, Cls=2.30007258,Acc=0.4061
  Val   → Total=119.76233377, Recon=0.00037591, Cls=5.21876163, Acc=0.0874
Saved checkpoint_epoch229.pt
Epoch 230:
  Train → Total=120.87729203, Recon=0.00039177, Cls=2.29964745,Acc=0.4019
  Val   → Total=119.76381979, Recon=0.00037566, Cls=5.23041935, Acc=0.0880
Saved checkpoint_epoch230.pt
Epoch 231:
  Train → Total=120.87063037, Recon=0.00039104, Cls=2.28857001,Acc=0.4093
  Val   → Total=119.75949033, Recon=0.00037584, Cls=5.20527096, Acc=0.0896
Saved checkpoint_epoch231.pt
Epoch 232:
  Train → Total=120.87475749, Recon=0.00039078, Cls=2.29999589,Acc=0.3985
  Val   → Total=119.75750008, Recon=0.00037597, Cls=5.19346628, Acc=0.0874
Saved checkpoint_epoch232.pt
Epoch 233:
  Train → Total=120.86624374, Recon=0.00039084, Cls=2.28020782,Acc=0.4055
  Val   → Total=119.76207584, Recon=0.00037573, Cls=5.22054764, Acc=0.0896
Saved checkpoint_epoch233.pt
Epoch 234:
  Train → Total=120.86294475, Recon=0.00038968, Cls=2.27870631,Acc=0.4115
  Val   → Total=119.76117872, Recon=0.00037564, Cls=5.21682860, Acc=0.0885
Saved checkpoint_epoch234.pt
Epoch 235:
  Train → Total=120.87345183, Recon=0.00039105, Cls=2.29350965,Acc=0.4054
  Val   → Total=119.76339362, Recon=0.00037586, Cls=5.22543777, Acc=0.0885
Saved checkpoint_epoch235.pt
Epoch 236:
  Train → Total=120.86933877, Recon=0.00039028, Cls=2.29366805,Acc=0.4063
  Val   → Total=119.76542091, Recon=0.00037571, Cls=5.23783871, Acc=0.0918
Saved checkpoint_epoch236.pt
Epoch 237:
  Train → Total=120.86342361, Recon=0.00039048, Cls=2.27568570,Acc=0.4072
  Val   → Total=119.76661355, Recon=0.00037655, Cls=5.23232133, Acc=0.0913
Saved checkpoint_epoch237.pt
Epoch 238:
  Train → Total=120.87964909, Recon=0.00039104, Cls=2.30940425,Acc=0.4003
  Val   → Total=119.76260042, Recon=0.00037629, Cls=5.21543767, Acc=0.0885
Saved checkpoint_epoch238.pt
Epoch 239:
  Train → Total=120.86939317, Recon=0.00039220, Cls=2.28152579,Acc=0.4046
  Val   → Total=119.76694819, Recon=0.00037644, Cls=5.23553769, Acc=0.0907
Saved checkpoint_epoch239.pt
Epoch 240:
  Train → Total=120.86901698, Recon=0.00038973, Cls=2.29238097,Acc=0.4033
  Val   → Total=119.76343816, Recon=0.00037572, Cls=5.22758961, Acc=0.0885
Saved checkpoint_epoch240.pt
Epoch 241:
  Train → Total=120.87050548, Recon=0.00039100, Cls=2.28750401,Acc=0.4038
  Val   → Total=119.76389399, Recon=0.00037572, Cls=5.22986860, Acc=0.0896
Saved checkpoint_epoch241.pt
Epoch 242:
  Train → Total=120.87398559, Recon=0.00039152, Cls=2.29397921,Acc=0.4012
  Val   → Total=119.76380084, Recon=0.00037650, Cls=5.21892169, Acc=0.0891
Saved checkpoint_epoch242.pt
Epoch 243:
  Train → Total=120.87551175, Recon=0.00039155, Cls=2.29593631,Acc=0.4001
  Val   → Total=119.76580184, Recon=0.00037706, Cls=5.22155209, Acc=0.0924
Saved checkpoint_epoch243.pt
Epoch 244:
  Train → Total=120.87386211, Recon=0.00039106, Cls=2.29508343,Acc=0.4056
  Val   → Total=119.76553097, Recon=0.00037579, Cls=5.23712492, Acc=0.0913
Saved checkpoint_epoch244.pt
Epoch 245:
  Train → Total=120.86950724, Recon=0.00038994, Cls=2.29242048,Acc=0.3999
  Val   → Total=119.76135511, Recon=0.00037564, Cls=5.21785631, Acc=0.0902
Saved checkpoint_epoch245.pt
Epoch 246:
  Train → Total=120.87041403, Recon=0.00039157, Cls=2.28420882,Acc=0.4032
  Val   → Total=119.76266168, Recon=0.00037647, Cls=5.21335303, Acc=0.0880
Saved checkpoint_epoch246.pt
Epoch 247:
  Train → Total=120.87459427, Recon=0.00039049, Cls=2.30082070,Acc=0.4049
  Val   → Total=119.76908366, Recon=0.00037623, Cls=5.24969225, Acc=0.0891
Saved checkpoint_epoch247.pt
Epoch 248:
  Train → Total=120.87098411, Recon=0.00039110, Cls=2.28765819,Acc=0.4025
  Val   → Total=119.76467212, Recon=0.00037575, Cls=5.23333871, Acc=0.0896
Saved checkpoint_epoch248.pt
Epoch 249:
  Train → Total=120.86460174, Recon=0.00039065, Cls=2.27753695,Acc=0.4023
  Val   → Total=119.76483164, Recon=0.00037571, Cls=5.23463198, Acc=0.0907
Saved checkpoint_epoch249.pt
Epoch 250:
  Train → Total=120.86583491, Recon=0.00039103, Cls=2.27864985,Acc=0.4102
  Val   → Total=119.76319933, Recon=0.00037582, Cls=5.22498554, Acc=0.0902
Saved checkpoint_epoch250.pt
Epoch 251:
  Train → Total=120.87178602, Recon=0.00039055, Cls=2.29404154,Acc=0.4027
  Val   → Total=119.76279713, Recon=0.00037574, Cls=5.22391577, Acc=0.0880
Saved checkpoint_epoch251.pt
Epoch 252:
  Train → Total=120.87196083, Recon=0.00039182, Cls=2.28994152,Acc=0.4076
  Val   → Total=119.76358461, Recon=0.00037604, Cls=5.22370332, Acc=0.0896
Saved checkpoint_epoch252.pt
Epoch 253:
  Train → Total=120.86806097, Recon=0.00039031, Cls=2.28674977,Acc=0.4013
  Val   → Total=119.76087621, Recon=0.00037589, Cls=5.21192697, Acc=0.0885
Saved checkpoint_epoch253.pt
Epoch 254:
  Train → Total=120.86674363, Recon=0.00039054, Cls=2.28305125,Acc=0.4020
  Val   → Total=119.76423848, Recon=0.00037572, Cls=5.23152564, Acc=0.0924
Saved checkpoint_epoch254.pt
Epoch 255:
  Train → Total=120.85833483, Recon=0.00038936, Cls=2.26782034,Acc=0.4051
  Val   → Total=119.76495530, Recon=0.00037569, Cls=5.23559122, Acc=0.0891
Saved checkpoint_epoch255.pt
Epoch 256:
  Train → Total=120.87512231, Recon=0.00039115, Cls=2.29713100,Acc=0.4022
  Val   → Total=119.76218386, Recon=0.00037553, Cls=5.22338883, Acc=0.0902
Saved checkpoint_epoch256.pt
Epoch 257:
  Train → Total=120.86948180, Recon=0.00039048, Cls=2.28938176,Acc=0.4063
  Val   → Total=119.76685708, Recon=0.00037651, Cls=5.23431778, Acc=0.0891
Saved checkpoint_epoch257.pt
Epoch 258:
  Train → Total=120.86710372, Recon=0.00038973, Cls=2.28746117,Acc=0.4081
  Val   → Total=119.76499500, Recon=0.00037565, Cls=5.23652862, Acc=0.0885
Saved checkpoint_epoch258.pt
Epoch 259:
  Train → Total=120.87342173, Recon=0.00039096, Cls=2.29455492,Acc=0.3980
  Val   → Total=119.76422129, Recon=0.00037591, Cls=5.22922535, Acc=0.0896
Saved checkpoint_epoch259.pt
Epoch 260:
  Train → Total=120.86605229, Recon=0.00039021, Cls=2.28359147,Acc=0.4085
  Val   → Total=119.76397120, Recon=0.00037598, Cls=5.22684431, Acc=0.0880
Saved checkpoint_epoch260.pt
Epoch 261:
  Train → Total=120.86536489, Recon=0.00039024, Cls=2.28115652,Acc=0.4063
  Val   → Total=119.76292353, Recon=0.00037560, Cls=5.22640483, Acc=0.0885
Saved checkpoint_epoch261.pt
Epoch 262:
  Train → Total=120.88055159, Recon=0.00039179, Cls=2.30676301,Acc=0.4020
  Val   → Total=119.76126232, Recon=0.00037612, Cls=5.21092653, Acc=0.0902
Saved checkpoint_epoch262.pt
Epoch 263:
  Train → Total=120.87348520, Recon=0.00039095, Cls=2.29538066,Acc=0.3985
  Val   → Total=119.76336768, Recon=0.00037574, Cls=5.22647794, Acc=0.0918
Saved checkpoint_epoch263.pt
Epoch 264:
  Train → Total=120.86317778, Recon=0.00038977, Cls=2.27751820,Acc=0.4036
  Val   → Total=119.76115198, Recon=0.00037615, Cls=5.21017536, Acc=0.0880
Saved checkpoint_epoch264.pt
Epoch 265:
  Train → Total=120.86923524, Recon=0.00039110, Cls=2.28602489,Acc=0.3973
  Val   → Total=119.76241159, Recon=0.00037556, Cls=5.22453982, Acc=0.0907
Saved checkpoint_epoch265.pt
Epoch 266:
  Train → Total=120.87693754, Recon=0.00039183, Cls=2.29525094,Acc=0.4039
  Val   → Total=119.76233568, Recon=0.00037595, Cls=5.21861938, Acc=0.0891
Saved checkpoint_epoch266.pt
Epoch 267:
  Train → Total=120.87073971, Recon=0.00039056, Cls=2.29154369,Acc=0.3984
  Val   → Total=119.76284227, Recon=0.00037631, Cls=5.21654714, Acc=0.0880
Saved checkpoint_epoch267.pt
Epoch 268:
  Train → Total=120.86625480, Recon=0.00038992, Cls=2.28429644,Acc=0.4027
  Val   → Total=119.76494147, Recon=0.00037653, Cls=5.22423706, Acc=0.0868
Saved checkpoint_epoch268.pt
Epoch 269:
  Train → Total=120.85565539, Recon=0.00039064, Cls=2.25537870,Acc=0.4117
  Val   → Total=119.76443761, Recon=0.00037589, Cls=5.23076811, Acc=0.0924
Saved checkpoint_epoch269.pt
Epoch 270:
  Train → Total=120.86754006, Recon=0.00039244, Cls=2.27477553,Acc=0.4098
  Val   → Total=119.76612498, Recon=0.00037587, Cls=5.23932708, Acc=0.0896
Saved checkpoint_epoch270.pt
Epoch 271:
  Train → Total=120.87249004, Recon=0.00039062, Cls=2.29546041,Acc=0.4007
  Val   → Total=119.76409550, Recon=0.00037576, Cls=5.23035192, Acc=0.0918
Saved checkpoint_epoch271.pt
Epoch 272:
  Train → Total=120.86798413, Recon=0.00039031, Cls=2.28603252,Acc=0.4052
  Val   → Total=119.76072699, Recon=0.00037582, Cls=5.21209790, Acc=0.0891
Saved checkpoint_epoch272.pt
Epoch 273:
  Train → Total=120.86745047, Recon=0.00039060, Cls=2.28202309,Acc=0.4056
  Val   → Total=119.76534980, Recon=0.00037605, Cls=5.23306481, Acc=0.0907
Saved checkpoint_epoch273.pt
Epoch 274:
  Train → Total=120.86564150, Recon=0.00039110, Cls=2.27638205,Acc=0.4030
  Val   → Total=119.76309408, Recon=0.00037575, Cls=5.22495607, Acc=0.0918
Saved checkpoint_epoch274.pt
Epoch 275:
  Train → Total=120.87176119, Recon=0.00039085, Cls=2.29231899,Acc=0.3993
  Val   → Total=119.76188602, Recon=0.00037612, Cls=5.21333742, Acc=0.0902
Saved checkpoint_epoch275.pt
Epoch 276:
  Train → Total=120.86157678, Recon=0.00039081, Cls=2.27069404,Acc=0.4058
  Val   → Total=119.76268126, Recon=0.00037578, Cls=5.22305298, Acc=0.0902
Saved checkpoint_epoch276.pt
Epoch 277:
  Train → Total=120.87133308, Recon=0.00039060, Cls=2.29118575,Acc=0.3984
  Val   → Total=119.76290830, Recon=0.00037567, Cls=5.22550532, Acc=0.0902
Saved checkpoint_epoch277.pt
Epoch 278:
  Train → Total=120.87234785, Recon=0.00038989, Cls=2.30046924,Acc=0.3984
  Val   → Total=119.76146030, Recon=0.00037581, Cls=5.21584775, Acc=0.0885
Saved checkpoint_epoch278.pt
Epoch 279:
  Train → Total=120.87310691, Recon=0.00039127, Cls=2.29413135,Acc=0.4028
  Val   → Total=119.75811723, Recon=0.00037613, Cls=5.19441093, Acc=0.0891
Saved checkpoint_epoch279.pt
Epoch 280:
  Train → Total=120.86549833, Recon=0.00039089, Cls=2.27803238,Acc=0.4091
  Val   → Total=119.76324221, Recon=0.00037563, Cls=5.22755919, Acc=0.0918
Saved checkpoint_epoch280.pt
Epoch 281:
  Train → Total=120.86804480, Recon=0.00038976, Cls=2.28954917,Acc=0.4045
  Val   → Total=119.76442658, Recon=0.00037605, Cls=5.22805945, Acc=0.0852
Saved checkpoint_epoch281.pt
Epoch 282:
  Train → Total=120.86866884, Recon=0.00039071, Cls=2.28473012,Acc=0.4015
  Val   → Total=119.76271601, Recon=0.00037593, Cls=5.22042119, Acc=0.0896
Saved checkpoint_epoch282.pt
Epoch 283:
  Train → Total=120.87057917, Recon=0.00039117, Cls=2.28710751,Acc=0.4057
  Val   → Total=119.76116699, Recon=0.00037594, Cls=5.21285435, Acc=0.0891
Saved checkpoint_epoch283.pt
Epoch 284:
  Train → Total=120.87229207, Recon=0.00039050, Cls=2.29534842,Acc=0.4002
  Val   → Total=119.76034587, Recon=0.00037587, Cls=5.20965951, Acc=0.0880
Saved checkpoint_epoch284.pt
Epoch 285:
  Train → Total=120.86933591, Recon=0.00039011, Cls=2.29061956,Acc=0.4067
  Val   → Total=119.76145506, Recon=0.00037626, Cls=5.20959689, Acc=0.0885
Saved checkpoint_epoch285.pt
Epoch 286:
  Train → Total=120.86249483, Recon=0.00039052, Cls=2.27218407,Acc=0.4086
  Val   → Total=119.76336149, Recon=0.00037563, Cls=5.22844683, Acc=0.0907
Saved checkpoint_epoch286.pt
Epoch 287:
  Train → Total=120.87246509, Recon=0.00039117, Cls=2.29364156,Acc=0.3997
  Val   → Total=119.76218179, Recon=0.00037558, Cls=5.22284991, Acc=0.0880
Saved checkpoint_epoch287.pt
Epoch 288:
  Train → Total=120.87325944, Recon=0.00039059, Cls=2.29773581,Acc=0.3962
  Val   → Total=119.76234770, Recon=0.00037566, Cls=5.22252703, Acc=0.0891
Saved checkpoint_epoch288.pt
Epoch 289:
  Train → Total=120.86889847, Recon=0.00039109, Cls=2.28467389,Acc=0.4050
  Val   → Total=119.76337592, Recon=0.00037596, Cls=5.22376159, Acc=0.0902
Saved checkpoint_epoch289.pt
Epoch 290:
  Train → Total=120.87663361, Recon=0.00039074, Cls=2.30444968,Acc=0.3981
  Val   → Total=119.76465788, Recon=0.00037562, Cls=5.23548034, Acc=0.0863
Saved checkpoint_epoch290.pt
Epoch 291:
  Train → Total=120.87041570, Recon=0.00039077, Cls=2.28879501,Acc=0.4012
  Val   → Total=119.76332843, Recon=0.00037605, Cls=5.22275187, Acc=0.0907
Saved checkpoint_epoch291.pt
Epoch 292:
  Train → Total=120.87873290, Recon=0.00039187, Cls=2.30333744,Acc=0.3992
  Val   → Total=119.76168655, Recon=0.00037560, Cls=5.21979459, Acc=0.0902
Saved checkpoint_epoch292.pt
Epoch 293:
  Train → Total=120.87206412, Recon=0.00039027, Cls=2.29749692,Acc=0.3996
  Val   → Total=119.76343718, Recon=0.00037566, Cls=5.22818241, Acc=0.0891
Saved checkpoint_epoch293.pt
Epoch 294:
  Train → Total=120.87063074, Recon=0.00039166, Cls=2.28547805,Acc=0.4086
  Val   → Total=119.76390012, Recon=0.00037602, Cls=5.22595717, Acc=0.0868
Saved checkpoint_epoch294.pt
Epoch 295:
  Train → Total=120.86913622, Recon=0.00039136, Cls=2.28420935,Acc=0.4078
  Val   → Total=119.76334448, Recon=0.00037567, Cls=5.22773046, Acc=0.0880
Saved checkpoint_epoch295.pt
Epoch 296:
  Train → Total=120.86340984, Recon=0.00038922, Cls=2.28140075,Acc=0.4056
  Val   → Total=119.76247848, Recon=0.00037565, Cls=5.22332595, Acc=0.0896
Saved checkpoint_epoch296.pt
Epoch 297:
  Train → Total=120.86402340, Recon=0.00039023, Cls=2.27885176,Acc=0.4073
  Val   → Total=119.76233174, Recon=0.00037591, Cls=5.21932926, Acc=0.0868
Saved checkpoint_epoch297.pt
Epoch 298:
  Train → Total=120.87262514, Recon=0.00039123, Cls=2.29137044,Acc=0.4000
  Val   → Total=119.76477156, Recon=0.00037639, Cls=5.22503036, Acc=0.0896
Saved checkpoint_epoch298.pt
Epoch 299:
  Train → Total=120.86731877, Recon=0.00038959, Cls=2.29044078,Acc=0.4048
  Val   → Total=119.76461223, Recon=0.00037619, Cls=5.22744598, Acc=0.0896
Saved checkpoint_epoch299.pt
Epoch 300:
  Train → Total=120.87206173, Recon=0.00039102, Cls=2.29312635,Acc=0.4028
  Val   → Total=119.76315854, Recon=0.00037630, Cls=5.21786435, Acc=0.0874
Saved checkpoint_epoch300.pt
Epoch 301:
  Train → Total=120.86277149, Recon=0.00039026, Cls=2.27604638,Acc=0.4101
  Val   → Total=119.76558867, Recon=0.00037629, Cls=5.23105955, Acc=0.0879
Saved checkpoint_epoch301.pt
Epoch 302:
  Train → Total=120.87066325, Recon=0.00039069, Cls=2.29187513,Acc=0.3999
  Val   → Total=119.76282015, Recon=0.00037600, Cls=5.22084401, Acc=0.0880
Saved checkpoint_epoch302.pt
Epoch 303:
  Train → Total=120.87043661, Recon=0.00039103, Cls=2.28891623,Acc=0.4004
  Val   → Total=119.76214183, Recon=0.00037585, Cls=5.21875718, Acc=0.0880
Saved checkpoint_epoch303.pt
Epoch 304:
  Train → Total=120.86708916, Recon=0.00038944, Cls=2.28851923,Acc=0.4029
  Val   → Total=119.76377433, Recon=0.00037581, Cls=5.22822666, Acc=0.0902
Saved checkpoint_epoch304.pt
Epoch 305:
  Train → Total=120.87030062, Recon=0.00039144, Cls=2.28553081,Acc=0.4034
  Val   → Total=119.76518002, Recon=0.00037578, Cls=5.23581429, Acc=0.0913
Saved checkpoint_epoch305.pt
Epoch 306:
  Train → Total=120.86372115, Recon=0.00039002, Cls=2.27840415,Acc=0.4019
  Val   → Total=119.76494459, Recon=0.00037579, Cls=5.23462893, Acc=0.0874
Saved checkpoint_epoch306.pt
Epoch 307:
  Train → Total=120.86692044, Recon=0.00039057, Cls=2.28403043,Acc=0.4023
  Val   → Total=119.76678985, Recon=0.00037654, Cls=5.23341176, Acc=0.0907
Saved checkpoint_epoch307.pt
Epoch 308:
  Train → Total=120.86311157, Recon=0.00039051, Cls=2.27512362,Acc=0.4055
  Val   → Total=119.76172314, Recon=0.00037577, Cls=5.21803694, Acc=0.0880
Saved checkpoint_epoch308.pt
Epoch 309:
  Train → Total=120.87301104, Recon=0.00039083, Cls=2.29483818,Acc=0.3997
  Val   → Total=119.76104008, Recon=0.00037575, Cls=5.21507696, Acc=0.0885
Saved checkpoint_epoch309.pt
Epoch 310:
  Train → Total=120.86667481, Recon=0.00039103, Cls=2.27734476,Acc=0.4030
  Val   → Total=119.76369540, Recon=0.00037590, Cls=5.22589436, Acc=0.0913
Saved checkpoint_epoch310.pt
Epoch 311:
  Train → Total=120.87510146, Recon=0.00039109, Cls=2.29780692,Acc=0.4027
  Val   → Total=119.76315581, Recon=0.00037614, Cls=5.22061272, Acc=0.0863
Saved checkpoint_epoch311.pt
Epoch 312:
  Train → Total=120.87006744, Recon=0.00038988, Cls=2.29390717,Acc=0.4058
  Val   → Total=119.76283283, Recon=0.00037604, Cls=5.22000472, Acc=0.0902
Saved checkpoint_epoch312.pt
Epoch 313:
  Train → Total=120.87056367, Recon=0.00038970, Cls=2.29469460,Acc=0.3940
  Val   → Total=119.76293608, Recon=0.00037584, Cls=5.22331451, Acc=0.0896
Saved checkpoint_epoch313.pt
Epoch 314:
  Train → Total=120.87101298, Recon=0.00039092, Cls=2.28866036,Acc=0.4003
  Val   → Total=119.76505102, Recon=0.00037590, Cls=5.23347721, Acc=0.0879
Saved checkpoint_epoch314.pt
Epoch 315:
  Train → Total=120.87617264, Recon=0.00039059, Cls=2.30392451,Acc=0.3984
  Val   → Total=119.76260300, Recon=0.00037559, Cls=5.22492313, Acc=0.0896
Saved checkpoint_epoch315.pt
