Epoch 1/1000: 100%|¨€¨€¨€¨€¨€¨€¨€¨€¨€¨€¨€¨€¨€¨€¨€¨€¨€¨€¨€¨€¨€¨€¨€¨€¨€¨€¨€¨€¨€¨€¨€¨€¨€¨€¨€¨€¨€¨€¨€¨€¨€¨€¨€¨€¨€¨€¨€¨€¨€¨€¨€¨€¨€¨€¨€¨€¨€¨€¨€¨€¨€¨€¨€¨€¨€¨€¨€¨€¨€¨€¨€¨€¨€¨€¨€¨€¨€¨€¨€¨€¨€¨€¨€| 133/133 [00:45<00:00,  2.90it/s, classification=5.03426, lr=1.0e-03, recon=0.01272]
Epoch 2/1000: 100%|¨€¨€¨€¨€¨€¨€¨€¨€¨€¨€¨€¨€¨€¨€¨€¨€¨€¨€¨€¨€¨€¨€¨€¨€¨€¨€¨€¨€¨€¨€¨€¨€¨€¨€¨€¨€¨€¨€¨€¨€¨€¨€¨€¨€¨€¨€¨€¨€¨€¨€¨€¨€¨€¨€¨€¨€¨€¨€¨€¨€¨€¨€¨€¨€¨€¨€¨€¨€¨€¨€¨€¨€¨€¨€¨€¨€¨€¨€¨€¨€¨€¨€¨€| 133/133 [00:45<00:00,  2.94it/s, classification=4.96031, lr=1.0e-03, recon=0.00778]
Epoch 3/1000: 100%|¨€¨€¨€¨€¨€¨€¨€¨€¨€¨€¨€¨€¨€¨€¨€¨€¨€¨€¨€¨€¨€¨€¨€¨€¨€¨€¨€¨€¨€¨€¨€¨€¨€¨€¨€¨€¨€¨€¨€¨€¨€¨€¨€¨€¨€¨€¨€¨€¨€¨€¨€¨€¨€¨€¨€¨€¨€¨€¨€¨€¨€¨€¨€¨€¨€¨€¨€¨€¨€¨€¨€¨€¨€¨€¨€¨€¨€¨€¨€¨€¨€¨€¨€| 133/133 [00:45<00:00,  2.94it/s, classification=4.76265, lr=1.0e-03, recon=0.00756]
Epoch 4/1000: 100%|¨€¨€¨€¨€¨€¨€¨€¨€¨€¨€¨€¨€¨€¨€¨€¨€¨€¨€¨€¨€¨€¨€¨€¨€¨€¨€¨€¨€¨€¨€¨€¨€¨€¨€¨€¨€¨€¨€¨€¨€¨€¨€¨€¨€¨€¨€¨€¨€¨€¨€¨€¨€¨€¨€¨€¨€¨€¨€¨€¨€¨€¨€¨€¨€¨€¨€¨€¨€¨€¨€¨€¨€¨€¨€¨€¨€¨€¨€¨€¨€¨€¨€¨€| 133/133 [00:45<00:00,  2.95it/s, classification=4.76524, lr=1.0e-03, recon=0.00731]
Epoch 5/1000: 100%|¨€¨€¨€¨€¨€¨€¨€¨€¨€¨€¨€¨€¨€¨€¨€¨€¨€¨€¨€¨€¨€¨€¨€¨€¨€¨€¨€¨€¨€¨€¨€¨€¨€¨€¨€¨€¨€¨€¨€¨€¨€¨€¨€¨€¨€¨€¨€¨€¨€¨€¨€¨€¨€¨€¨€¨€¨€¨€¨€¨€¨€¨€¨€¨€¨€¨€¨€¨€¨€¨€¨€¨€¨€¨€¨€¨€¨€¨€¨€¨€¨€¨€¨€| 133/133 [00:45<00:00,  2.94it/s, classification=4.68475, lr=1.0e-03, recon=0.00498]
Epoch 6/1000: 100%|¨€¨€¨€¨€¨€¨€¨€¨€¨€¨€¨€¨€¨€¨€¨€¨€¨€¨€¨€¨€¨€¨€¨€¨€¨€¨€¨€¨€¨€¨€¨€¨€¨€¨€¨€¨€¨€¨€¨€¨€¨€¨€¨€¨€¨€¨€¨€¨€¨€¨€¨€¨€¨€¨€¨€¨€¨€¨€¨€¨€¨€¨€¨€¨€¨€¨€¨€¨€¨€¨€¨€¨€¨€¨€¨€¨€¨€¨€¨€¨€¨€¨€¨€| 133/133 [00:44<00:00,  2.98it/s, classification=4.67984, lr=1.0e-03, recon=0.00468]
Epoch 7/1000: 100%|¨€¨€¨€¨€¨€¨€¨€¨€¨€¨€¨€¨€¨€¨€¨€¨€¨€¨€¨€¨€¨€¨€¨€¨€¨€¨€¨€¨€¨€¨€¨€¨€¨€¨€¨€¨€¨€¨€¨€¨€¨€¨€¨€¨€¨€¨€¨€¨€¨€¨€¨€¨€¨€¨€¨€¨€¨€¨€¨€¨€¨€¨€¨€¨€¨€¨€¨€¨€¨€¨€¨€¨€¨€¨€¨€¨€¨€¨€¨€¨€¨€¨€¨€| 133/133 [00:44<00:00,  2.99it/s, classification=4.62145, lr=1.0e-03, recon=0.00465]
Epoch 8/1000: 100%|¨€¨€¨€¨€¨€¨€¨€¨€¨€¨€¨€¨€¨€¨€¨€¨€¨€¨€¨€¨€¨€¨€¨€¨€¨€¨€¨€¨€¨€¨€¨€¨€¨€¨€¨€¨€¨€¨€¨€¨€¨€¨€¨€¨€¨€¨€¨€¨€¨€¨€¨€¨€¨€¨€¨€¨€¨€¨€¨€¨€¨€¨€¨€¨€¨€¨€¨€¨€¨€¨€¨€¨€¨€¨€¨€¨€¨€¨€¨€¨€¨€¨€¨€| 133/133 [00:45<00:00,  2.94it/s, classification=4.76539, lr=1.0e-03, recon=0.00474]
Epoch 9/1000: 100%|¨€¨€¨€¨€¨€¨€¨€¨€¨€¨€¨€¨€¨€¨€¨€¨€¨€¨€¨€¨€¨€¨€¨€¨€¨€¨€¨€¨€¨€¨€¨€¨€¨€¨€¨€¨€¨€¨€¨€¨€¨€¨€¨€¨€¨€¨€¨€¨€¨€¨€¨€¨€¨€¨€¨€¨€¨€¨€¨€¨€¨€¨€¨€¨€¨€¨€¨€¨€¨€¨€¨€¨€¨€¨€¨€¨€¨€¨€¨€¨€¨€¨€¨€| 133/133 [00:44<00:00,  2.96it/s, classification=4.66438, lr=1.0e-03, recon=0.00408]
Epoch 10/1000: 100%|¨€¨€¨€¨€¨€¨€¨€¨€¨€¨€¨€¨€¨€¨€¨€¨€¨€¨€¨€¨€¨€¨€¨€¨€¨€¨€¨€¨€¨€¨€¨€¨€¨€¨€¨€¨€¨€¨€¨€¨€¨€¨€¨€¨€¨€¨€¨€¨€¨€¨€¨€¨€¨€¨€¨€¨€¨€¨€¨€¨€¨€¨€¨€¨€¨€¨€¨€¨€¨€¨€¨€¨€¨€¨€¨€¨€¨€¨€¨€¨€¨€¨€| 133/133 [00:44<00:00,  2.97it/s, classification=4.45512, lr=1.0e-03, recon=0.00427]
Epoch 11/1000: 100%|¨€¨€¨€¨€¨€¨€¨€¨€¨€¨€¨€¨€¨€¨€¨€¨€¨€¨€¨€¨€¨€¨€¨€¨€¨€¨€¨€¨€¨€¨€¨€¨€¨€¨€¨€¨€¨€¨€¨€¨€¨€¨€¨€¨€¨€¨€¨€¨€¨€¨€¨€¨€¨€¨€¨€¨€¨€¨€¨€¨€¨€¨€¨€¨€¨€¨€¨€¨€¨€¨€¨€¨€¨€¨€¨€¨€¨€¨€¨€¨€¨€¨€| 133/133 [00:44<00:00,  2.96it/s, classification=4.49572, lr=1.0e-03, recon=0.00342]
Epoch 12/1000: 100%|¨€¨€¨€¨€¨€¨€¨€¨€¨€¨€¨€¨€¨€¨€¨€¨€¨€¨€¨€¨€¨€¨€¨€¨€¨€¨€¨€¨€¨€¨€¨€¨€¨€¨€¨€¨€¨€¨€¨€¨€¨€¨€¨€¨€¨€¨€¨€¨€¨€¨€¨€¨€¨€¨€¨€¨€¨€¨€¨€¨€¨€¨€¨€¨€¨€¨€¨€¨€¨€¨€¨€¨€¨€¨€¨€¨€¨€¨€¨€¨€¨€¨€| 133/133 [00:44<00:00,  2.96it/s, classification=4.40898, lr=1.0e-03, recon=0.00381]
Epoch 13/1000: 100%|¨€¨€¨€¨€¨€¨€¨€¨€¨€¨€¨€¨€¨€¨€¨€¨€¨€¨€¨€¨€¨€¨€¨€¨€¨€¨€¨€¨€¨€¨€¨€¨€¨€¨€¨€¨€¨€¨€¨€¨€¨€¨€¨€¨€¨€¨€¨€¨€¨€¨€¨€¨€¨€¨€¨€¨€¨€¨€¨€¨€¨€¨€¨€¨€¨€¨€¨€¨€¨€¨€¨€¨€¨€¨€¨€¨€¨€¨€¨€¨€¨€¨€| 133/133 [00:45<00:00,  2.94it/s, classification=4.46889, lr=1.0e-03, recon=0.00323]
Epoch 14/1000: 100%|¨€¨€¨€¨€¨€¨€¨€¨€¨€¨€¨€¨€¨€¨€¨€¨€¨€¨€¨€¨€¨€¨€¨€¨€¨€¨€¨€¨€¨€¨€¨€¨€¨€¨€¨€¨€¨€¨€¨€¨€¨€¨€¨€¨€¨€¨€¨€¨€¨€¨€¨€¨€¨€¨€¨€¨€¨€¨€¨€¨€¨€¨€¨€¨€¨€¨€¨€¨€¨€¨€¨€¨€¨€¨€¨€¨€¨€¨€¨€¨€¨€¨€| 133/133 [00:45<00:00,  2.95it/s, classification=4.30195, lr=1.0e-03, recon=0.00350]
Epoch 15/1000: 100%|¨€¨€¨€¨€¨€¨€¨€¨€¨€¨€¨€¨€¨€¨€¨€¨€¨€¨€¨€¨€¨€¨€¨€¨€¨€¨€¨€¨€¨€¨€¨€¨€¨€¨€¨€¨€¨€¨€¨€¨€¨€¨€¨€¨€¨€¨€¨€¨€¨€¨€¨€¨€¨€¨€¨€¨€¨€¨€¨€¨€¨€¨€¨€¨€¨€¨€¨€¨€¨€¨€¨€¨€¨€¨€¨€¨€¨€¨€¨€¨€¨€¨€| 133/133 [00:45<00:00,  2.95it/s, classification=4.44087, lr=1.0e-03, recon=0.00321]
Epoch 16/1000: 100%|¨€¨€¨€¨€¨€¨€¨€¨€¨€¨€¨€¨€¨€¨€¨€¨€¨€¨€¨€¨€¨€¨€¨€¨€¨€¨€¨€¨€¨€¨€¨€¨€¨€¨€¨€¨€¨€¨€¨€¨€¨€¨€¨€¨€¨€¨€¨€¨€¨€¨€¨€¨€¨€¨€¨€¨€¨€¨€¨€¨€¨€¨€¨€¨€¨€¨€¨€¨€¨€¨€¨€¨€¨€¨€¨€¨€¨€¨€¨€¨€¨€¨€| 133/133 [00:45<00:00,  2.94it/s, classification=4.36732, lr=1.0e-03, recon=0.00255]
Epoch 17/1000: 100%|¨€¨€¨€¨€¨€¨€¨€¨€¨€¨€¨€¨€¨€¨€¨€¨€¨€¨€¨€¨€¨€¨€¨€¨€¨€¨€¨€¨€¨€¨€¨€¨€¨€¨€¨€¨€¨€¨€¨€¨€¨€¨€¨€¨€¨€¨€¨€¨€¨€¨€¨€¨€¨€¨€¨€¨€¨€¨€¨€¨€¨€¨€¨€¨€¨€¨€¨€¨€¨€¨€¨€¨€¨€¨€¨€¨€¨€¨€¨€¨€¨€¨€| 133/133 [00:45<00:00,  2.93it/s, classification=4.24472, lr=1.0e-03, recon=0.00259]
Epoch 18/1000: 100%|¨€¨€¨€¨€¨€¨€¨€¨€¨€¨€¨€¨€¨€¨€¨€¨€¨€¨€¨€¨€¨€¨€¨€¨€¨€¨€¨€¨€¨€¨€¨€¨€¨€¨€¨€¨€¨€¨€¨€¨€¨€¨€¨€¨€¨€¨€¨€¨€¨€¨€¨€¨€¨€¨€¨€¨€¨€¨€¨€¨€¨€¨€¨€¨€¨€¨€¨€¨€¨€¨€¨€¨€¨€¨€¨€¨€¨€¨€¨€¨€¨€¨€| 133/133 [00:45<00:00,  2.93it/s, classification=4.37104, lr=1.0e-03, recon=0.00258]
Epoch 19/1000: 100%|¨€¨€¨€¨€¨€¨€¨€¨€¨€¨€¨€¨€¨€¨€¨€¨€¨€¨€¨€¨€¨€¨€¨€¨€¨€¨€¨€¨€¨€¨€¨€¨€¨€¨€¨€¨€¨€¨€¨€¨€¨€¨€¨€¨€¨€¨€¨€¨€¨€¨€¨€¨€¨€¨€¨€¨€¨€¨€¨€¨€¨€¨€¨€¨€¨€¨€¨€¨€¨€¨€¨€¨€¨€¨€¨€¨€¨€¨€¨€¨€¨€¨€| 133/133 [00:45<00:00,  2.95it/s, classification=4.29009, lr=1.0e-03, recon=0.00252]
Epoch 20/1000: 100%|¨€¨€¨€¨€¨€¨€¨€¨€¨€¨€¨€¨€¨€¨€¨€¨€¨€¨€¨€¨€¨€¨€¨€¨€¨€¨€¨€¨€¨€¨€¨€¨€¨€¨€¨€¨€¨€¨€¨€¨€¨€¨€¨€¨€¨€¨€¨€¨€¨€¨€¨€¨€¨€¨€¨€¨€¨€¨€¨€¨€¨€¨€¨€¨€¨€¨€¨€¨€¨€¨€¨€¨€¨€¨€¨€¨€¨€¨€¨€¨€¨€¨€| 133/133 [00:45<00:00,  2.93it/s, classification=4.13048, lr=1.0e-03, recon=0.00228]
Epoch 21/1000: 100%|¨€¨€¨€¨€¨€¨€¨€¨€¨€¨€¨€¨€¨€¨€¨€¨€¨€¨€¨€¨€¨€¨€¨€¨€¨€¨€¨€¨€¨€¨€¨€¨€¨€¨€¨€¨€¨€¨€¨€¨€¨€¨€¨€¨€¨€¨€¨€¨€¨€¨€¨€¨€¨€¨€¨€¨€¨€¨€¨€¨€¨€¨€¨€¨€¨€¨€¨€¨€¨€¨€¨€¨€¨€¨€¨€¨€¨€¨€¨€¨€¨€¨€| 133/133 [00:45<00:00,  2.93it/s, classification=4.41695, lr=1.0e-03, recon=0.00223]
Epoch 22/1000: 100%|¨€¨€¨€¨€¨€¨€¨€¨€¨€¨€¨€¨€¨€¨€¨€¨€¨€¨€¨€¨€¨€¨€¨€¨€¨€¨€¨€¨€¨€¨€¨€¨€¨€¨€¨€¨€¨€¨€¨€¨€¨€¨€¨€¨€¨€¨€¨€¨€¨€¨€¨€¨€¨€¨€¨€¨€¨€¨€¨€¨€¨€¨€¨€¨€¨€¨€¨€¨€¨€¨€¨€¨€¨€¨€¨€¨€¨€¨€¨€¨€¨€¨€| 133/133 [00:45<00:00,  2.94it/s, classification=4.11120, lr=1.0e-03, recon=0.00218]
Epoch 23/1000: 100%|¨€¨€¨€¨€¨€¨€¨€¨€¨€¨€¨€¨€¨€¨€¨€¨€¨€¨€¨€¨€¨€¨€¨€¨€¨€¨€¨€¨€¨€¨€¨€¨€¨€¨€¨€¨€¨€¨€¨€¨€¨€¨€¨€¨€¨€¨€¨€¨€¨€¨€¨€¨€¨€¨€¨€¨€¨€¨€¨€¨€¨€¨€¨€¨€¨€¨€¨€¨€¨€¨€¨€¨€¨€¨€¨€¨€¨€¨€¨€¨€¨€¨€| 133/133 [00:45<00:00,  2.93it/s, classification=4.06822, lr=1.0e-03, recon=0.00190]
Epoch 24/1000: 100%|¨€¨€¨€¨€¨€¨€¨€¨€¨€¨€¨€¨€¨€¨€¨€¨€¨€¨€¨€¨€¨€¨€¨€¨€¨€¨€¨€¨€¨€¨€¨€¨€¨€¨€¨€¨€¨€¨€¨€¨€¨€¨€¨€¨€¨€¨€¨€¨€¨€¨€¨€¨€¨€¨€¨€¨€¨€¨€¨€¨€¨€¨€¨€¨€¨€¨€¨€¨€¨€¨€¨€¨€¨€¨€¨€¨€¨€¨€¨€¨€¨€¨€| 133/133 [00:45<00:00,  2.94it/s, classification=4.29011, lr=1.0e-03, recon=0.00168]
Epoch 25/1000: 100%|¨€¨€¨€¨€¨€¨€¨€¨€¨€¨€¨€¨€¨€¨€¨€¨€¨€¨€¨€¨€¨€¨€¨€¨€¨€¨€¨€¨€¨€¨€¨€¨€¨€¨€¨€¨€¨€¨€¨€¨€¨€¨€¨€¨€¨€¨€¨€¨€¨€¨€¨€¨€¨€¨€¨€¨€¨€¨€¨€¨€¨€¨€¨€¨€¨€¨€¨€¨€¨€¨€¨€¨€¨€¨€¨€¨€¨€¨€¨€¨€¨€¨€| 133/133 [00:45<00:00,  2.94it/s, classification=4.22813, lr=8.0e-04, recon=0.00175]
Epoch 26/1000: 100%|¨€¨€¨€¨€¨€¨€¨€¨€¨€¨€¨€¨€¨€¨€¨€¨€¨€¨€¨€¨€¨€¨€¨€¨€¨€¨€¨€¨€¨€¨€¨€¨€¨€¨€¨€¨€¨€¨€¨€¨€¨€¨€¨€¨€¨€¨€¨€¨€¨€¨€¨€¨€¨€¨€¨€¨€¨€¨€¨€¨€¨€¨€¨€¨€¨€¨€¨€¨€¨€¨€¨€¨€¨€¨€¨€¨€¨€¨€¨€¨€¨€¨€| 133/133 [00:45<00:00,  2.93it/s, classification=4.13753, lr=8.0e-04, recon=0.00142]
Epoch 27/1000: 100%|¨€¨€¨€¨€¨€¨€¨€¨€¨€¨€¨€¨€¨€¨€¨€¨€¨€¨€¨€¨€¨€¨€¨€¨€¨€¨€¨€¨€¨€¨€¨€¨€¨€¨€¨€¨€¨€¨€¨€¨€¨€¨€¨€¨€¨€¨€¨€¨€¨€¨€¨€¨€¨€¨€¨€¨€¨€¨€¨€¨€¨€¨€¨€¨€¨€¨€¨€¨€¨€¨€¨€¨€¨€¨€¨€¨€¨€¨€¨€¨€¨€¨€| 133/133 [00:45<00:00,  2.95it/s, classification=3.85682, lr=8.0e-04, recon=0.00157]
Epoch 28/1000: 100%|¨€¨€¨€¨€¨€¨€¨€¨€¨€¨€¨€¨€¨€¨€¨€¨€¨€¨€¨€¨€¨€¨€¨€¨€¨€¨€¨€¨€¨€¨€¨€¨€¨€¨€¨€¨€¨€¨€¨€¨€¨€¨€¨€¨€¨€¨€¨€¨€¨€¨€¨€¨€¨€¨€¨€¨€¨€¨€¨€¨€¨€¨€¨€¨€¨€¨€¨€¨€¨€¨€¨€¨€¨€¨€¨€¨€¨€¨€¨€¨€¨€¨€| 133/133 [00:45<00:00,  2.94it/s, classification=4.03292, lr=8.0e-04, recon=0.00133]
Epoch 29/1000: 100%|¨€¨€¨€¨€¨€¨€¨€¨€¨€¨€¨€¨€¨€¨€¨€¨€¨€¨€¨€¨€¨€¨€¨€¨€¨€¨€¨€¨€¨€¨€¨€¨€¨€¨€¨€¨€¨€¨€¨€¨€¨€¨€¨€¨€¨€¨€¨€¨€¨€¨€¨€¨€¨€¨€¨€¨€¨€¨€¨€¨€¨€¨€¨€¨€¨€¨€¨€¨€¨€¨€¨€¨€¨€¨€¨€¨€¨€¨€¨€¨€¨€¨€| 133/133 [00:45<00:00,  2.94it/s, classification=3.86525, lr=8.0e-04, recon=0.00128]
Epoch 30/1000: 100%|¨€¨€¨€¨€¨€¨€¨€¨€¨€¨€¨€¨€¨€¨€¨€¨€¨€¨€¨€¨€¨€¨€¨€¨€¨€¨€¨€¨€¨€¨€¨€¨€¨€¨€¨€¨€¨€¨€¨€¨€¨€¨€¨€¨€¨€¨€¨€¨€¨€¨€¨€¨€¨€¨€¨€¨€¨€¨€¨€¨€¨€¨€¨€¨€¨€¨€¨€¨€¨€¨€¨€¨€¨€¨€¨€¨€¨€¨€¨€¨€¨€¨€| 133/133 [00:45<00:00,  2.93it/s, classification=3.83022, lr=8.0e-04, recon=0.00124]
Epoch 31/1000: 100%|¨€¨€¨€¨€¨€¨€¨€¨€¨€¨€¨€¨€¨€¨€¨€¨€¨€¨€¨€¨€¨€¨€¨€¨€¨€¨€¨€¨€¨€¨€¨€¨€¨€¨€¨€¨€¨€¨€¨€¨€¨€¨€¨€¨€¨€¨€¨€¨€¨€¨€¨€¨€¨€¨€¨€¨€¨€¨€¨€¨€¨€¨€¨€¨€¨€¨€¨€¨€¨€¨€¨€¨€¨€¨€¨€¨€¨€¨€¨€¨€¨€¨€| 133/133 [00:45<00:00,  2.94it/s, classification=3.67032, lr=8.0e-04, recon=0.00136]
Epoch 32/1000: 100%|¨€¨€¨€¨€¨€¨€¨€¨€¨€¨€¨€¨€¨€¨€¨€¨€¨€¨€¨€¨€¨€¨€¨€¨€¨€¨€¨€¨€¨€¨€¨€¨€¨€¨€¨€¨€¨€¨€¨€¨€¨€¨€¨€¨€¨€¨€¨€¨€¨€¨€¨€¨€¨€¨€¨€¨€¨€¨€¨€¨€¨€¨€¨€¨€¨€¨€¨€¨€¨€¨€¨€¨€¨€¨€¨€¨€¨€¨€¨€¨€¨€¨€| 133/133 [00:45<00:00,  2.94it/s, classification=3.55388, lr=6.4e-04, recon=0.00116]
Epoch 33/1000: 100%|¨€¨€¨€¨€¨€¨€¨€¨€¨€¨€¨€¨€¨€¨€¨€¨€¨€¨€¨€¨€¨€¨€¨€¨€¨€¨€¨€¨€¨€¨€¨€¨€¨€¨€¨€¨€¨€¨€¨€¨€¨€¨€¨€¨€¨€¨€¨€¨€¨€¨€¨€¨€¨€¨€¨€¨€¨€¨€¨€¨€¨€¨€¨€¨€¨€¨€¨€¨€¨€¨€¨€¨€¨€¨€¨€¨€¨€¨€¨€¨€¨€¨€| 133/133 [00:45<00:00,  2.94it/s, classification=3.81045, lr=6.4e-04, recon=0.00109]
Epoch 34/1000: 100%|¨€¨€¨€¨€¨€¨€¨€¨€¨€¨€¨€¨€¨€¨€¨€¨€¨€¨€¨€¨€¨€¨€¨€¨€¨€¨€¨€¨€¨€¨€¨€¨€¨€¨€¨€¨€¨€¨€¨€¨€¨€¨€¨€¨€¨€¨€¨€¨€¨€¨€¨€¨€¨€¨€¨€¨€¨€¨€¨€¨€¨€¨€¨€¨€¨€¨€¨€¨€¨€¨€¨€¨€¨€¨€¨€¨€¨€¨€¨€¨€¨€¨€| 133/133 [00:45<00:00,  2.94it/s, classification=3.48138, lr=6.4e-04, recon=0.00112]
Epoch 35/1000: 100%|¨€¨€¨€¨€¨€¨€¨€¨€¨€¨€¨€¨€¨€¨€¨€¨€¨€¨€¨€¨€¨€¨€¨€¨€¨€¨€¨€¨€¨€¨€¨€¨€¨€¨€¨€¨€¨€¨€¨€¨€¨€¨€¨€¨€¨€¨€¨€¨€¨€¨€¨€¨€¨€¨€¨€¨€¨€¨€¨€¨€¨€¨€¨€¨€¨€¨€¨€¨€¨€¨€¨€¨€¨€¨€¨€¨€¨€¨€¨€¨€¨€¨€| 133/133 [00:45<00:00,  2.94it/s, classification=3.64475, lr=6.4e-04, recon=0.00101]
Epoch 36/1000: 100%|¨€¨€¨€¨€¨€¨€¨€¨€¨€¨€¨€¨€¨€¨€¨€¨€¨€¨€¨€¨€¨€¨€¨€¨€¨€¨€¨€¨€¨€¨€¨€¨€¨€¨€¨€¨€¨€¨€¨€¨€¨€¨€¨€¨€¨€¨€¨€¨€¨€¨€¨€¨€¨€¨€¨€¨€¨€¨€¨€¨€¨€¨€¨€¨€¨€¨€¨€¨€¨€¨€¨€¨€¨€¨€¨€¨€¨€¨€¨€¨€¨€¨€| 133/133 [00:45<00:00,  2.94it/s, classification=3.42738, lr=5.1e-04, recon=0.00105]
Epoch 37/1000: 100%|¨€¨€¨€¨€¨€¨€¨€¨€¨€¨€¨€¨€¨€¨€¨€¨€¨€¨€¨€¨€¨€¨€¨€¨€¨€¨€¨€¨€¨€¨€¨€¨€¨€¨€¨€¨€¨€¨€¨€¨€¨€¨€¨€¨€¨€¨€¨€¨€¨€¨€¨€¨€¨€¨€¨€¨€¨€¨€¨€¨€¨€¨€¨€¨€¨€¨€¨€¨€¨€¨€¨€¨€¨€¨€¨€¨€¨€¨€¨€¨€¨€¨€| 133/133 [00:45<00:00,  2.95it/s, classification=3.45846, lr=5.1e-04, recon=0.00109]
Epoch 38/1000: 100%|¨€¨€¨€¨€¨€¨€¨€¨€¨€¨€¨€¨€¨€¨€¨€¨€¨€¨€¨€¨€¨€¨€¨€¨€¨€¨€¨€¨€¨€¨€¨€¨€¨€¨€¨€¨€¨€¨€¨€¨€¨€¨€¨€¨€¨€¨€¨€¨€¨€¨€¨€¨€¨€¨€¨€¨€¨€¨€¨€¨€¨€¨€¨€¨€¨€¨€¨€¨€¨€¨€¨€¨€¨€¨€¨€¨€¨€¨€¨€¨€¨€¨€| 133/133 [00:45<00:00,  2.95it/s, classification=3.56437, lr=5.1e-04, recon=0.00107]
Epoch 39/1000: 100%|¨€¨€¨€¨€¨€¨€¨€¨€¨€¨€¨€¨€¨€¨€¨€¨€¨€¨€¨€¨€¨€¨€¨€¨€¨€¨€¨€¨€¨€¨€¨€¨€¨€¨€¨€¨€¨€¨€¨€¨€¨€¨€¨€¨€¨€¨€¨€¨€¨€¨€¨€¨€¨€¨€¨€¨€¨€¨€¨€¨€¨€¨€¨€¨€¨€¨€¨€¨€¨€¨€¨€¨€¨€¨€¨€¨€¨€¨€¨€¨€¨€¨€| 133/133 [00:44<00:00,  2.96it/s, classification=3.33243, lr=5.1e-04, recon=0.00098]
Epoch 40/1000: 100%|¨€¨€¨€¨€¨€¨€¨€¨€¨€¨€¨€¨€¨€¨€¨€¨€¨€¨€¨€¨€¨€¨€¨€¨€¨€¨€¨€¨€¨€¨€¨€¨€¨€¨€¨€¨€¨€¨€¨€¨€¨€¨€¨€¨€¨€¨€¨€¨€¨€¨€¨€¨€¨€¨€¨€¨€¨€¨€¨€¨€¨€¨€¨€¨€¨€¨€¨€¨€¨€¨€¨€¨€¨€¨€¨€¨€¨€¨€¨€¨€¨€¨€| 133/133 [00:45<00:00,  2.95it/s, classification=3.45338, lr=4.1e-04, recon=0.00101]
Epoch 41/1000: 100%|¨€¨€¨€¨€¨€¨€¨€¨€¨€¨€¨€¨€¨€¨€¨€¨€¨€¨€¨€¨€¨€¨€¨€¨€¨€¨€¨€¨€¨€¨€¨€¨€¨€¨€¨€¨€¨€¨€¨€¨€¨€¨€¨€¨€¨€¨€¨€¨€¨€¨€¨€¨€¨€¨€¨€¨€¨€¨€¨€¨€¨€¨€¨€¨€¨€¨€¨€¨€¨€¨€¨€¨€¨€¨€¨€¨€¨€¨€¨€¨€¨€¨€| 133/133 [00:45<00:00,  2.95it/s, classification=3.22525, lr=4.1e-04, recon=0.00092]
Epoch 42/1000: 100%|¨€¨€¨€¨€¨€¨€¨€¨€¨€¨€¨€¨€¨€¨€¨€¨€¨€¨€¨€¨€¨€¨€¨€¨€¨€¨€¨€¨€¨€¨€¨€¨€¨€¨€¨€¨€¨€¨€¨€¨€¨€¨€¨€¨€¨€¨€¨€¨€¨€¨€¨€¨€¨€¨€¨€¨€¨€¨€¨€¨€¨€¨€¨€¨€¨€¨€¨€¨€¨€¨€¨€¨€¨€¨€¨€¨€¨€¨€¨€¨€¨€¨€| 133/133 [00:45<00:00,  2.94it/s, classification=3.04463, lr=4.1e-04, recon=0.00082]
Epoch 43/1000: 100%|¨€¨€¨€¨€¨€¨€¨€¨€¨€¨€¨€¨€¨€¨€¨€¨€¨€¨€¨€¨€¨€¨€¨€¨€¨€¨€¨€¨€¨€¨€¨€¨€¨€¨€¨€¨€¨€¨€¨€¨€¨€¨€¨€¨€¨€¨€¨€¨€¨€¨€¨€¨€¨€¨€¨€¨€¨€¨€¨€¨€¨€¨€¨€¨€¨€¨€¨€¨€¨€¨€¨€¨€¨€¨€¨€¨€¨€¨€¨€¨€¨€¨€| 133/133 [00:45<00:00,  2.95it/s, classification=3.25052, lr=4.1e-04, recon=0.00083]
Epoch 44/1000: 100%|¨€¨€¨€¨€¨€¨€¨€¨€¨€¨€¨€¨€¨€¨€¨€¨€¨€¨€¨€¨€¨€¨€¨€¨€¨€¨€¨€¨€¨€¨€¨€¨€¨€¨€¨€¨€¨€¨€¨€¨€¨€¨€¨€¨€¨€¨€¨€¨€¨€¨€¨€¨€¨€¨€¨€¨€¨€¨€¨€¨€¨€¨€¨€¨€¨€¨€¨€¨€¨€¨€¨€¨€¨€¨€¨€¨€¨€¨€¨€¨€¨€¨€| 133/133 [00:45<00:00,  2.94it/s, classification=3.06167, lr=3.3e-04, recon=0.00091]
Epoch 45/1000: 100%|¨€¨€¨€¨€¨€¨€¨€¨€¨€¨€¨€¨€¨€¨€¨€¨€¨€¨€¨€¨€¨€¨€¨€¨€¨€¨€¨€¨€¨€¨€¨€¨€¨€¨€¨€¨€¨€¨€¨€¨€¨€¨€¨€¨€¨€¨€¨€¨€¨€¨€¨€¨€¨€¨€¨€¨€¨€¨€¨€¨€¨€¨€¨€¨€¨€¨€¨€¨€¨€¨€¨€¨€¨€¨€¨€¨€¨€¨€¨€¨€¨€¨€| 133/133 [00:45<00:00,  2.94it/s, classification=2.90464, lr=3.3e-04, recon=0.00091]
Epoch 46/1000: 100%|¨€¨€¨€¨€¨€¨€¨€¨€¨€¨€¨€¨€¨€¨€¨€¨€¨€¨€¨€¨€¨€¨€¨€¨€¨€¨€¨€¨€¨€¨€¨€¨€¨€¨€¨€¨€¨€¨€¨€¨€¨€¨€¨€¨€¨€¨€¨€¨€¨€¨€¨€¨€¨€¨€¨€¨€¨€¨€¨€¨€¨€¨€¨€¨€¨€¨€¨€¨€¨€¨€¨€¨€¨€¨€¨€¨€¨€¨€¨€¨€¨€¨€| 133/133 [00:45<00:00,  2.94it/s, classification=2.94644, lr=3.3e-04, recon=0.00077]
Epoch 47/1000: 100%|¨€¨€¨€¨€¨€¨€¨€¨€¨€¨€¨€¨€¨€¨€¨€¨€¨€¨€¨€¨€¨€¨€¨€¨€¨€¨€¨€¨€¨€¨€¨€¨€¨€¨€¨€¨€¨€¨€¨€¨€¨€¨€¨€¨€¨€¨€¨€¨€¨€¨€¨€¨€¨€¨€¨€¨€¨€¨€¨€¨€¨€¨€¨€¨€¨€¨€¨€¨€¨€¨€¨€¨€¨€¨€¨€¨€¨€¨€¨€¨€¨€¨€| 133/133 [00:45<00:00,  2.94it/s, classification=2.75938, lr=3.3e-04, recon=0.00080]
Epoch 48/1000: 100%|¨€¨€¨€¨€¨€¨€¨€¨€¨€¨€¨€¨€¨€¨€¨€¨€¨€¨€¨€¨€¨€¨€¨€¨€¨€¨€¨€¨€¨€¨€¨€¨€¨€¨€¨€¨€¨€¨€¨€¨€¨€¨€¨€¨€¨€¨€¨€¨€¨€¨€¨€¨€¨€¨€¨€¨€¨€¨€¨€¨€¨€¨€¨€¨€¨€¨€¨€¨€¨€¨€¨€¨€¨€¨€¨€¨€¨€¨€¨€¨€¨€¨€| 133/133 [00:44<00:00,  2.96it/s, classification=2.83314, lr=2.6e-04, recon=0.00076]
Epoch 49/1000: 100%|¨€¨€¨€¨€¨€¨€¨€¨€¨€¨€¨€¨€¨€¨€¨€¨€¨€¨€¨€¨€¨€¨€¨€¨€¨€¨€¨€¨€¨€¨€¨€¨€¨€¨€¨€¨€¨€¨€¨€¨€¨€¨€¨€¨€¨€¨€¨€¨€¨€¨€¨€¨€¨€¨€¨€¨€¨€¨€¨€¨€¨€¨€¨€¨€¨€¨€¨€¨€¨€¨€¨€¨€¨€¨€¨€¨€¨€¨€¨€¨€¨€¨€| 133/133 [00:45<00:00,  2.94it/s, classification=2.62205, lr=2.6e-04, recon=0.00089]
Epoch 50/1000: 100%|¨€¨€¨€¨€¨€¨€¨€¨€¨€¨€¨€¨€¨€¨€¨€¨€¨€¨€¨€¨€¨€¨€¨€¨€¨€¨€¨€¨€¨€¨€¨€¨€¨€¨€¨€¨€¨€¨€¨€¨€¨€¨€¨€¨€¨€¨€¨€¨€¨€¨€¨€¨€¨€¨€¨€¨€¨€¨€¨€¨€¨€¨€¨€¨€¨€¨€¨€¨€¨€¨€¨€¨€¨€¨€¨€¨€¨€¨€¨€¨€¨€¨€| 133/133 [00:45<00:00,  2.94it/s, classification=2.66193, lr=2.6e-04, recon=0.00080]
Epoch 51/1000: 100%|¨€¨€¨€¨€¨€¨€¨€¨€¨€¨€¨€¨€¨€¨€¨€¨€¨€¨€¨€¨€¨€¨€¨€¨€¨€¨€¨€¨€¨€¨€¨€¨€¨€¨€¨€¨€¨€¨€¨€¨€¨€¨€¨€¨€¨€¨€¨€¨€¨€¨€¨€¨€¨€¨€¨€¨€¨€¨€¨€¨€¨€¨€¨€¨€¨€¨€¨€¨€¨€¨€¨€¨€¨€¨€¨€¨€¨€¨€¨€¨€¨€¨€| 133/133 [00:45<00:00,  2.93it/s, classification=2.42847, lr=2.6e-04, recon=0.00073]
Epoch 52/1000: 100%|¨€¨€¨€¨€¨€¨€¨€¨€¨€¨€¨€¨€¨€¨€¨€¨€¨€¨€¨€¨€¨€¨€¨€¨€¨€¨€¨€¨€¨€¨€¨€¨€¨€¨€¨€¨€¨€¨€¨€¨€¨€¨€¨€¨€¨€¨€¨€¨€¨€¨€¨€¨€¨€¨€¨€¨€¨€¨€¨€¨€¨€¨€¨€¨€¨€¨€¨€¨€¨€¨€¨€¨€¨€¨€¨€¨€¨€¨€¨€¨€¨€¨€| 133/133 [00:45<00:00,  2.94it/s, classification=2.57058, lr=2.1e-04, recon=0.00072]
Epoch 53/1000: 100%|¨€¨€¨€¨€¨€¨€¨€¨€¨€¨€¨€¨€¨€¨€¨€¨€¨€¨€¨€¨€¨€¨€¨€¨€¨€¨€¨€¨€¨€¨€¨€¨€¨€¨€¨€¨€¨€¨€¨€¨€¨€¨€¨€¨€¨€¨€¨€¨€¨€¨€¨€¨€¨€¨€¨€¨€¨€¨€¨€¨€¨€¨€¨€¨€¨€¨€¨€¨€¨€¨€¨€¨€¨€¨€¨€¨€¨€¨€¨€¨€¨€¨€| 133/133 [00:45<00:00,  2.94it/s, classification=2.27449, lr=2.1e-04, recon=0.00067]
Epoch 54/1000: 100%|¨€¨€¨€¨€¨€¨€¨€¨€¨€¨€¨€¨€¨€¨€¨€¨€¨€¨€¨€¨€¨€¨€¨€¨€¨€¨€¨€¨€¨€¨€¨€¨€¨€¨€¨€¨€¨€¨€¨€¨€¨€¨€¨€¨€¨€¨€¨€¨€¨€¨€¨€¨€¨€¨€¨€¨€¨€¨€¨€¨€¨€¨€¨€¨€¨€¨€¨€¨€¨€¨€¨€¨€¨€¨€¨€¨€¨€¨€¨€¨€¨€¨€| 133/133 [00:45<00:00,  2.95it/s, classification=2.49283, lr=2.1e-04, recon=0.00074]
Epoch 55/1000: 100%|¨€¨€¨€¨€¨€¨€¨€¨€¨€¨€¨€¨€¨€¨€¨€¨€¨€¨€¨€¨€¨€¨€¨€¨€¨€¨€¨€¨€¨€¨€¨€¨€¨€¨€¨€¨€¨€¨€¨€¨€¨€¨€¨€¨€¨€¨€¨€¨€¨€¨€¨€¨€¨€¨€¨€¨€¨€¨€¨€¨€¨€¨€¨€¨€¨€¨€¨€¨€¨€¨€¨€¨€¨€¨€¨€¨€¨€¨€¨€¨€¨€¨€| 133/133 [00:45<00:00,  2.94it/s, classification=2.41072, lr=2.1e-04, recon=0.00080]
Epoch 56/1000: 100%|¨€¨€¨€¨€¨€¨€¨€¨€¨€¨€¨€¨€¨€¨€¨€¨€¨€¨€¨€¨€¨€¨€¨€¨€¨€¨€¨€¨€¨€¨€¨€¨€¨€¨€¨€¨€¨€¨€¨€¨€¨€¨€¨€¨€¨€¨€¨€¨€¨€¨€¨€¨€¨€¨€¨€¨€¨€¨€¨€¨€¨€¨€¨€¨€¨€¨€¨€¨€¨€¨€¨€¨€¨€¨€¨€¨€¨€¨€¨€¨€¨€¨€| 133/133 [00:45<00:00,  2.94it/s, classification=2.42572, lr=1.7e-04, recon=0.00079]
Epoch 57/1000: 100%|¨€¨€¨€¨€¨€¨€¨€¨€¨€¨€¨€¨€¨€¨€¨€¨€¨€¨€¨€¨€¨€¨€¨€¨€¨€¨€¨€¨€¨€¨€¨€¨€¨€¨€¨€¨€¨€¨€¨€¨€¨€¨€¨€¨€¨€¨€¨€¨€¨€¨€¨€¨€¨€¨€¨€¨€¨€¨€¨€¨€¨€¨€¨€¨€¨€¨€¨€¨€¨€¨€¨€¨€¨€¨€¨€¨€¨€¨€¨€¨€¨€¨€| 133/133 [00:45<00:00,  2.93it/s, classification=2.47357, lr=1.7e-04, recon=0.00077]
Epoch 58/1000: 100%|¨€¨€¨€¨€¨€¨€¨€¨€¨€¨€¨€¨€¨€¨€¨€¨€¨€¨€¨€¨€¨€¨€¨€¨€¨€¨€¨€¨€¨€¨€¨€¨€¨€¨€¨€¨€¨€¨€¨€¨€¨€¨€¨€¨€¨€¨€¨€¨€¨€¨€¨€¨€¨€¨€¨€¨€¨€¨€¨€¨€¨€¨€¨€¨€¨€¨€¨€¨€¨€¨€¨€¨€¨€¨€¨€¨€¨€¨€¨€¨€¨€¨€| 133/133 [00:45<00:00,  2.94it/s, classification=2.42248, lr=1.7e-04, recon=0.00073]
Epoch 59/1000: 100%|¨€¨€¨€¨€¨€¨€¨€¨€¨€¨€¨€¨€¨€¨€¨€¨€¨€¨€¨€¨€¨€¨€¨€¨€¨€¨€¨€¨€¨€¨€¨€¨€¨€¨€¨€¨€¨€¨€¨€¨€¨€¨€¨€¨€¨€¨€¨€¨€¨€¨€¨€¨€¨€¨€¨€¨€¨€¨€¨€¨€¨€¨€¨€¨€¨€¨€¨€¨€¨€¨€¨€¨€¨€¨€¨€¨€¨€¨€¨€¨€¨€¨€| 133/133 [00:45<00:00,  2.93it/s, classification=2.05271, lr=1.7e-04, recon=0.00086]
Epoch 60/1000: 100%|¨€¨€¨€¨€¨€¨€¨€¨€¨€¨€¨€¨€¨€¨€¨€¨€¨€¨€¨€¨€¨€¨€¨€¨€¨€¨€¨€¨€¨€¨€¨€¨€¨€¨€¨€¨€¨€¨€¨€¨€¨€¨€¨€¨€¨€¨€¨€¨€¨€¨€¨€¨€¨€¨€¨€¨€¨€¨€¨€¨€¨€¨€¨€¨€¨€¨€¨€¨€¨€¨€¨€¨€¨€¨€¨€¨€¨€¨€¨€¨€¨€¨€| 133/133 [00:45<00:00,  2.94it/s, classification=2.37942, lr=1.3e-04, recon=0.00069]
Epoch 61/1000: 100%|¨€¨€¨€¨€¨€¨€¨€¨€¨€¨€¨€¨€¨€¨€¨€¨€¨€¨€¨€¨€¨€¨€¨€¨€¨€¨€¨€¨€¨€¨€¨€¨€¨€¨€¨€¨€¨€¨€¨€¨€¨€¨€¨€¨€¨€¨€¨€¨€¨€¨€¨€¨€¨€¨€¨€¨€¨€¨€¨€¨€¨€¨€¨€¨€¨€¨€¨€¨€¨€¨€¨€¨€¨€¨€¨€¨€¨€¨€¨€¨€¨€¨€| 133/133 [00:45<00:00,  2.94it/s, classification=1.94523, lr=1.3e-04, recon=0.00079]
Epoch 62/1000: 100%|¨€¨€¨€¨€¨€¨€¨€¨€¨€¨€¨€¨€¨€¨€¨€¨€¨€¨€¨€¨€¨€¨€¨€¨€¨€¨€¨€¨€¨€¨€¨€¨€¨€¨€¨€¨€¨€¨€¨€¨€¨€¨€¨€¨€¨€¨€¨€¨€¨€¨€¨€¨€¨€¨€¨€¨€¨€¨€¨€¨€¨€¨€¨€¨€¨€¨€¨€¨€¨€¨€¨€¨€¨€¨€¨€¨€¨€¨€¨€¨€¨€¨€| 133/133 [00:45<00:00,  2.94it/s, classification=2.28245, lr=1.3e-04, recon=0.00078]
Epoch 63/1000: 100%|¨€¨€¨€¨€¨€¨€¨€¨€¨€¨€¨€¨€¨€¨€¨€¨€¨€¨€¨€¨€¨€¨€¨€¨€¨€¨€¨€¨€¨€¨€¨€¨€¨€¨€¨€¨€¨€¨€¨€¨€¨€¨€¨€¨€¨€¨€¨€¨€¨€¨€¨€¨€¨€¨€¨€¨€¨€¨€¨€¨€¨€¨€¨€¨€¨€¨€¨€¨€¨€¨€¨€¨€¨€¨€¨€¨€¨€¨€¨€¨€¨€¨€| 133/133 [00:45<00:00,  2.95it/s, classification=2.28219, lr=1.3e-04, recon=0.00075]
Epoch 64/1000: 100%|¨€¨€¨€¨€¨€¨€¨€¨€¨€¨€¨€¨€¨€¨€¨€¨€¨€¨€¨€¨€¨€¨€¨€¨€¨€¨€¨€¨€¨€¨€¨€¨€¨€¨€¨€¨€¨€¨€¨€¨€¨€¨€¨€¨€¨€¨€¨€¨€¨€¨€¨€¨€¨€¨€¨€¨€¨€¨€¨€¨€¨€¨€¨€¨€¨€¨€¨€¨€¨€¨€¨€¨€¨€¨€¨€¨€¨€¨€¨€¨€¨€¨€| 133/133 [00:45<00:00,  2.93it/s, classification=1.95256, lr=1.1e-04, recon=0.00066]
Epoch 65/1000: 100%|¨€¨€¨€¨€¨€¨€¨€¨€¨€¨€¨€¨€¨€¨€¨€¨€¨€¨€¨€¨€¨€¨€¨€¨€¨€¨€¨€¨€¨€¨€¨€¨€¨€¨€¨€¨€¨€¨€¨€¨€¨€¨€¨€¨€¨€¨€¨€¨€¨€¨€¨€¨€¨€¨€¨€¨€¨€¨€¨€¨€¨€¨€¨€¨€¨€¨€¨€¨€¨€¨€¨€¨€¨€¨€¨€¨€¨€¨€¨€¨€¨€¨€| 133/133 [00:45<00:00,  2.93it/s, classification=1.94715, lr=1.1e-04, recon=0.00068]
Epoch 66/1000:  89%|¨€¨€¨€¨€¨€¨€¨€¨€¨€¨€¨€¨€¨€¨€¨€¨€¨€¨€¨€¨€¨€¨€¨€¨€¨€¨€¨€¨€¨€¨€¨€¨€¨€¨€¨€¨€¨€¨€¨€¨€¨€¨€¨€¨€¨€¨€¨€¨€¨€¨€¨€¨€¨€¨€¨€¨€¨€¨€¨€¨€¨€¨€¨€¨€¨€¨€¨€¨€¨€¨€¨€¨€¨€¨†        | 119/133 [00:40<00:04,  2.93it/s, classification=1.89862, lr=1.1e-04, recon=0.00070]Epoch 66/1000:  89%|¨€¨€¨€¨€¨€¨€¨€¨€¨€¨€¨€¨€¨€¨€¨€¨€¨€¨€¨€¨€¨€¨€¨€¨€¨€¨€¨€¨€¨€¨€¨€¨€¨€¨€¨€¨€¨€¨€¨€¨€¨€¨€¨€¨€¨€¨€¨€¨€¨€¨€¨€¨€¨€¨€¨€¨€¨€¨€¨€¨€¨€¨€¨€¨€¨€¨€¨€¨€¨€¨€¨€¨€¨€¨†        | 119/133 [00:40<00:04,  2.91it/s, classification=1.89862, lr=1.1e-04, recon=0.00070]

[Epoch 1] val_recon=0.024539, val_class=4.933985, val_loss=6.438720
Saved checkpoint_epoch1.pt
[Epoch 2] val_recon=0.008078, val_class=4.848920, val_loss=6.311674
Saved checkpoint_epoch2.pt
[Epoch 3] val_recon=0.007791, val_class=4.813678, val_loss=6.265572
Saved checkpoint_epoch3.pt
[Epoch 4] val_recon=0.006262, val_class=4.733237, val_loss=6.159469
Saved checkpoint_epoch4.pt
[Epoch 5] val_recon=0.004942, val_class=4.684107, val_loss=6.094281
Saved checkpoint_epoch5.pt
[Epoch 6] val_recon=0.004727, val_class=4.666500, val_loss=6.071177
Saved checkpoint_epoch6.pt
[Epoch 7] val_recon=0.004753, val_class=4.621637, val_loss=6.012881
Saved checkpoint_epoch7.pt
[Epoch 8] val_recon=0.004338, val_class=4.578230, val_loss=5.956037
Saved checkpoint_epoch8.pt
[Epoch 9] val_recon=0.004348, val_class=4.544109, val_loss=5.911690
Saved checkpoint_epoch9.pt
[Epoch 10] val_recon=0.004189, val_class=4.525608, val_loss=5.887480
Saved checkpoint_epoch10.pt
[Epoch 11] val_recon=0.003796, val_class=4.487882, val_loss=5.838042
Saved checkpoint_epoch11.pt
[Epoch 12] val_recon=0.003336, val_class=4.484127, val_loss=5.832701
Saved checkpoint_epoch12.pt
[Epoch 13] val_recon=0.003175, val_class=4.486986, val_loss=5.836256
Saved checkpoint_epoch13.pt
[Epoch 14] val_recon=0.003173, val_class=4.427248, val_loss=5.758596
Saved checkpoint_epoch14.pt
[Epoch 15] val_recon=0.002952, val_class=4.464302, val_loss=5.806545
Saved checkpoint_epoch15.pt
[Epoch 16] val_recon=0.002876, val_class=4.439728, val_loss=5.774523
Saved checkpoint_epoch16.pt
[Epoch 17] val_recon=0.002525, val_class=4.472334, val_loss=5.816559
Saved checkpoint_epoch17.pt
[Epoch 18] val_recon=0.002558, val_class=4.401544, val_loss=5.724565
Saved checkpoint_epoch18.pt
[Epoch 19] val_recon=0.002541, val_class=4.450662, val_loss=5.788402
Saved checkpoint_epoch19.pt
[Epoch 20] val_recon=0.002457, val_class=4.358986, val_loss=5.669139
Saved checkpoint_epoch20.pt
[Epoch 21] val_recon=0.002299, val_class=4.418087, val_loss=5.745812
Saved checkpoint_epoch21.pt
[Epoch 22] val_recon=0.002251, val_class=4.406001, val_loss=5.730053
Saved checkpoint_epoch22.pt
[Epoch 23] val_recon=0.002037, val_class=4.471548, val_loss=5.815050
Saved checkpoint_epoch23.pt
[Epoch 24] val_recon=0.001673, val_class=4.432414, val_loss=5.763811
Saved checkpoint_epoch24.pt
[Epoch 25] val_recon=0.001760, val_class=4.413334, val_loss=5.739094
Saved checkpoint_epoch25.pt
[Epoch 26] val_recon=0.002031, val_class=4.402871, val_loss=5.725763
Saved checkpoint_epoch26.pt
[Epoch 27] val_recon=0.001588, val_class=4.316136, val_loss=5.612565
Saved checkpoint_epoch27.pt
[Epoch 28] val_recon=0.001584, val_class=4.557781, val_loss=5.926699
Saved checkpoint_epoch28.pt
[Epoch 29] val_recon=0.001472, val_class=4.535745, val_loss=5.897941
Saved checkpoint_epoch29.pt
[Epoch 30] val_recon=0.001294, val_class=4.553940, val_loss=5.921417
Saved checkpoint_epoch30.pt
[Epoch 31] val_recon=0.001294, val_class=4.634439, val_loss=6.026065
Saved checkpoint_epoch31.pt
[Epoch 32] val_recon=0.001255, val_class=4.512543, val_loss=5.867561
Saved checkpoint_epoch32.pt
[Epoch 33] val_recon=0.001638, val_class=5.132448, val_loss=6.673820
Saved checkpoint_epoch33.pt
[Epoch 34] val_recon=0.001210, val_class=4.417698, val_loss=5.744217
Saved checkpoint_epoch34.pt
[Epoch 35] val_recon=0.001182, val_class=5.083183, val_loss=6.609319
Saved checkpoint_epoch35.pt
[Epoch 36] val_recon=0.001323, val_class=4.949860, val_loss=6.436142
Saved checkpoint_epoch36.pt
[Epoch 37] val_recon=0.001093, val_class=5.085664, val_loss=6.612456
Saved checkpoint_epoch37.pt
[Epoch 38] val_recon=0.001108, val_class=5.074326, val_loss=6.597731
Saved checkpoint_epoch38.pt
[Epoch 39] val_recon=0.001210, val_class=4.534439, val_loss=5.895981
Saved checkpoint_epoch39.pt
[Epoch 40] val_recon=0.001196, val_class=4.917448, val_loss=6.393878
Saved checkpoint_epoch40.pt
[Epoch 41] val_recon=0.001196, val_class=5.282641, val_loss=6.868630
Saved checkpoint_epoch41.pt
[Epoch 42] val_recon=0.001150, val_class=4.897454, val_loss=6.367840
Saved checkpoint_epoch42.pt
[Epoch 43] val_recon=0.000963, val_class=5.074108, val_loss=6.597303
Saved checkpoint_epoch43.pt
[Epoch 44] val_recon=0.001081, val_class=5.514772, val_loss=7.170285
Saved checkpoint_epoch44.pt
[Epoch 45] val_recon=0.001065, val_class=6.072128, val_loss=7.894832
Saved checkpoint_epoch45.pt
[Epoch 46] val_recon=0.000988, val_class=5.722220, val_loss=7.439874
Saved checkpoint_epoch46.pt
[Epoch 47] val_recon=0.001066, val_class=5.252584, val_loss=6.829425
Saved checkpoint_epoch47.pt
[Epoch 48] val_recon=0.001153, val_class=5.406255, val_loss=7.029284
Saved checkpoint_epoch48.pt
[Epoch 49] val_recon=0.001000, val_class=5.563760, val_loss=7.233888
Saved checkpoint_epoch49.pt
[Epoch 50] val_recon=0.001086, val_class=5.696260, val_loss=7.406224
Saved checkpoint_epoch50.pt
[Epoch 51] val_recon=0.000973, val_class=5.530417, val_loss=7.190515
Saved checkpoint_epoch51.pt
[Epoch 52] val_recon=0.001104, val_class=5.830920, val_loss=7.581300
Saved checkpoint_epoch52.pt
[Epoch 53] val_recon=0.001035, val_class=6.063048, val_loss=7.882997
Saved checkpoint_epoch53.pt
[Epoch 54] val_recon=0.001137, val_class=5.592117, val_loss=7.270889
Saved checkpoint_epoch54.pt
[Epoch 55] val_recon=0.001020, val_class=6.240938, val_loss=8.114239
Saved checkpoint_epoch55.pt
[Epoch 56] val_recon=0.001062, val_class=6.574105, val_loss=8.547398
Saved checkpoint_epoch56.pt
[Epoch 57] val_recon=0.001076, val_class=6.346373, val_loss=8.251361
Saved checkpoint_epoch57.pt
[Epoch 58] val_recon=0.001089, val_class=6.553437, val_loss=8.520557
Saved checkpoint_epoch58.pt
[Epoch 59] val_recon=0.001029, val_class=6.401774, val_loss=8.323335
Saved checkpoint_epoch59.pt
[Epoch 60] val_recon=0.000963, val_class=6.237034, val_loss=8.109108
Saved checkpoint_epoch60.pt
[Epoch 61] val_recon=0.001014, val_class=6.353333, val_loss=8.260347
Saved checkpoint_epoch61.pt
[Epoch 62] val_recon=0.001123, val_class=7.023399, val_loss=9.131542
Saved checkpoint_epoch62.pt
[Epoch 63] val_recon=0.001027, val_class=6.400411, val_loss=8.321561
Saved checkpoint_epoch63.pt
[Epoch 64] val_recon=0.000987, val_class=6.637429, val_loss=8.629645
Saved checkpoint_epoch64.pt
[Epoch 65] val_recon=0.001105, val_class=7.028421, val_loss=9.138052
Saved checkpoint_epoch65.pt
